2023-10-11 09:11:22,284 [INFO] Activator:176 - 


2023-10-11 09:11:22,284 [INFO] Activator:177 - !SESSION log4j initialized
2023-10-11 09:11:25,432 [INFO] LogOutputStream:77 - [STDOUT_REDIRECT] 
2023-10-11 09:11:26,124 [ERROR] LogOutputStream:75 - [STDERR_REDIRECT] 10?? 11, 2023 9:11:26 ???? org.glassfish.grizzly.http.server.NetworkListener start
2023-10-11 09:11:26,124 [ERROR] LogOutputStream:75 - [STDERR_REDIRECT] ????: Started listener bound to [localhost:1595]
2023-10-11 09:11:26,124 [ERROR] LogOutputStream:75 - [STDERR_REDIRECT] 
2023-10-11 09:11:26,124 [ERROR] LogOutputStream:75 - [STDERR_REDIRECT] 10?? 11, 2023 9:11:26 ???? org.glassfish.grizzly.http.server.HttpServer start
2023-10-11 09:11:26,124 [ERROR] LogOutputStream:75 - [STDERR_REDIRECT] ????: [HttpServer] Started.
2023-10-11 09:11:26,124 [ERROR] LogOutputStream:75 - [STDERR_REDIRECT] 
2023-10-11 10:42:29,020 [ERROR] LogOutputStream:75 - [STDERR_REDIRECT] 
2023-10-11 10:42:35,546 [INFO] Activator:176 - 


2023-10-11 10:42:35,546 [INFO] Activator:177 - !SESSION log4j initialized
2023-10-11 10:42:37,033 [INFO] LogOutputStream:77 - [STDOUT_REDIRECT] 
2023-10-11 10:42:40,510 [ERROR] LogOutputStream:75 - [STDERR_REDIRECT] 10?? 11, 2023 10:42:40 ???? org.glassfish.grizzly.http.server.NetworkListener start
2023-10-11 10:42:40,510 [ERROR] LogOutputStream:75 - [STDERR_REDIRECT] ????: Started listener bound to [localhost:1598]
2023-10-11 10:42:40,510 [ERROR] LogOutputStream:75 - [STDERR_REDIRECT] 
2023-10-11 10:42:40,510 [ERROR] LogOutputStream:75 - [STDERR_REDIRECT] 10?? 11, 2023 10:42:40 ???? org.glassfish.grizzly.http.server.HttpServer start
2023-10-11 10:42:40,510 [ERROR] LogOutputStream:75 - [STDERR_REDIRECT] ????: [HttpServer] Started.
2023-10-11 10:42:40,510 [ERROR] LogOutputStream:75 - [STDERR_REDIRECT] 
2023-10-11 10:43:14,169 [INFO] ApplicationProperties:184 - Using Application install path: C:\ST\STM32CubeIDE_1.12.0\STM32CubeIDE\plugins\com.st.stm32cube.common.mx_6.8.0.202302231600
2023-10-11 10:43:14,169 [INFO] DbMcusXml:78 - Set database path to: C:\ST\STM32CubeIDE_1.12.0\STM32CubeIDE\plugins\com.st.stm32cube.common.mx_6.8.0.202302231600\\db\/mcu/
2023-10-11 10:43:14,169 [INFO] ApiDb:274 - Set plugin database path to: C:\ST\STM32CubeIDE_1.12.0\STM32CubeIDE\plugins\com.st.stm32cube.common.mx_6.8.0.202302231600\\db\/plugins/boardmanager/
2023-10-11 10:43:14,169 [WARN] ApiDb:259 - Overriding images path with different value:  => C:\ST\STM32CubeIDE_1.12.0\STM32CubeIDE\plugins\com.st.stm32cube.common.mx_6.8.0.202302231600\\db\/plugins/mcufinder/images/
2023-10-11 10:43:14,184 [INFO] ApiDb:250 - Set database path to: C:\Users\USER\.stmcufinder\plugins\mcufinder//mcu/
2023-10-11 10:43:14,184 [INFO] DbMcusAds:125 - Set database path to: C:\Users\USER\.stmcufinder\plugins\mcufinder//mcu/
2023-10-11 10:43:14,231 [INFO] CrossReferenceDbSqlite:203 - Set database path to: C:\Users\USER\.stmcufinder\plugins\mcufinder//mcu/cs/
2023-10-11 10:43:14,278 [INFO] RulesReader:64 - Compatibility file has been processed (293 Rules)
2023-10-11 10:43:14,309 [INFO] DbMcusXml:78 - Set database path to: C:\ST\STM32CubeIDE_1.12.0\STM32CubeIDE\plugins\com.st.stm32cube.common.mx_6.8.0.202302231600\\db\/mcu/
2023-10-11 10:43:14,309 [INFO] ApiDb:274 - Set plugin database path to: C:\ST\STM32CubeIDE_1.12.0\STM32CubeIDE\plugins\com.st.stm32cube.common.mx_6.8.0.202302231600\\db\/plugins/boardmanager/
2023-10-11 10:43:14,309 [INFO] ApiDb:261 - Set plugin images path to: C:\ST\STM32CubeIDE_1.12.0\STM32CubeIDE\plugins\com.st.stm32cube.common.mx_6.8.0.202302231600\\db\/plugins/mcufinder/images/
2023-10-11 10:43:14,309 [WARN] DbFile:41 - Overriding database path with different value: C:\Users\USER\.stmcufinder\plugins\mcufinder/ => C:\Users\USER\.stmcufinder\plugins\mcufinder
2023-10-11 10:43:14,309 [INFO] ApiDb:250 - Set database path to: C:\Users\USER\.stmcufinder\plugins\mcufinder//mcu/
2023-10-11 10:43:14,309 [WARN] DbFile:41 - Overriding database path with different value: C:\Users\USER\.stmcufinder\plugins\mcufinder/ => C:\Users\USER\.stmcufinder\plugins\mcufinder
2023-10-11 10:43:14,309 [INFO] DbMcusAds:125 - Set database path to: C:\Users\USER\.stmcufinder\plugins\mcufinder//mcu/
2023-10-11 10:43:14,309 [WARN] DbFile:41 - Overriding database path with different value: C:\Users\USER\.stmcufinder\plugins\mcufinder/ => C:\Users\USER\.stmcufinder\plugins\mcufinder
2023-10-11 10:43:14,309 [WARN] DbFile:41 - Overriding database path with different value: C:\Users\USER\.stmcufinder\plugins\mcufinder/ => C:\Users\USER\.stmcufinder\plugins\mcufinder
2023-10-11 10:43:14,309 [INFO] CrossReferenceDbSqlite:203 - Set database path to: C:\Users\USER\.stmcufinder\plugins\mcufinder//mcu/cs/
2023-10-11 10:43:14,356 [INFO] MainPanel:253 - HeapMemory: 376438784
2023-10-11 10:43:14,403 [INFO] DbMcusXml:78 - Set database path to: C:\ST\STM32CubeIDE_1.12.0\STM32CubeIDE\plugins\com.st.stm32cube.common.mx_6.8.0.202302231600\\db\/mcu/
2023-10-11 10:43:14,403 [INFO] ApiDb:274 - Set plugin database path to: C:\ST\STM32CubeIDE_1.12.0\STM32CubeIDE\plugins\com.st.stm32cube.common.mx_6.8.0.202302231600\\db\/plugins/boardmanager/
2023-10-11 10:43:14,403 [INFO] ApiDb:261 - Set plugin images path to: C:\ST\STM32CubeIDE_1.12.0\STM32CubeIDE\plugins\com.st.stm32cube.common.mx_6.8.0.202302231600\\db\/plugins/mcufinder/images/
2023-10-11 10:43:14,403 [WARN] DbFile:41 - Overriding database path with different value: C:\Users\USER\.stmcufinder\plugins\mcufinder/ => C:\Users\USER\.stmcufinder\plugins\mcufinder
2023-10-11 10:43:14,403 [INFO] ApiDb:250 - Set database path to: C:\Users\USER\.stmcufinder\plugins\mcufinder//mcu/
2023-10-11 10:43:14,403 [WARN] DbFile:41 - Overriding database path with different value: C:\Users\USER\.stmcufinder\plugins\mcufinder/ => C:\Users\USER\.stmcufinder\plugins\mcufinder
2023-10-11 10:43:14,403 [INFO] DbMcusAds:125 - Set database path to: C:\Users\USER\.stmcufinder\plugins\mcufinder//mcu/
2023-10-11 10:43:14,403 [WARN] DbFile:41 - Overriding database path with different value: C:\Users\USER\.stmcufinder\plugins\mcufinder/ => C:\Users\USER\.stmcufinder\plugins\mcufinder
2023-10-11 10:43:14,403 [WARN] DbFile:41 - Overriding database path with different value: C:\Users\USER\.stmcufinder\plugins\mcufinder/ => C:\Users\USER\.stmcufinder\plugins\mcufinder
2023-10-11 10:43:14,403 [INFO] CrossReferenceDbSqlite:203 - Set database path to: C:\Users\USER\.stmcufinder\plugins\mcufinder//mcu/cs/
2023-10-11 10:43:14,419 [INFO] ApplicationProperties:184 - Using Application install path: C:\ST\STM32CubeIDE_1.12.0\STM32CubeIDE\plugins\com.st.stm32cube.common.mx_6.8.0.202302231600
2023-10-11 10:43:14,419 [INFO] PluginManage:196 - Search for loadable plugins [exclusion list=, ]
2023-10-11 10:43:14,419 [INFO] PluginManage:310 - Check plugin analytics
2023-10-11 10:43:14,497 [INFO] AnalyticsPlugin:253 - Accepted Software Licenses: 
2023-10-11 10:43:14,497 [INFO] AnalyticsPlugin:255 - Accepted CMSIS Pack Licenses: 
2023-10-11 10:43:14,497 [INFO] AnalyticsPlugin:257 - Accepted Firmware Licenses: FW.F4.1.27.0
2023-10-11 10:43:14,512 [INFO] PluginManage:359 - Loaded plugin analytics (category:tool,tabindex:-1)
2023-10-11 10:43:14,512 [INFO] PluginManage:310 - Check plugin cadmodel
2023-10-11 10:43:14,512 [INFO] CADModel:105 - Init CAD model plugin
2023-10-11 10:43:14,512 [INFO] PluginManage:359 - Loaded plugin cadmodel (category:power,tabindex:5)
2023-10-11 10:43:14,512 [INFO] PluginManage:310 - Check plugin clock
2023-10-11 10:43:14,528 [INFO] PluginManage:359 - Loaded plugin clock (category:base,tabindex:2)
2023-10-11 10:43:14,528 [INFO] PluginManage:310 - Check plugin ddr
2023-10-11 10:43:14,528 [INFO] PluginManage:359 - Loaded plugin ddr (category:tool,tabindex:6)
2023-10-11 10:43:14,528 [INFO] PluginManage:310 - Check plugin filemanager
2023-10-11 10:43:14,606 [INFO] PluginManage:359 - Loaded plugin filemanager (category:base,tabindex:10)
2023-10-11 10:43:14,606 [INFO] PluginManage:310 - Check plugin ipmanager
2023-10-11 10:43:14,622 [INFO] PluginManage:359 - Loaded plugin ipmanager (category:base,tabindex:5)
2023-10-11 10:43:14,622 [INFO] PluginManage:310 - Check plugin lpbam
2023-10-11 10:43:14,622 [INFO] PluginManage:359 - Loaded plugin lpbam (category:base,tabindex:0)
2023-10-11 10:43:14,622 [INFO] PluginManage:310 - Check plugin pinoutandconfiguration
2023-10-11 10:43:14,622 [INFO] PluginManage:359 - Loaded plugin pinoutandconfiguration (category:base,tabindex:1)
2023-10-11 10:43:14,622 [INFO] PluginManage:310 - Check plugin pinoutconfig
2023-10-11 10:43:14,669 [WARN] SupportedApi:132 - Cannot load RTOS API schema: s4s-elt-must-match.1: The content of 'definitions' must match (annotation?, (simpleType | complexType)?, (unique | key | keyref)*)). A problem was found starting at: attribute.
2023-10-11 10:43:14,747 [INFO] PluginManage:359 - Loaded plugin pinoutconfig (category:base,tabindex:0)
2023-10-11 10:43:14,747 [INFO] PluginManage:310 - Check plugin power
2023-10-11 10:43:14,747 [INFO] PluginManage:359 - Loaded plugin power (category:power,tabindex:4)
2023-10-11 10:43:14,747 [INFO] PluginManage:310 - Check plugin projectmanager
2023-10-11 10:43:14,762 [INFO] PluginManage:359 - Loaded plugin projectmanager (category:projectmanager,tabindex:3)
2023-10-11 10:43:14,762 [INFO] PluginManage:310 - Check plugin thirdparty
2023-10-11 10:43:14,825 [INFO] PluginManage:359 - Loaded plugin thirdparty (category:base,tabindex:-1)
2023-10-11 10:43:14,825 [WARN] IntegrityCheckThread:84 - waiting for thirdparty lock release [integrity check]
2023-10-11 10:43:14,825 [INFO] PluginManage:310 - Check plugin tools
2023-10-11 10:43:14,825 [INFO] IntegrityCheckThread:86 - entering critical section [integrity check]
2023-10-11 10:43:14,825 [INFO] ThirdPartyUpdaterWithRetryManager:70 - Updater plugin not ready yet. [1/15]
2023-10-11 10:43:14,825 [INFO] PluginManage:359 - Loaded plugin tools (category:base,tabindex:7)
2023-10-11 10:43:14,825 [INFO] PluginManage:310 - Check plugin tutovideos
2023-10-11 10:43:14,950 [INFO] PluginManage:359 - Loaded plugin tutovideos (category:base,tabindex:-1)
2023-10-11 10:43:14,950 [INFO] PluginManage:310 - Check plugin updater
2023-10-11 10:43:14,966 [INFO] PluginManage:359 - Loaded plugin updater (category:base,tabindex:12)
2023-10-11 10:43:14,966 [INFO] PluginManage:283 - PluginManage : Loaded plugins [15]
2023-10-11 10:43:15,091 [INFO] PinOutPanel:1499 - setPackage(No Configuration,No Configuration)
2023-10-11 10:43:15,122 [INFO] CADModel:165 - CPN selected for project level
2023-10-11 10:43:15,122 [INFO] CADModel:114 - Register for checkConnection events
2023-10-11 10:43:15,137 [INFO] IPUIPlugin:80 - create IPUIPlugin
2023-10-11 10:43:15,137 [INFO] PluginManager:220 - loadIPPluginJar : add adc
2023-10-11 10:43:15,137 [INFO] IPUIPlugin:80 - create IPUIPlugin
2023-10-11 10:43:15,137 [INFO] PluginManager:220 - loadIPPluginJar : add aes
2023-10-11 10:43:15,137 [INFO] IPUIPlugin:80 - create IPUIPlugin
2023-10-11 10:43:15,137 [INFO] PluginManager:220 - loadIPPluginJar : add can
2023-10-11 10:43:15,137 [INFO] IPUIPlugin:80 - create IPUIPlugin
2023-10-11 10:43:15,137 [INFO] PluginManager:220 - loadIPPluginJar : add comp
2023-10-11 10:43:15,137 [INFO] IPUIPlugin:80 - create IPUIPlugin
2023-10-11 10:43:15,137 [INFO] PluginManager:220 - loadIPPluginJar : add cryp
2023-10-11 10:43:15,137 [INFO] IPUIPlugin:80 - create IPUIPlugin
2023-10-11 10:43:15,137 [INFO] PluginManager:220 - loadIPPluginJar : add dfsdm
2023-10-11 10:43:15,153 [INFO] IPUIPlugin:80 - create IPUIPlugin
2023-10-11 10:43:15,153 [INFO] PluginManager:220 - loadIPPluginJar : add dma
2023-10-11 10:43:15,153 [INFO] IPUIPlugin:80 - create IPUIPlugin
2023-10-11 10:43:15,153 [INFO] PluginManager:220 - loadIPPluginJar : add dma3
2023-10-11 10:43:15,153 [INFO] IPUIPlugin:80 - create IPUIPlugin
2023-10-11 10:43:15,153 [INFO] PluginManager:220 - loadIPPluginJar : add fatfs
2023-10-11 10:43:15,153 [INFO] IPUIPlugin:80 - create IPUIPlugin
2023-10-11 10:43:15,153 [INFO] PluginManager:220 - loadIPPluginJar : add fmc
2023-10-11 10:43:15,153 [INFO] IPUIPlugin:80 - create IPUIPlugin
2023-10-11 10:43:15,153 [INFO] PluginManager:220 - loadIPPluginJar : add freertos
2023-10-11 10:43:15,153 [INFO] IPUIPlugin:80 - create IPUIPlugin
2023-10-11 10:43:15,153 [INFO] PluginManager:220 - loadIPPluginJar : add genericplugin
2023-10-11 10:43:15,153 [INFO] IPUIPlugin:80 - create IPUIPlugin
2023-10-11 10:43:15,153 [INFO] PluginManager:220 - loadIPPluginJar : add gfxmmu
2023-10-11 10:43:15,153 [INFO] IPUIPlugin:80 - create IPUIPlugin
2023-10-11 10:43:15,153 [INFO] PluginManager:220 - loadIPPluginJar : add gic
2023-10-11 10:43:15,153 [INFO] IPUIPlugin:80 - create IPUIPlugin
2023-10-11 10:43:15,153 [INFO] PluginManager:220 - loadIPPluginJar : add gpio
2023-10-11 10:43:15,169 [INFO] IPUIPlugin:80 - create IPUIPlugin
2023-10-11 10:43:15,169 [INFO] PluginManager:220 - loadIPPluginJar : add gtzc
2023-10-11 10:43:15,169 [INFO] IPUIPlugin:80 - create IPUIPlugin
2023-10-11 10:43:15,169 [INFO] PluginManager:220 - loadIPPluginJar : add hash
2023-10-11 10:43:15,169 [INFO] IPUIPlugin:80 - create IPUIPlugin
2023-10-11 10:43:15,169 [INFO] PluginManager:220 - loadIPPluginJar : add i2c
2023-10-11 10:43:15,169 [INFO] IPUIPlugin:80 - create IPUIPlugin
2023-10-11 10:43:15,169 [INFO] PluginManager:220 - loadIPPluginJar : add i2s
2023-10-11 10:43:15,169 [INFO] IPUIPlugin:80 - create IPUIPlugin
2023-10-11 10:43:15,169 [INFO] PluginManager:220 - loadIPPluginJar : add i3c
2023-10-11 10:43:15,169 [INFO] IPUIPlugin:80 - create IPUIPlugin
2023-10-11 10:43:15,169 [INFO] PluginManager:220 - loadIPPluginJar : add ipddr
2023-10-11 10:43:15,169 [INFO] IPUIPlugin:80 - create IPUIPlugin
2023-10-11 10:43:15,169 [INFO] PluginManager:220 - loadIPPluginJar : add linkedlist
2023-10-11 10:43:15,169 [INFO] IPUIPlugin:80 - create IPUIPlugin
2023-10-11 10:43:15,169 [INFO] PluginManager:220 - loadIPPluginJar : add lorawan
2023-10-11 10:43:15,169 [INFO] IPUIPlugin:80 - create IPUIPlugin
2023-10-11 10:43:15,169 [INFO] PluginManager:220 - loadIPPluginJar : add ltdc
2023-10-11 10:43:15,184 [INFO] IPUIPlugin:80 - create IPUIPlugin
2023-10-11 10:43:15,184 [INFO] PluginManager:220 - loadIPPluginJar : add mdma
2023-10-11 10:43:15,184 [INFO] IPUIPlugin:80 - create IPUIPlugin
2023-10-11 10:43:15,184 [INFO] PluginManager:220 - loadIPPluginJar : add nvic
2023-10-11 10:43:15,184 [INFO] IPUIPlugin:80 - create IPUIPlugin
2023-10-11 10:43:15,184 [INFO] PluginManager:220 - loadIPPluginJar : add opamp
2023-10-11 10:43:15,184 [INFO] IPUIPlugin:80 - create IPUIPlugin
2023-10-11 10:43:15,184 [INFO] PluginManager:220 - loadIPPluginJar : add openamp
2023-10-11 10:43:15,184 [INFO] IPUIPlugin:80 - create IPUIPlugin
2023-10-11 10:43:15,184 [INFO] PluginManager:220 - loadIPPluginJar : add pdm2pcm
2023-10-11 10:43:15,184 [INFO] IPUIPlugin:80 - create IPUIPlugin
2023-10-11 10:43:15,184 [INFO] PluginManager:220 - loadIPPluginJar : add plateformsettings
2023-10-11 10:43:15,184 [INFO] IPUIPlugin:80 - create IPUIPlugin
2023-10-11 10:43:15,184 [INFO] PluginManager:220 - loadIPPluginJar : add quadspi
2023-10-11 10:43:15,184 [INFO] IPUIPlugin:80 - create IPUIPlugin
2023-10-11 10:43:15,184 [INFO] PluginManager:220 - loadIPPluginJar : add resmgrutility
2023-10-11 10:43:15,200 [INFO] IPUIPlugin:80 - create IPUIPlugin
2023-10-11 10:43:15,200 [INFO] PluginManager:220 - loadIPPluginJar : add sai
2023-10-11 10:43:15,200 [INFO] IPUIPlugin:80 - create IPUIPlugin
2023-10-11 10:43:15,200 [INFO] PluginManager:220 - loadIPPluginJar : add spi
2023-10-11 10:43:15,200 [INFO] IPUIPlugin:80 - create IPUIPlugin
2023-10-11 10:43:15,200 [INFO] PluginManager:220 - loadIPPluginJar : add stm32_wpan
2023-10-11 10:43:15,200 [INFO] IPUIPlugin:80 - create IPUIPlugin
2023-10-11 10:43:15,200 [INFO] PluginManager:220 - loadIPPluginJar : add tim
2023-10-11 10:43:15,200 [INFO] IPUIPlugin:80 - create IPUIPlugin
2023-10-11 10:43:15,200 [INFO] PluginManager:220 - loadIPPluginJar : add touchsensing
2023-10-11 10:43:15,200 [INFO] IPUIPlugin:80 - create IPUIPlugin
2023-10-11 10:43:15,200 [INFO] PluginManager:220 - loadIPPluginJar : add tracer_emb
2023-10-11 10:43:15,200 [INFO] IPUIPlugin:80 - create IPUIPlugin
2023-10-11 10:43:15,200 [INFO] PluginManager:220 - loadIPPluginJar : add ts
2023-10-11 10:43:15,200 [INFO] IPUIPlugin:80 - create IPUIPlugin
2023-10-11 10:43:15,200 [INFO] PluginManager:220 - loadIPPluginJar : add tsc
2023-10-11 10:43:15,200 [INFO] IPUIPlugin:80 - create IPUIPlugin
2023-10-11 10:43:15,200 [INFO] PluginManager:220 - loadIPPluginJar : add ucpd
2023-10-11 10:43:15,200 [INFO] IPUIPlugin:80 - create IPUIPlugin
2023-10-11 10:43:15,200 [INFO] PluginManager:220 - loadIPPluginJar : add usart
2023-10-11 10:43:15,200 [INFO] IPUIPlugin:80 - create IPUIPlugin
2023-10-11 10:43:15,200 [INFO] PluginManager:220 - loadIPPluginJar : add usbx
2023-10-11 10:43:15,310 [INFO] CADModel:165 - CPN selected for project level
2023-10-11 10:43:15,310 [INFO] CADModel:114 - Register for checkConnection events
2023-10-11 10:43:15,310 [FATAL] Updater:308 - Updater called before beeing initialized
2023-10-11 10:43:15,310 [ERROR] CADModel:125 - Updater not yet initialized, retry later 
2023-10-11 10:43:15,388 [INFO] CADModel:165 - CPN selected for project level
2023-10-11 10:43:15,388 [INFO] CADModel:114 - Register for checkConnection events
2023-10-11 10:43:15,388 [FATAL] Updater:308 - Updater called before beeing initialized
2023-10-11 10:43:15,388 [ERROR] CADModel:125 - Updater not yet initialized, retry later 
2023-10-11 10:43:15,388 [FATAL] Updater:308 - Updater called before beeing initialized
2023-10-11 10:43:15,451 [FATAL] Updater:308 - Updater called before beeing initialized
2023-10-11 10:43:15,467 [INFO] DbMcusAds:53 - JSON generation date=Tue Mar 07 17:50:55 KST 2023 (1678179055114)
2023-10-11 10:43:15,467 [FATAL] Updater:308 - Updater called before beeing initialized
2023-10-11 10:43:15,482 [WARN] DetailPanel:346 - Failed to get advertising image, set to default
2023-10-11 10:43:15,545 [FATAL] Updater:308 - Updater called before beeing initialized
2023-10-11 10:43:15,545 [FATAL] Updater:308 - Updater called before beeing initialized
2023-10-11 10:43:15,545 [FATAL] Updater:308 - Updater called before beeing initialized
2023-10-11 10:43:15,545 [WARN] DetailPanel:346 - Failed to get advertising image, set to default
2023-10-11 10:43:15,545 [FATAL] Updater:308 - Updater called before beeing initialized
2023-10-11 10:43:15,576 [ERROR] Updater:1120 - MainUpdater not yet initialized. External WinMGr cannot be set.
2023-10-11 10:43:15,576 [INFO] Updater:1056 - Updater Version found : 6.8.0
2023-10-11 10:43:15,592 [INFO] ApplicationProperties:184 - Using Application install path: C:\ST\STM32CubeIDE_1.12.0\STM32CubeIDE\plugins\com.st.stm32cube.common.mx_6.8.0.202302231600
2023-10-11 10:43:15,670 [INFO] MainUpdater:2854 - connection check result : 10
2023-10-11 10:43:15,670 [INFO] MainUpdater:283 - Updater Check For Update Now.
2023-10-11 10:43:15,670 [INFO] MicroXplorer:498 - Change Database Version : DB.6.0.80
2023-10-11 10:43:15,810 [INFO] CheckServerUpdateThread:120 - End of CheckServer Thread
2023-10-11 10:43:15,873 [INFO] MainUpdater:2854 - connection check result : 10
2023-10-11 10:43:15,873 [INFO] MainUpdater:2854 - connection check result : 10
2023-10-11 10:43:15,888 [INFO] MicroXplorer:468 - Change Database Path : 
2023-10-11 10:43:15,888 [INFO] MicroXplorer:498 - Change Database Version : DB.6.0.80
2023-10-11 10:43:15,888 [WARN] ThirdParty:871 - waiting for thirdparty lock release [close project]
2023-10-11 10:43:17,905 [WARN] PackLoader:240 - Cannot read IP mode file for STMicroelectronics.X-CUBE-SMBUS.2.1.0
2023-10-11 10:43:17,936 [WARN] PackLoader:240 - Cannot read IP mode file for STMicroelectronics.X-CUBE-AZRTOS-F7.1.1.0
2023-10-11 10:43:17,936 [WARN] PackLoader:240 - Cannot read IP mode file for STMicroelectronics.FP-SNS-MOTENV1.4.3.2
2023-10-11 10:43:17,952 [WARN] PackLoader:240 - Cannot read IP mode file for STMicroelectronics.FP-SNS-FLIGHT1.5.0.2
2023-10-11 10:43:17,952 [WARN] PackLoader:240 - Cannot read IP mode file for STMicroelectronics.X-CUBE-DISPLAY.3.0.0
2023-10-11 10:43:17,967 [WARN] PackLoader:240 - Cannot read IP mode file for STMicroelectronics.X-CUBE-BLE1.7.0.0
2023-10-11 10:43:17,967 [WARN] PackLoader:240 - Cannot read IP mode file for emotas.I-CUBE-CANOPEN.1.3.0
2023-10-11 10:43:17,967 [WARN] PackLoader:240 - Cannot read IP mode file for STMicroelectronics.X-CUBE-TOUCHGFX.4.22.1
2023-10-11 10:43:17,983 [WARN] PackLoader:240 - Cannot read IP mode file for STMicroelectronics.FP-SNS-SMARTAG2.1.2.0
2023-10-11 10:43:17,983 [INFO] LogOutputStream:77 - [STDOUT_REDIRECT] 1 : Invalid condition id : UX_CORESTACK_Condition cause : null
2023-10-11 10:43:17,983 [INFO] LogOutputStream:77 - [STDOUT_REDIRECT] 1 : Invalid condition id : UX_CORESTACK_Condition cause : null
2023-10-11 10:43:17,983 [INFO] LogOutputStream:77 - [STDOUT_REDIRECT] 1 : Invalid condition id : UX_CORESTACK_Condition cause : null
2023-10-11 10:43:17,983 [INFO] LogOutputStream:77 - [STDOUT_REDIRECT] 1 : Invalid condition id : UX_CORESTACK_Condition cause : null
2023-10-11 10:43:17,983 [INFO] LogOutputStream:77 - [STDOUT_REDIRECT] 1 : Invalid condition id : UX_CORESTACK_Condition cause : null
2023-10-11 10:43:17,983 [WARN] PackLoader:240 - Cannot read IP mode file for STMicroelectronics.X-CUBE-AZRTOS-WL.2.0.0
2023-10-11 10:43:17,998 [WARN] PackLoader:240 - Cannot read IP mode file for WES.I-CUBE-Cesium.1.3.0
2023-10-11 10:43:17,998 [WARN] PackLoader:240 - Cannot read IP mode file for STMicroelectronics.X-CUBE-BLE2.3.3.0
2023-10-11 10:43:18,014 [WARN] PackLoader:240 - Cannot read IP mode file for STMicroelectronics.X-CUBE-ALGOBUILD.1.3.0
2023-10-11 10:43:18,014 [WARN] PackLoader:240 - Cannot read IP mode file for STMicroelectronics.X-CUBE-AZRTOS-G0.1.1.0
2023-10-11 10:43:18,030 [WARN] PackLoader:240 - Cannot read IP mode file for STMicroelectronics.X-CUBE-NFC4.3.0.0
2023-10-11 10:43:18,030 [WARN] PackLoader:240 - Cannot read IP mode file for STMicroelectronics.FP-ATR-SIGFOX1.3.2.0
2023-10-11 10:43:18,045 [WARN] PackLoader:240 - Cannot read IP mode file for SEGGER.I-CUBE-embOS.1.3.1
2023-10-11 10:43:18,077 [WARN] PackLoader:240 - Cannot read IP mode file for STMicroelectronics.X-CUBE-GNSS1.6.0.0
2023-10-11 10:43:18,092 [WARN] PackLoader:240 - Cannot read IP mode file for STMicroelectronics.X-CUBE-AZRTOS-F4.1.1.0
2023-10-11 10:43:18,092 [WARN] PackLoader:240 - Cannot read IP mode file for wolfSSL.I-CUBE-wolfSSL.5.6.3
2023-10-11 10:43:18,108 [WARN] PackLoader:240 - Cannot read IP mode file for STMicroelectronics.X-CUBE-AZRTOS-L5.2.0.0
2023-10-11 10:43:18,139 [WARN] PackLoader:240 - Cannot read IP mode file for STMicroelectronics.X-CUBE-MEMS1.9.6.0
2023-10-11 10:43:18,202 [WARN] PackLoader:240 - Cannot read IP mode file for ITTIA_DB.I-CUBE-ITTIADB.8.8.0
2023-10-11 10:43:18,217 [WARN] PackLoader:240 - Cannot read IP mode file for STMicroelectronics.X-CUBE-BLEMGR.2.0.0
2023-10-11 10:43:18,217 [WARN] ConditionMgr:438 - getConditionDescription Invalid condition id : UX DEVICE CLASS RTOS Condition cause : null
2023-10-11 10:43:18,217 [WARN] ConditionMgr:438 - getConditionDescription Invalid condition id : UX DEVICE CLASS RTOS Condition cause : null
2023-10-11 10:43:18,233 [WARN] PackLoader:240 - Cannot read IP mode file for STMicroelectronics.X-CUBE-AZRTOS-H7.3.1.0
2023-10-11 10:43:18,233 [WARN] ConditionMgr:1039 - genDependencies : Invalid condition id : UX DEVICE CLASS RTOS Condition cause : null
2023-10-11 10:43:18,233 [WARN] ConditionMgr:1039 - genDependencies : Invalid condition id : UX DEVICE CLASS RTOS Condition cause : null
2023-10-11 10:43:18,233 [WARN] ConditionMgr:1039 - genDependencies : Invalid condition id : UX DEVICE CLASS RTOS Condition cause : null
2023-10-11 10:43:18,233 [WARN] ConditionMgr:1039 - genDependencies : Invalid condition id : UX DEVICE CLASS RTOS Condition cause : null
2023-10-11 10:43:18,233 [WARN] ConditionMgr:1039 - genDependencies : Invalid condition id : UX DEVICE CLASS RTOS Condition cause : null
2023-10-11 10:43:18,233 [WARN] PackLoader:240 - Cannot read IP mode file for STMicroelectronics.X-CUBE-NFC7.1.0.1
2023-10-11 10:43:18,248 [WARN] PackLoader:240 - Cannot read IP mode file for STMicroelectronics.X-CUBE-NFC6.3.0.0
2023-10-11 10:43:18,248 [WARN] PackLoader:240 - Cannot read IP mode file for STMicroelectronics.X-CUBE-EEPRMA1.4.1.0
2023-10-11 10:43:18,264 [WARN] PackLoader:240 - Cannot read IP mode file for STMicroelectronics.X-CUBE-AI.8.1.0
2023-10-11 10:43:18,264 [WARN] ConditionMgr:438 - getConditionDescription Invalid condition id : LAN8742 Phy interface Condition cause : null
2023-10-11 10:43:18,264 [WARN] PackLoader:240 - Cannot read IP mode file for STMicroelectronics.X-CUBE-AZRTOS-L4.2.0.0
2023-10-11 10:43:18,264 [WARN] ConditionMgr:1039 - genDependencies : Invalid condition id : LAN8742 Phy interface Condition cause : null
2023-10-11 10:43:18,264 [WARN] ConditionMgr:1039 - genDependencies : Invalid condition id : LAN8742 Phy interface Condition cause : null
2023-10-11 10:43:18,264 [WARN] ConditionMgr:1039 - genDependencies : Invalid condition id : LAN8742 Phy interface Condition cause : null
2023-10-11 10:43:18,280 [WARN] PackLoader:240 - Cannot read IP mode file for STMicroelectronics.X-CUBE-SFXS2LP1.4.0.0
2023-10-11 10:43:18,280 [WARN] PackLoader:240 - Cannot read IP mode file for STMicroelectronics.X-CUBE-ISPU.1.1.0
2023-10-11 10:43:18,295 [WARN] ConditionMgr:438 - getConditionDescription Invalid condition id : UX DEVICE CLASS RTOS Condition cause : null
2023-10-11 10:43:18,295 [WARN] ConditionMgr:438 - getConditionDescription Invalid condition id : UX DEVICE CLASS RTOS Condition cause : null
2023-10-11 10:43:18,295 [WARN] PackLoader:240 - Cannot read IP mode file for STMicroelectronics.X-CUBE-AZRTOS-WB.2.0.0
2023-10-11 10:43:18,295 [WARN] ConditionMgr:1039 - genDependencies : Invalid condition id : UX DEVICE CLASS RTOS Condition cause : null
2023-10-11 10:43:18,295 [WARN] ConditionMgr:1039 - genDependencies : Invalid condition id : UX DEVICE CLASS RTOS Condition cause : null
2023-10-11 10:43:18,295 [WARN] ConditionMgr:1039 - genDependencies : Invalid condition id : UX DEVICE CLASS RTOS Condition cause : null
2023-10-11 10:43:18,295 [WARN] ConditionMgr:1039 - genDependencies : Invalid condition id : UX DEVICE CLASS RTOS Condition cause : null
2023-10-11 10:43:18,295 [WARN] ConditionMgr:1039 - genDependencies : Invalid condition id : UX DEVICE CLASS RTOS Condition cause : null
2023-10-11 10:43:18,311 [WARN] PackLoader:240 - Cannot read IP mode file for STMicroelectronics.X-CUBE-SUBG2.5.0.0
2023-10-11 10:43:18,311 [WARN] PackLoader:240 - Cannot read IP mode file for STMicroelectronics.X-CUBE-TOF1.3.3.1
2023-10-11 10:43:18,327 [WARN] PackLoader:240 - Cannot read IP mode file for STMicroelectronics.X-CUBE-AZRTOS-G4.2.0.0
2023-10-11 10:43:18,342 [WARN] PackLoader:240 - Cannot read IP mode file for Infineon.AIROC-Wi-Fi-Bluetooth-STM32.1.5.1
2023-10-11 10:43:18,342 [WARN] PackLoader:240 - Cannot read IP mode file for STMicroelectronics.X-CUBE-FREERTOS.1.1.0
2023-10-11 10:43:18,358 [WARN] PackLoader:240 - Cannot read IP mode file for portGmbH.I-Cube-SoM-uGOAL.1.1.0
2023-10-11 10:43:18,358 [WARN] PackLoader:240 - Cannot read IP mode file for STMicroelectronics.X-CUBE-ALS.1.0.1
2023-10-11 10:43:18,373 [WARN] PackLoader:240 - Cannot read IP mode file for STMicroelectronics.FP-ATR-ASTRA1.2.0.0
2023-10-11 10:43:18,373 [INFO] ThirdParty:978 - Integrity check success = true
2023-10-11 10:43:18,373 [INFO] IntegrityCheckThread:100 - exiting critical section [integrity check]
2023-10-11 10:43:18,373 [INFO] IntegrityCheckThread:103 - End integrity checks thread
2023-10-11 10:43:18,373 [INFO] ThirdParty:873 - entering critical section [close project]
2023-10-11 10:43:18,373 [INFO] ThirdParty:883 - exiting critical section [close project]
2023-10-11 10:43:18,373 [INFO] PinOutPanel:1499 - setPackage(No Configuration,No Configuration)
2023-10-11 10:43:18,373 [INFO] UtilMem:75 - Begin LoadConfig() Used Memory: 296308800 Bytes (381681664)
2023-10-11 10:43:18,373 [INFO] MicroXplorer:468 - Change Database Path : 
2023-10-11 10:43:18,373 [INFO] MicroXplorer:498 - Change Database Version : DB.6.0.80
2023-10-11 10:43:18,373 [INFO] OpenFileManager:308 - Change cursor
2023-10-11 10:43:18,405 [INFO] Mcu:1937 - Initializing MCU STM32F429ZITx STM32F429ZITx STM32F429ZIT6
2023-10-11 10:43:19,139 [INFO] Context:659 - Trying to add GPIOservice into a context  which must be forbidden
2023-10-11 10:43:19,405 [INFO] RtosManager:555 - Registered RTOS mode: class=CMSIS, group=RTOS, mode=CMSIS_V1, owner=FREERTOS
2023-10-11 10:43:19,405 [INFO] RtosManager:555 - Registered RTOS mode: class=CMSIS, group=RTOS2, mode=CMSIS_V2, owner=FREERTOS
2023-10-11 10:43:19,405 [INFO] RtosManager:555 - Registered RTOS mode: class=RTOS, group=Core, mode=CMSIS_V1, owner=FREERTOS
2023-10-11 10:43:19,405 [INFO] RtosManager:555 - Registered RTOS mode: class=RTOS, group=Core, mode=CMSIS_V2, owner=FREERTOS
2023-10-11 10:43:19,405 [WARN] ModelIntegratedComponent:184 - Missing modes for component STMicroelectronics:FreeRTOS:0.0.1:STMicroelectronics:RTOS:FreeRTOS:Core:::10.2.0:
2023-10-11 10:43:19,405 [WARN] ModelIntegratedComponent:63 - No mode defined for component null
2023-10-11 10:43:19,405 [WARN] ModelIntegratedComponent:63 - No mode defined for component null
2023-10-11 10:43:19,405 [WARN] ModelIntegratedComponent:63 - No mode defined for component null
2023-10-11 10:43:19,405 [WARN] ModelIntegratedComponent:63 - No mode defined for component null
2023-10-11 10:43:19,405 [WARN] ModelIntegratedComponent:63 - No mode defined for component null
2023-10-11 10:43:19,405 [WARN] ModelIntegratedComponent:63 - No mode defined for component null
2023-10-11 10:43:19,405 [WARN] ModelIntegratedComponent:63 - No mode defined for component null
2023-10-11 10:43:19,405 [WARN] ModelIntegratedComponent:63 - No mode defined for component null
2023-10-11 10:43:19,405 [WARN] ModelIntegratedComponent:63 - No mode defined for component null
2023-10-11 10:43:19,405 [WARN] ModelIntegratedComponent:63 - No mode defined for component null
2023-10-11 10:43:19,405 [WARN] ModelIntegratedComponent:63 - No mode defined for component null
2023-10-11 10:43:19,405 [WARN] ModelIntegratedComponent:63 - No mode defined for component null
2023-10-11 10:43:19,405 [WARN] ModelIntegratedComponent:63 - No mode defined for component null
2023-10-11 10:43:19,405 [WARN] ModelIntegratedComponent:63 - No mode defined for component null
2023-10-11 10:43:19,405 [WARN] ModelIntegratedComponent:63 - No mode defined for component null
2023-10-11 10:43:19,405 [WARN] ModelIntegratedComponent:63 - No mode defined for component null
2023-10-11 10:43:19,405 [WARN] ModelIntegratedComponent:63 - No mode defined for component null
2023-10-11 10:43:19,405 [WARN] ModelIntegratedComponent:63 - No mode defined for component null
2023-10-11 10:43:19,405 [WARN] ModelIntegratedComponent:63 - No mode defined for component null
2023-10-11 10:43:19,405 [WARN] ModelIntegratedComponent:63 - No mode defined for component null
2023-10-11 10:43:19,405 [WARN] ModelIntegratedComponent:63 - No mode defined for component null
2023-10-11 10:43:19,405 [WARN] ModelIntegratedComponent:63 - No mode defined for component null
2023-10-11 10:43:19,405 [WARN] ModelIntegratedComponent:63 - No mode defined for component null
2023-10-11 10:43:19,405 [WARN] ModelIntegratedComponent:63 - No mode defined for component null
2023-10-11 10:43:19,405 [WARN] ModelIntegratedComponent:63 - No mode defined for component null
2023-10-11 10:43:19,405 [WARN] ModelIntegratedComponent:63 - No mode defined for component null
2023-10-11 10:43:19,405 [WARN] ModelIntegratedComponent:63 - No mode defined for component null
2023-10-11 10:43:19,405 [WARN] ModelIntegratedComponent:63 - No mode defined for component null
2023-10-11 10:43:19,405 [WARN] ModelIntegratedComponent:63 - No mode defined for component null
2023-10-11 10:43:19,405 [WARN] ModelIntegratedComponent:63 - No mode defined for component null
2023-10-11 10:43:19,405 [WARN] ModelIntegratedComponent:63 - No mode defined for component null
2023-10-11 10:43:19,405 [WARN] ModelIntegratedComponent:63 - No mode defined for component null
2023-10-11 10:43:19,405 [WARN] ModelIntegratedComponent:63 - No mode defined for component null
2023-10-11 10:43:19,420 [INFO] ThirdPartyModel:298 - Start build external matchings
2023-10-11 10:43:19,514 [INFO] ThirdPartyModel:316 - End build external matchings
2023-10-11 10:43:19,514 [INFO] ImportTextPane:194 - (OptionalMessage_ERROR) IP (ETH) : Invalid parameter (PHY_Name)
2023-10-11 10:43:19,514 [INFO] ImportTextPane:194 - (OptionalMessage_ERROR) IP (ETH) : Invalid parameter (PHY_Value)
2023-10-11 10:43:19,514 [INFO] ImportTextPane:194 - (OptionalMessage_ERROR) IP (ETH) : Invalid parameter (PhyAddress)
2023-10-11 10:43:19,514 [INFO] ImportTextPane:194 - (OptionalMessage_ERROR) IP (RCC) : Invalid parameter (ADC12outputFreq_Value)
2023-10-11 10:43:19,514 [INFO] ImportTextPane:194 - (OptionalMessage_ERROR) IP (RCC) : Invalid parameter (ADC34outputFreq_Value)
2023-10-11 10:43:19,514 [INFO] ImportTextPane:194 - (OptionalMessage_ERROR) IP (RCC) : Invalid parameter (FamilyName)
2023-10-11 10:43:19,514 [INFO] ImportTextPane:194 - (OptionalMessage_ERROR) IP (RCC) : Invalid parameter (I2C1Freq_Value)
2023-10-11 10:43:19,514 [INFO] ImportTextPane:194 - (OptionalMessage_ERROR) IP (RCC) : Invalid parameter (I2C2Freq_Value)
2023-10-11 10:43:19,514 [INFO] ImportTextPane:194 - (OptionalMessage_ERROR) IP (RCC) : Invalid parameter (I2C3Freq_Value)
2023-10-11 10:43:19,514 [INFO] ImportTextPane:194 - (OptionalMessage_ERROR) IP (RCC) : Parameter (MCO2PinFreq_Value) has invalid value (168000000)
2023-10-11 10:43:19,514 [INFO] ImportTextPane:194 - (OptionalMessage_ERROR) IP (RCC) : Invalid parameter (MCOFreq_Value)
2023-10-11 10:43:19,514 [INFO] ImportTextPane:194 - (OptionalMessage_ERROR) IP (RCC) : Invalid parameter (PLLMCOFreq_Value)
2023-10-11 10:43:19,514 [INFO] ImportTextPane:194 - (OptionalMessage_ERROR) IP (RCC) : Invalid parameter (PLLMUL)
2023-10-11 10:43:19,514 [INFO] ImportTextPane:194 - (OptionalMessage_ERROR) IP (RCC) : Invalid parameter (PRESCALERUSB)
2023-10-11 10:43:19,514 [INFO] ImportTextPane:194 - (OptionalMessage_ERROR) IP (RCC) : Parameter (RTCHSEDivFreq_Value) has invalid value (4000000)
2023-10-11 10:43:19,514 [INFO] ImportTextPane:194 - (OptionalMessage_ERROR) IP (RCC) : Invalid parameter (SYSCLKSourceVirtual)
2023-10-11 10:43:19,514 [INFO] ImportTextPane:194 - (OptionalMessage_ERROR) IP (RCC) : Invalid parameter (TIM15Freq_Value)
2023-10-11 10:43:19,514 [INFO] ImportTextPane:194 - (OptionalMessage_ERROR) IP (RCC) : Invalid parameter (TIM16Freq_Value)
2023-10-11 10:43:19,514 [INFO] ImportTextPane:194 - (OptionalMessage_ERROR) IP (RCC) : Invalid parameter (TIM17Freq_Value)
2023-10-11 10:43:19,514 [INFO] ImportTextPane:194 - (OptionalMessage_ERROR) IP (RCC) : Invalid parameter (TIM1Freq_Value)
2023-10-11 10:43:19,514 [INFO] ImportTextPane:194 - (OptionalMessage_ERROR) IP (RCC) : Invalid parameter (TIM20Freq_Value)
2023-10-11 10:43:19,514 [INFO] ImportTextPane:194 - (OptionalMessage_ERROR) IP (RCC) : Invalid parameter (TIM2Freq_Value)
2023-10-11 10:43:19,514 [INFO] ImportTextPane:194 - (OptionalMessage_ERROR) IP (RCC) : Invalid parameter (TIM3Freq_Value)
2023-10-11 10:43:19,514 [INFO] ImportTextPane:194 - (OptionalMessage_ERROR) IP (RCC) : Invalid parameter (TIM8Freq_Value)
2023-10-11 10:43:19,514 [INFO] ImportTextPane:194 - (OptionalMessage_ERROR) IP (RCC) : Invalid parameter (UART4Freq_Value)
2023-10-11 10:43:19,514 [INFO] ImportTextPane:194 - (OptionalMessage_ERROR) IP (RCC) : Invalid parameter (UART5Freq_Value)
2023-10-11 10:43:19,514 [INFO] ImportTextPane:194 - (OptionalMessage_ERROR) IP (RCC) : Invalid parameter (USART1Freq_Value)
2023-10-11 10:43:19,514 [INFO] ImportTextPane:194 - (OptionalMessage_ERROR) IP (RCC) : Invalid parameter (USART2Freq_Value)
2023-10-11 10:43:19,514 [INFO] ImportTextPane:194 - (OptionalMessage_ERROR) IP (RCC) : Invalid parameter (USART3Freq_Value)
2023-10-11 10:43:19,514 [INFO] ImportTextPane:194 - (OptionalMessage_ERROR) IP (RCC) : Invalid parameter (USBFreq_Value)
2023-10-11 10:43:19,514 [INFO] ImportTextPane:194 - (OptionalMessage_ERROR) IP (RCC) : Invalid parameter (VCOOutput2Freq_Value)
2023-10-11 10:43:19,728 [INFO] UtilMem:75 - End LoadConfig() Used Memory: 199927432 Bytes (381681664)
2023-10-11 10:43:19,795 [INFO] ApiDb:581 - Connected to CubeFinder SQLite database (C:\Users\USER\.stmcufinder\plugins\mcufinder\mcu\cube-finder-db.db)
2023-10-11 10:43:19,827 [INFO] ApiDb:668 - CubeFinder database Data Model version=2.1
2023-10-11 10:43:19,827 [INFO] ApiDb:669 - CubeFinder database Configuration version=3.0.37
2023-10-11 10:43:19,827 [INFO] ApiDb:670 - CubeFinder database generation date=2023-08-09 (1691586011)
2023-10-11 10:43:19,827 [INFO] ApiDb:671 - CubeFinder database FW Pack versions=[FP-ATR-ASTRA1_V2.0.0, FP-SNS-FLIGHT1_V5.0.1, FP-SNS-FLIGHT1_V5.0.2, FP-SNS-MOTENV1_V4.3.1, FP-SNS-MOTENV1_V4.3.2, STM32Cube_FW_C0_V1.1.0, STM32Cube_FW_F4_V1.27.1, STM32Cube_FW_F7_V1.17.0, STM32Cube_FW_G0_V1.6.1, STM32Cube_FW_G4_V1.5.1, STM32Cube_FW_H5_V0.5.1, STM32Cube_FW_H5_V1.1.0, STM32Cube_FW_H7_V1.11.0, STM32Cube_FW_L0_V1.12.2, STM32Cube_FW_L5_V1.5.0, STM32Cube_FW_U5_V1.3.0, STM32Cube_FW_U5_V1.3.0RC4, STM32Cube_FW_WBA_V1.0.0RC1, STM32Cube_FW_WBA_V1.1.0, STM32Cube_FW_WBA_V1.1.0RC1, STM32Cube_FW_WB_V1.15.0RC1, STM32Cube_FW_WB_V1.16.0, STM32Cube_FW_WB_V1.16.0RC2, STM32Cube_FW_WB_V1.17.0, STM32Cube_FW_WL_V1.3.0, X-CUBE-ALGOBUILD_V1.3.0, X-CUBE-ALS_V1.0.1, X-CUBE-AZRTOS-F4_V1.1.0, X-CUBE-AZRTOS-F7_V1.1.0, X-CUBE-AZRTOS-G0_V1.1.0, X-CUBE-AZRTOS-G4_V2.0.0, X-CUBE-AZRTOS-H7_V3.1.0, X-CUBE-AZRTOS-L4_V1.0.0, X-CUBE-AZRTOS-L4_V2.0.0, X-CUBE-AZRTOS-L5_V1.1.0, X-CUBE-AZRTOS-WB_V1.1.0, X-CUBE-AZRTOS-WL_V2.0.0, X-CUBE-BLE1_V7.0.0, X-CUBE-BLE2_V3.3.0, X-CUBE-BLEMGR_V2.0.0, X-CUBE-EEPRMA1_V4.1.0, X-CUBE-FREERTOS_V1.1.0, X-CUBE-GNSS1_V6.0.0, X-CUBE-MEMS1_V9.1.0, X-CUBE-MEMS1_V9.4.0, X-CUBE-MEMS1_V9.6.0, X-CUBE-NFC4_V3.0.0, X-CUBE-NFC7_V1.0.0, X-CUBE-SFXS2LP1_V4.0.0, X-CUBE-SUBG2_V5.0.0, X-CUBE-TOF1_V3.3.1]
2023-10-11 10:43:20,827 [INFO] ApiDb:240 - Found 297 in-development CPN: [B-G473E-ZEST1S, B-WB1M-WPAN1, B-WL5M-SUBG1, NUCLEO-C031C6, NUCLEO-H503RB, NUCLEO-H563ZI, NUCLEO-U545RE-Q, NUCLEO-U5A5ZJ-Q, NUCLEO-WBA52CG, STEVAL-PROTEUS1, STEVAL-STWINBX1, STM320518-EVAL, STM32C0116-DK, STM32C011D6Y3TR, STM32C011D6Y6TR, STM32C011F4P3, STM32C011F4P6, STM32C011F4U3, STM32C011F4U6TR, STM32C011F6P3, STM32C011F6P6, STM32C011F6U3, STM32C011F6U6TR, STM32C011J4M3, STM32C011J4M6, STM32C011J6M3, STM32C011J6M6, STM32C0316-DK, STM32C031C4T3, STM32C031C4T6, STM32C031C4U3, STM32C031C4U6, STM32C031C6T3, STM32C031C6T6, STM32C031C6U3, STM32C031C6U6, STM32C031F4P3, STM32C031F4P6, STM32C031F6P3, STM32C031F6P6, STM32C031G4U3, STM32C031G4U6, STM32C031G6U3, STM32C031G6U6, STM32C031K4T3, STM32C031K4T6, STM32C031K4U3, STM32C031K4U6, STM32C031K6T3, STM32C031K6T6, STM32C031K6U3, STM32C031K6U6, STM32G071K8TXN, STM32G071K8UXN, STM32G081GBU6N, STM32G081KBT6N, STM32G081KBUXN, STM32G0B1CCT6N, STM32G0B1KCT6, STM32G0B1NEY6TR, STM32G0B1RCT6N, STM32G0C1CCT6, STM32G0C1CCT6N, STM32G0C1CCU6N, STM32G0C1CET6N, STM32G0C1CEU6N, STM32G0C1KCT6, STM32G0C1NEY6TR, STM32G0C1RCI6N, STM32G0C1RCT6N, STM32G0C1REI6N, STM32G0C1RET6N, STM32G0C1VCI6, STM32G0C1VEI6, STM32G471CCT6, STM32G471CCU6, STM32G471CET3, STM32G471CET6, STM32G471CEU3, STM32G471CEU6, STM32G471MCT6, STM32G471MET3, STM32G471MET6, STM32G471MEY6TR, STM32G471QCT6, STM32G471QET3, STM32G471RCT6, STM32G471RET3, STM32G471RET6, STM32G471VCH6, STM32G471VCI6, STM32G471VCT6, STM32G471VEH3, STM32G471VEH6, STM32G471VEI3, STM32G471VEI6, STM32G471VET3, STM32G471VET6, STM32G474CCT6, STM32H503CBT6, STM32H503CBU6, STM32H503EBY6TR, STM32H503KBU6, STM32H503RBT6, STM32H562AGI6, STM32H562AII6, STM32H562IGK6, STM32H562IGT6, STM32H562IIK6, STM32H562IIT6, STM32H562RGT6, STM32H562RGV6, STM32H562RIT6, STM32H562RIV6, STM32H562VGT6, STM32H562VIT6, STM32H562ZGT6, STM32H562ZIT6, STM32H563AGI6, STM32H563AII3Q, STM32H563AII6, STM32H563IGK6, STM32H563IGT6, STM32H563IIK3Q, STM32H563IIK6, STM32H563IIT3Q, STM32H563IIT6, STM32H563MIY3QTR, STM32H563RGT6, STM32H563RGV6, STM32H563RIT6, STM32H563RIV6, STM32H563VGT6, STM32H563VIT3Q, STM32H563VIT6, STM32H563ZGT6, STM32H563ZIT3Q, STM32H563ZIT6, STM32H573AII3Q, STM32H573AII6, STM32H573I-DK, STM32H573IIK3Q, STM32H573IIK6, STM32H573IIT3Q, STM32H573IIT6, STM32H573MIY3QTR, STM32H573RIT6, STM32H573RIV6, STM32H573VIT3Q, STM32H573VIT6, STM32H573ZIT3Q, STM32H573ZIT6, STM32L4R5QGI6STR, STM32MP131AAE3, STM32MP131AAF3, STM32MP131AAG3, STM32MP131CAE3, STM32MP131CAF3, STM32MP131CAG3, STM32MP131DAE7, STM32MP131DAF7, STM32MP131DAG7, STM32MP131FAE7, STM32MP131FAF7, STM32MP131FAG7, STM32MP133AAE3, STM32MP133AAF3, STM32MP133AAG3, STM32MP133CAE3, STM32MP133CAF3, STM32MP133CAG3, STM32MP133DAE7, STM32MP133DAF7, STM32MP133DAG7, STM32MP133FAE7, STM32MP133FAF7, STM32MP133FAG7, STM32MP135AAE3, STM32MP135AAF3, STM32MP135AAG3, STM32MP135CAE3, STM32MP135CAF3, STM32MP135CAG3, STM32MP135DAE7, STM32MP135DAF7, STM32MP135DAG7, STM32MP135F-DK, STM32MP135FAE7, STM32MP135FAF7, STM32MP135FAF7T, STM32MP135FAF7U, STM32MP135FAG7, STM32U535CBT6, STM32U535CBT6Q, STM32U535CBU6, STM32U535CBU6Q, STM32U535CCT6, STM32U535CCT6Q, STM32U535CCU6, STM32U535CCU6Q, STM32U535CET6, STM32U535CET6Q, STM32U535CEU6, STM32U535CEU6Q, STM32U535JEY6QTR, STM32U535NCY6QTR, STM32U535NEY6QTR, STM32U535RBI6, STM32U535RBI6Q, STM32U535RBT6, STM32U535RBT6Q, STM32U535RCI6, STM32U535RCI6Q, STM32U535RCT6, STM32U535RCT6Q, STM32U535REI6, STM32U535REI6Q, STM32U535RET6, STM32U535RET6Q, STM32U535VCI6, STM32U535VCI6Q, STM32U535VCT6, STM32U535VCT6Q, STM32U535VEI6, STM32U535VEI6Q, STM32U535VET6, STM32U535VET6Q, STM32U545CET6, STM32U545CET6Q, STM32U545CEU6, STM32U545CEU6Q, STM32U545JEY6QTR, STM32U545NEY6QTR, STM32U545REI6, STM32U545REI6Q, STM32U545RET6, STM32U545RET6Q, STM32U545VEI6, STM32U545VEI6Q, STM32U545VET6, STM32U545VET6Q, STM32U595AIH6, STM32U595AIH6Q, STM32U595AJH6, STM32U595AJH6Q, STM32U595QII6, STM32U595QII6Q, STM32U595QJI6, STM32U595QJI6Q, STM32U595RIT6, STM32U595RIT6Q, STM32U595RJT6, STM32U595RJT6Q, STM32U595VIT6, STM32U595VIT6Q, STM32U595VJT6, STM32U595VJT6Q, STM32U595ZIT6, STM32U595ZIT6Q, STM32U595ZIY6QTR, STM32U595ZJT6, STM32U595ZJT6Q, STM32U595ZJY6QTR, STM32U599BJY6QTR, STM32U599NIH6Q, STM32U599NJH6Q, STM32U599VIT6Q, STM32U599VJT6, STM32U599VJT6Q, STM32U599ZIT6Q, STM32U599ZIY6QTR, STM32U599ZJT6Q, STM32U599ZJY6QTR, STM32U5A5AJH6, STM32U5A5AJH6Q, STM32U5A5QJI6, STM32U5A5QJI6Q, STM32U5A5RJT6, STM32U5A5RJT6Q, STM32U5A5VJT6, STM32U5A5VJT6Q, STM32U5A5ZJT6, STM32U5A5ZJT6Q, STM32U5A5ZJY6QTR, STM32U5A9BJY6QTR, STM32U5A9J-DK, STM32U5A9NJH6Q, STM32U5A9VJT6Q, STM32U5A9ZJT6Q, STM32U5A9ZJY6QTR, STM32WB1MMCH6, STM32WBA52CEU6, STM32WBA52CEU6T, STM32WBA52CGU6, STM32WBA52CGU6T, STM32WL5MOCH6, STM32WL5MOCH6TR]
2023-10-11 10:43:20,827 [INFO] DbMcus:216 - Found 3825 MCUs, 3825 are supported
2023-10-11 10:43:20,827 [INFO] ApiDb:423 - Load user favorites file C:\Users\USER/.stm32cubeide/favorites.mcus.txt: 0 item(s)
2023-10-11 10:43:20,827 [INFO] ApiDb:427 - User favorites MCUs=[]
2023-10-11 10:43:20,827 [INFO] DbMcus:222 - Set 0 / 0 favorites MCUs
2023-10-11 10:43:20,998 [WARN] ThirdParty:833 - waiting for thirdparty lock release [change project]
2023-10-11 10:43:20,998 [INFO] ThirdParty:835 - entering critical section [change project]
2023-10-11 10:43:21,014 [INFO] ThirdParty:1030 - CMSIS Pack Vendor :STMicroelectronics X-CUBE-ISPU 1.1.0
2023-10-11 10:43:21,014 [INFO] ThirdParty:1030 - CMSIS Pack Vendor :STMicroelectronics X-CUBE-GNSS1 6.0.0
2023-10-11 10:43:21,014 [INFO] ThirdParty:1030 - CMSIS Pack Vendor :STMicroelectronics USB_HOST 2.0.0
2023-10-11 10:43:21,014 [INFO] ThirdParty:1030 - CMSIS Pack Vendor :STMicroelectronics X-CUBE-AZRTOS-F4 1.1.0
2023-10-11 10:43:21,014 [INFO] ThirdParty:1030 - CMSIS Pack Vendor :STMicroelectronics LIBJPEG 8.0.0
2023-10-11 10:43:21,014 [INFO] ThirdParty:1030 - CMSIS Pack Vendor :wolfSSL I-CUBE-wolfSSL 5.6.3
2023-10-11 10:43:21,014 [INFO] ThirdParty:1030 - CMSIS Pack Vendor :STMicroelectronics X-CUBE-SMBUS 2.1.0
2023-10-11 10:43:21,014 [INFO] ThirdParty:1030 - CMSIS Pack Vendor :STMicroelectronics USB_DEVICE 3.0.0
2023-10-11 10:43:21,014 [INFO] ThirdParty:1030 - CMSIS Pack Vendor :STMicroelectronics X-CUBE-AZRTOS-WB 2.0.0
2023-10-11 10:43:21,014 [INFO] ThirdParty:1030 - CMSIS Pack Vendor :STMicroelectronics X-CUBE-AZRTOS-F7 1.1.0
2023-10-11 10:43:21,014 [INFO] ThirdParty:1030 - CMSIS Pack Vendor :STMicroelectronics X-CUBE-AZRTOS-L5 2.0.0
2023-10-11 10:43:21,014 [INFO] ThirdParty:1030 - CMSIS Pack Vendor :STMicroelectronics USB_DEVICE 2.0.0
2023-10-11 10:43:21,014 [INFO] ThirdParty:1030 - CMSIS Pack Vendor :STMicroelectronics X-CUBE-MEMS1 9.6.0
2023-10-11 10:43:21,014 [INFO] ThirdParty:1030 - CMSIS Pack Vendor :ITTIA_DB I-CUBE-ITTIADB 8.8.0
2023-10-11 10:43:21,014 [INFO] ThirdParty:1030 - CMSIS Pack Vendor :STMicroelectronics FP-SNS-MOTENV1 4.3.2
2023-10-11 10:43:21,014 [INFO] ThirdParty:1030 - CMSIS Pack Vendor :STMicroelectronics X-CUBE-ALGOBUILD 1.3.0
2023-10-11 10:43:21,014 [INFO] ThirdParty:1030 - CMSIS Pack Vendor :STMicroelectronics FreeRTOS 0.0.1
2023-10-11 10:43:21,014 [INFO] ThirdParty:1030 - CMSIS Pack Vendor :STMicroelectronics X-CUBE-AZRTOS-G0 1.1.0
2023-10-11 10:43:21,014 [INFO] ThirdParty:1030 - CMSIS Pack Vendor :STMicroelectronics X-CUBE-BLEMGR 2.0.0
2023-10-11 10:43:21,014 [INFO] ThirdParty:1030 - CMSIS Pack Vendor :STMicroelectronics X-CUBE-NFC4 3.0.0
2023-10-11 10:43:21,014 [INFO] ThirdParty:1030 - CMSIS Pack Vendor :STMicroelectronics X-CUBE-SUBG2 5.0.0
2023-10-11 10:43:21,014 [INFO] ThirdParty:1030 - CMSIS Pack Vendor :STMicroelectronics STM32_WPAN 1.0.0
2023-10-11 10:43:21,014 [INFO] ThirdParty:1030 - CMSIS Pack Vendor :STMicroelectronics lwIP 2.0.3
2023-10-11 10:43:21,014 [INFO] ThirdParty:1030 - CMSIS Pack Vendor :STMicroelectronics FP-SNS-FLIGHT1 5.0.2
2023-10-11 10:43:21,014 [INFO] ThirdParty:1030 - CMSIS Pack Vendor :STMicroelectronics USB_HOST 1.0.0
2023-10-11 10:43:21,014 [INFO] ThirdParty:1030 - CMSIS Pack Vendor :STMicroelectronics X-CUBE-TOF1 3.3.1
2023-10-11 10:43:21,014 [INFO] ThirdParty:1030 - CMSIS Pack Vendor :STMicroelectronics X-CUBE-AZRTOS-G4 2.0.0
2023-10-11 10:43:21,014 [INFO] ThirdParty:1030 - CMSIS Pack Vendor :STMicroelectronics PDM2PCM 3.1.0
2023-10-11 10:43:21,014 [INFO] ThirdParty:1030 - CMSIS Pack Vendor :STMicroelectronics X-CUBE-AZRTOS-H7 3.1.0
2023-10-11 10:43:21,014 [INFO] ThirdParty:1030 - CMSIS Pack Vendor :Infineon AIROC-Wi-Fi-Bluetooth-STM32 1.5.1
2023-10-11 10:43:21,014 [INFO] ThirdParty:1030 - CMSIS Pack Vendor :STMicroelectronics PDM2PCM 3.3.0
2023-10-11 10:43:21,014 [INFO] ThirdParty:1030 - CMSIS Pack Vendor :STMicroelectronics X-CUBE-DISPLAY 3.0.0
2023-10-11 10:43:21,014 [INFO] ThirdParty:1030 - CMSIS Pack Vendor :STMicroelectronics X-CUBE-BLE1 7.0.0
2023-10-11 10:43:21,014 [INFO] ThirdParty:1030 - CMSIS Pack Vendor :STMicroelectronics FP-ATR-SIGFOX1 3.2.0
2023-10-11 10:43:21,014 [INFO] ThirdParty:1030 - CMSIS Pack Vendor :STMicroelectronics HAL Drivers 0.0.0
2023-10-11 10:43:21,014 [INFO] ThirdParty:1030 - CMSIS Pack Vendor :STMicroelectronics MBEDTLS 2.16.2
2023-10-11 10:43:21,014 [INFO] ThirdParty:1030 - CMSIS Pack Vendor :emotas I-CUBE-CANOPEN 1.3.0
2023-10-11 10:43:21,014 [INFO] ThirdParty:1030 - CMSIS Pack Vendor :STMicroelectronics X-CUBE-FREERTOS 1.1.0
2023-10-11 10:43:21,014 [INFO] ThirdParty:1030 - CMSIS Pack Vendor :STMicroelectronics X-CUBE-NFC7 1.0.1
2023-10-11 10:43:21,014 [INFO] ThirdParty:1030 - CMSIS Pack Vendor :STMicroelectronics MBEDTLS 2.14.1
2023-10-11 10:43:21,014 [INFO] ThirdParty:1030 - CMSIS Pack Vendor :STMicroelectronics X-CUBE-TOUCHGFX 4.22.1
2023-10-11 10:43:21,014 [INFO] ThirdParty:1030 - CMSIS Pack Vendor :STMicroelectronics X-CUBE-NFC6 3.0.0
2023-10-11 10:43:21,014 [INFO] ThirdParty:1030 - CMSIS Pack Vendor :STMicroelectronics X-CUBE-EEPRMA1 4.1.0
2023-10-11 10:43:21,014 [INFO] ThirdParty:1030 - CMSIS Pack Vendor :portGmbH I-Cube-SoM-uGOAL 1.1.0
2023-10-11 10:43:21,014 [INFO] ThirdParty:1030 - CMSIS Pack Vendor :STMicroelectronics X-CUBE-ALS 1.0.1
2023-10-11 10:43:21,014 [INFO] ThirdParty:1030 - CMSIS Pack Vendor :STMicroelectronics ThreadX 1.0.0
2023-10-11 10:43:21,014 [INFO] ThirdParty:1030 - CMSIS Pack Vendor :STMicroelectronics FP-SNS-SMARTAG2 1.2.0
2023-10-11 10:43:21,014 [INFO] ThirdParty:1030 - CMSIS Pack Vendor :STMicroelectronics X-CUBE-AZRTOS-WL 2.0.0
2023-10-11 10:43:21,014 [INFO] ThirdParty:1030 - CMSIS Pack Vendor :SEGGER I-CUBE-embOS 1.3.1
2023-10-11 10:43:21,014 [INFO] ThirdParty:1030 - CMSIS Pack Vendor :STMicroelectronics USB_DEVICE 1.0.0
2023-10-11 10:43:21,014 [INFO] ThirdParty:1030 - CMSIS Pack Vendor :STMicroelectronics X-CUBE-AI 8.1.0
2023-10-11 10:43:21,014 [INFO] ThirdParty:1030 - CMSIS Pack Vendor :STMicroelectronics X-CUBE-AZRTOS-L4 2.0.0
2023-10-11 10:43:21,014 [INFO] ThirdParty:1030 - CMSIS Pack Vendor :STMicroelectronics ThreadX 0.0.2
2023-10-11 10:43:21,014 [INFO] ThirdParty:1030 - CMSIS Pack Vendor :WES I-CUBE-Cesium 1.3.0
2023-10-11 10:43:21,014 [INFO] ThirdParty:1030 - CMSIS Pack Vendor :STMicroelectronics FP-ATR-ASTRA1 2.0.0
2023-10-11 10:43:21,014 [INFO] ThirdParty:1030 - CMSIS Pack Vendor :STMicroelectronics lwIP 2.1.2
2023-10-11 10:43:21,014 [INFO] ThirdParty:1030 - CMSIS Pack Vendor :STMicroelectronics X-CUBE-SFXS2LP1 4.0.0
2023-10-11 10:43:21,014 [INFO] ThirdParty:1030 - CMSIS Pack Vendor :STMicroelectronics X-CUBE-BLE2 3.3.0
2023-10-11 10:43:21,014 [INFO] ThirdParty:1030 - CMSIS Pack Vendor :STMicroelectronics PDM2PCM 3.2.0
2023-10-11 10:43:21,014 [INFO] ThirdParty:841 - exiting critical section [change project]
2023-10-11 10:43:21,248 [INFO] PinOutPanel:1499 - setPackage(No Configuration,No Configuration)
2023-10-11 10:43:21,248 [INFO] PinOutPanel:1499 - setPackage(STM32F429ZITx,LQFP144)
2023-10-11 10:43:21,592 [INFO] UtilMem:75 - Before build in PCC Used Memory: 221219112 Bytes (381681664)
2023-10-11 10:43:21,998 [INFO] UtilMem:75 - After build in PCC Used Memory: 313416368 Bytes (381681664)
2023-10-11 10:43:22,014 [INFO] IPUIPlugin:80 - create IPUIPlugin
2023-10-11 10:43:22,014 [INFO] IPUIPlugin:80 - create IPUIPlugin
2023-10-11 10:43:22,014 [INFO] IPUIPlugin:80 - create IPUIPlugin
2023-10-11 10:43:22,014 [INFO] IPUIPlugin:80 - create IPUIPlugin
2023-10-11 10:43:22,014 [INFO] IPUIPlugin:80 - create IPUIPlugin
2023-10-11 10:43:22,014 [INFO] IPUIPlugin:80 - create IPUIPlugin
2023-10-11 10:43:22,014 [INFO] IPUIPlugin:80 - create IPUIPlugin
2023-10-11 10:43:22,014 [INFO] IPUIPlugin:80 - create IPUIPlugin
2023-10-11 10:43:22,030 [INFO] IPUIPlugin:80 - create IPUIPlugin
2023-10-11 10:43:22,030 [INFO] IPUIPlugin:80 - create IPUIPlugin
2023-10-11 10:43:22,030 [INFO] IPUIPlugin:80 - create IPUIPlugin
2023-10-11 10:43:22,030 [INFO] IPUIPlugin:80 - create IPUIPlugin
2023-10-11 10:43:22,030 [INFO] IPUIPlugin:80 - create IPUIPlugin
2023-10-11 10:43:22,030 [INFO] IPUIPlugin:80 - create IPUIPlugin
2023-10-11 10:43:22,030 [INFO] IPUIPlugin:80 - create IPUIPlugin
2023-10-11 10:43:22,030 [INFO] IPUIPlugin:80 - create IPUIPlugin
2023-10-11 10:43:22,030 [INFO] IPUIPlugin:80 - create IPUIPlugin
2023-10-11 10:43:22,030 [INFO] IPUIPlugin:80 - create IPUIPlugin
2023-10-11 10:43:22,030 [INFO] IPUIPlugin:80 - create IPUIPlugin
2023-10-11 10:43:22,030 [INFO] IPUIPlugin:80 - create IPUIPlugin
2023-10-11 10:43:22,030 [INFO] IPUIPlugin:80 - create IPUIPlugin
2023-10-11 10:43:22,030 [INFO] IPUIPlugin:80 - create IPUIPlugin
2023-10-11 10:43:22,030 [INFO] IPUIPlugin:80 - create IPUIPlugin
2023-10-11 10:43:22,030 [INFO] IPUIPlugin:80 - create IPUIPlugin
2023-10-11 10:43:22,030 [INFO] IPUIPlugin:80 - create IPUIPlugin
2023-10-11 10:43:22,030 [INFO] IPUIPlugin:80 - create IPUIPlugin
2023-10-11 10:43:22,030 [INFO] IPUIPlugin:80 - create IPUIPlugin
2023-10-11 10:43:22,030 [INFO] IPUIPlugin:80 - create IPUIPlugin
2023-10-11 10:43:22,030 [INFO] IPUIPlugin:80 - create IPUIPlugin
2023-10-11 10:43:22,030 [INFO] IPUIPlugin:80 - create IPUIPlugin
2023-10-11 10:43:22,030 [INFO] IPUIPlugin:80 - create IPUIPlugin
2023-10-11 10:43:22,030 [INFO] IPUIPlugin:80 - create IPUIPlugin
2023-10-11 10:43:22,030 [INFO] IPUIPlugin:80 - create IPUIPlugin
2023-10-11 10:43:22,030 [INFO] IPUIPlugin:80 - create IPUIPlugin
2023-10-11 10:43:22,030 [INFO] IPUIPlugin:80 - create IPUIPlugin
2023-10-11 10:43:22,030 [INFO] IPUIPlugin:80 - create IPUIPlugin
2023-10-11 10:43:22,030 [INFO] IPUIPlugin:80 - create IPUIPlugin
2023-10-11 10:43:22,030 [INFO] IPUIPlugin:80 - create IPUIPlugin
2023-10-11 10:43:22,030 [INFO] IPUIPlugin:80 - create IPUIPlugin
2023-10-11 10:43:22,030 [INFO] IPUIPlugin:80 - create IPUIPlugin
2023-10-11 10:43:22,030 [INFO] IPUIPlugin:80 - create IPUIPlugin
2023-10-11 10:43:22,030 [INFO] IPUIPlugin:80 - create IPUIPlugin
2023-10-11 10:43:22,030 [INFO] IPUIPlugin:80 - create IPUIPlugin
2023-10-11 10:43:22,030 [INFO] IPUIPlugin:80 - create IPUIPlugin
2023-10-11 10:43:22,030 [INFO] IPUIPlugin:80 - create IPUIPlugin
2023-10-11 10:43:22,030 [INFO] IPUIPlugin:80 - create IPUIPlugin
2023-10-11 10:43:22,030 [INFO] IPUIPlugin:80 - create IPUIPlugin
2023-10-11 10:43:22,030 [INFO] IPUIPlugin:80 - create IPUIPlugin
2023-10-11 10:43:22,030 [INFO] IPUIPlugin:80 - create IPUIPlugin
2023-10-11 10:43:22,030 [INFO] IPUIPlugin:80 - create IPUIPlugin
2023-10-11 10:43:22,030 [INFO] IPUIPlugin:80 - create IPUIPlugin
2023-10-11 10:43:22,030 [INFO] IPUIPlugin:80 - create IPUIPlugin
2023-10-11 10:43:22,030 [INFO] IPUIPlugin:80 - create IPUIPlugin
2023-10-11 10:43:22,030 [INFO] IPUIPlugin:80 - create IPUIPlugin
2023-10-11 10:43:22,030 [INFO] IPUIPlugin:80 - create IPUIPlugin
2023-10-11 10:43:22,030 [INFO] IPUIPlugin:80 - create IPUIPlugin
2023-10-11 10:43:22,030 [INFO] IPUIPlugin:80 - create IPUIPlugin
2023-10-11 10:43:22,030 [INFO] IPUIPlugin:80 - create IPUIPlugin
2023-10-11 10:43:22,030 [INFO] IPUIPlugin:80 - create IPUIPlugin
2023-10-11 10:43:22,030 [INFO] IPUIPlugin:80 - create IPUIPlugin
2023-10-11 10:43:22,030 [INFO] IPUIPlugin:80 - create IPUIPlugin
2023-10-11 10:43:22,030 [INFO] IPUIPlugin:80 - create IPUIPlugin
2023-10-11 10:43:22,030 [INFO] IPUIPlugin:80 - create IPUIPlugin
2023-10-11 10:43:22,030 [INFO] IPUIPlugin:80 - create IPUIPlugin
2023-10-11 10:43:22,030 [INFO] IPUIPlugin:80 - create IPUIPlugin
2023-10-11 10:43:22,030 [INFO] IPUIPlugin:80 - create IPUIPlugin
2023-10-11 10:43:22,061 [INFO] ApiDbMcu:507 - Load IP Config File for PDM2PCM
2023-10-11 10:43:22,186 [INFO] CADModel:165 - CPN selected for project levelSTM32F429ZIT6
2023-10-11 10:43:22,186 [INFO] CADModel:114 - Register for checkConnection events
2023-10-11 10:43:22,233 [INFO] OpenFileManager:328 - Restore cursor
2023-10-11 11:53:49,737 [INFO] NvicIntPanel:101 - NVIC parent = com.st.microxplorer.plugins.ip.nvic.MultiNvicIntPanel[,0,0,0x0,invalid,layout=javax.swing.BoxLayout,alignmentX=0.0,alignmentY=0.0,border=,flags=9,maximumSize=,minimumSize=,preferredSize=]
2023-10-11 11:54:01,215 [INFO] NvicIntPanel:101 - NVIC parent = com.st.microxplorer.plugins.ip.nvic.MultiNvicIntPanel[,0,0,0x0,invalid,layout=javax.swing.BoxLayout,alignmentX=0.0,alignmentY=0.0,border=,flags=9,maximumSize=,minimumSize=,preferredSize=]
2023-10-11 11:54:42,704 [INFO] NvicIntPanel:101 - NVIC parent = com.st.microxplorer.plugins.ip.nvic.MultiNvicIntPanel[,0,0,0x0,invalid,layout=javax.swing.BoxLayout,alignmentX=0.0,alignmentY=0.0,border=,flags=9,maximumSize=,minimumSize=,preferredSize=]
2023-10-11 11:55:44,931 [INFO] UtilMem:75 - End SaveConfig() Used Memory: 533963376 Bytes (672137216)
2023-10-11 11:55:45,932 [INFO] UtilMem:75 - End SaveConfig() Used Memory: 568080744 Bytes (672137216)
2023-10-11 11:55:47,200 [INFO] UtilMem:75 - End SaveConfig() Used Memory: 588085512 Bytes (672137216)
2023-10-11 11:55:47,568 [INFO] BlockDiagram:2759 - set Specific Code input for plugin: SYS
2023-10-11 11:55:47,568 [INFO] BlockDiagram:2759 - set Specific Code input for plugin: RCC
2023-10-11 11:55:47,568 [INFO] BlockDiagram:2759 - set Specific Code input for plugin: USB_OTG_FS
2023-10-11 11:55:47,568 [INFO] BlockDiagram:2759 - set Specific Code input for plugin: NVIC
2023-10-11 11:55:47,568 [INFO] BlockDiagram:2759 - set Specific Code input for plugin: USART
2023-10-11 11:55:47,568 [INFO] BlockDiagram:2759 - set Specific Code input for plugin: USART
2023-10-11 11:55:47,568 [INFO] BlockDiagram:2759 - set Specific Code input for plugin: TIM1_8
2023-10-11 11:55:47,568 [INFO] BlockDiagram:2759 - set Specific Code input for plugin: GPIO
2023-10-11 11:55:47,568 [INFO] BlockDiagram:2759 - set Specific Code input for plugin: ETH
2023-10-11 11:55:47,568 [INFO] CodeGenerator:793 - code generatio: config db path: C:\ST\STM32CubeIDE_1.12.0\STM32CubeIDE\plugins\com.st.stm32cube.common.mx_6.8.0.202302231600\\db\
2023-10-11 11:55:47,796 [INFO] CodeEngine:255 - oldGeneratedFile, D:\gyuwon\source\STM32F429ZI\05.TIMER_DHT11_ULTRASONIC\MXTmpFiles\license.tmp_save
2023-10-11 11:55:48,015 [INFO] CodeEngine:279 - Generated code: D:\gyuwon\source\STM32F429ZI\05.TIMER_DHT11_ULTRASONIC\MXTmpFiles\license.tmp
2023-10-11 11:55:48,062 [INFO] CodeEngine:255 - oldGeneratedFile, D:\gyuwon\source\STM32F429ZI\05.TIMER_DHT11_ULTRASONIC\MXTmpFiles\gpio.tmp_save
2023-10-11 11:55:48,125 [INFO] CodeEngine:279 - Generated code: D:\gyuwon\source\STM32F429ZI\05.TIMER_DHT11_ULTRASONIC\MXTmpFiles\gpio.tmp
2023-10-11 11:55:48,344 [WARN] IPConfigManager:2937 - Warning: the RefConfig PWREx_EnableUSBVoltageDetector is not available in your config.xml file
2023-10-11 11:55:48,360 [INFO] CodeEngine:255 - oldGeneratedFile, D:\gyuwon\source\STM32F429ZI\05.TIMER_DHT11_ULTRASONIC\Core\Src\stm32f4xx_it.c_save
2023-10-11 11:55:48,438 [INFO] CodeEngine:279 - Generated code: D:\gyuwon\source\STM32F429ZI\05.TIMER_DHT11_ULTRASONIC\Core\Src\stm32f4xx_it.c
2023-10-11 11:55:48,438 [INFO] CodeEngine:255 - oldGeneratedFile, D:\gyuwon\source\STM32F429ZI\05.TIMER_DHT11_ULTRASONIC\Core\Inc\stm32f4xx_it.h_save
2023-10-11 11:55:48,470 [INFO] CodeEngine:279 - Generated code: D:\gyuwon\source\STM32F429ZI\05.TIMER_DHT11_ULTRASONIC\Core\Inc\stm32f4xx_it.h
2023-10-11 11:55:48,470 [INFO] CodeEngine:255 - oldGeneratedFile, D:\gyuwon\source\STM32F429ZI\05.TIMER_DHT11_ULTRASONIC\Core\Src\stm32f4xx_hal_msp.c_save
2023-10-11 11:55:48,532 [INFO] CodeEngine:279 - Generated code: D:\gyuwon\source\STM32F429ZI\05.TIMER_DHT11_ULTRASONIC\Core\Src\stm32f4xx_hal_msp.c
2023-10-11 11:55:48,548 [INFO] CodeEngine:255 - oldGeneratedFile, D:\gyuwon\source\STM32F429ZI\05.TIMER_DHT11_ULTRASONIC\MXTmpFiles\system.tmp_save
2023-10-11 11:55:48,563 [INFO] CodeEngine:279 - Generated code: D:\gyuwon\source\STM32F429ZI\05.TIMER_DHT11_ULTRASONIC\MXTmpFiles\system.tmp
2023-10-11 11:55:48,563 [INFO] CodeEngine:311 - oldGeneratedFile, D:\gyuwon\source\STM32F429ZI\05.TIMER_DHT11_ULTRASONIC\Core\Inc\stm32f4xx_hal_conf.h_save
2023-10-11 11:55:48,610 [INFO] CodeEngine:335 - Generated code: D:\gyuwon\source\STM32F429ZI\05.TIMER_DHT11_ULTRASONIC\Core\Inc\stm32f4xx_hal_conf.h
2023-10-11 11:55:48,626 [WARN] IPConfigManager:3431 - IP not found : TIM
2023-10-11 11:55:48,626 [WARN] IPConfigManager:3431 - IP not found : USB_OTG
2023-10-11 11:55:48,626 [WARN] CodeGenerator:3754 - IP not found : null
2023-10-11 11:55:48,626 [WARN] CodeGenerator:3754 - IP not found : null
2023-10-11 11:55:48,626 [INFO] CodeEngine:255 - oldGeneratedFile, D:\gyuwon\source\STM32F429ZI\05.TIMER_DHT11_ULTRASONIC\Core\Inc\main.h_save
2023-10-11 11:55:48,688 [INFO] CodeEngine:279 - Generated code: D:\gyuwon\source\STM32F429ZI\05.TIMER_DHT11_ULTRASONIC\Core\Inc\main.h
2023-10-11 11:55:48,689 [INFO] CodeEngine:255 - oldGeneratedFile, D:\gyuwon\source\STM32F429ZI\05.TIMER_DHT11_ULTRASONIC\Core\Src\main.c_save
2023-10-11 11:55:48,767 [INFO] CodeEngine:279 - Generated code: D:\gyuwon\source\STM32F429ZI\05.TIMER_DHT11_ULTRASONIC\Core\Src\main.c
2023-10-11 11:55:49,080 [INFO] ProjectBuilder:2996 - Time for Copy HAL[1] : 63mS.
2023-10-11 11:55:49,096 [INFO] ProjectBuilder:4304 - Project Generator version: 3.19.2
2023-10-11 11:55:49,237 [INFO] ConfigFileManager:1483 - The Die is : DIE419
2023-10-11 11:55:49,237 [INFO] ApiDbMcu:507 - Load IP Config File for FATFS
2023-10-11 11:55:49,237 [INFO] ApiDbMcu:507 - Load IP Config File for FREERTOS
2023-10-11 11:55:49,237 [INFO] ApiDbMcu:507 - Load IP Config File for LIBJPEG
2023-10-11 11:55:49,237 [INFO] ApiDbMcu:507 - Load IP Config File for LWIP
2023-10-11 11:55:49,252 [INFO] ApiDbMcu:507 - Load IP Config File for MBEDTLS
2023-10-11 11:55:49,252 [INFO] ApiDbMcu:507 - Load IP Config File for USB_DEVICE
2023-10-11 11:55:49,252 [INFO] ApiDbMcu:507 - Load IP Config File for USB_HOST
2023-10-11 11:55:49,690 [INFO] LogOutputStream:77 - [STDOUT_REDIRECT] 
2023-10-11 11:55:50,130 [INFO] ProjectBuilder:4505 - Time for Generating toolchain IDE Files: 1034mS.
2023-10-11 11:55:50,130 [INFO] ProjectBuilder:2867 - Time for Copy CMSIS : 0mS.
2023-10-11 11:55:50,130 [INFO] ProjectBuilder:2867 - Time for Copy CMSIS : 0mS.
2023-10-11 13:15:48,158 [INFO] NvicIntPanel:101 - NVIC parent = com.st.microxplorer.plugins.ip.nvic.MultiNvicIntPanel[,0,0,0x0,invalid,layout=javax.swing.BoxLayout,alignmentX=0.0,alignmentY=0.0,border=,flags=9,maximumSize=,minimumSize=,preferredSize=]
2023-10-11 13:15:49,477 [INFO] UtilMem:75 - End SaveConfig() Used Memory: 768636200 Bytes (964689920)
2023-10-11 13:15:50,321 [INFO] UtilMem:75 - End SaveConfig() Used Memory: 640540448 Bytes (964689920)
2023-10-11 13:15:52,702 [INFO] UtilMem:75 - End SaveConfig() Used Memory: 718932984 Bytes (964689920)
2023-10-11 13:15:52,840 [INFO] BlockDiagram:2759 - set Specific Code input for plugin: SYS
2023-10-11 13:15:52,845 [INFO] BlockDiagram:2759 - set Specific Code input for plugin: RCC
2023-10-11 13:15:52,845 [INFO] BlockDiagram:2759 - set Specific Code input for plugin: USB_OTG_FS
2023-10-11 13:15:52,845 [INFO] BlockDiagram:2759 - set Specific Code input for plugin: NVIC
2023-10-11 13:15:52,845 [INFO] BlockDiagram:2759 - set Specific Code input for plugin: USART
2023-10-11 13:15:52,845 [INFO] BlockDiagram:2759 - set Specific Code input for plugin: USART
2023-10-11 13:15:52,845 [INFO] BlockDiagram:2759 - set Specific Code input for plugin: TIM1_8
2023-10-11 13:15:52,845 [INFO] BlockDiagram:2759 - set Specific Code input for plugin: GPIO
2023-10-11 13:15:52,845 [INFO] BlockDiagram:2759 - set Specific Code input for plugin: ETH
2023-10-11 13:15:52,845 [INFO] CodeGenerator:793 - code generatio: config db path: C:\ST\STM32CubeIDE_1.12.0\STM32CubeIDE\plugins\com.st.stm32cube.common.mx_6.8.0.202302231600\\db\
2023-10-11 13:15:52,921 [INFO] CodeEngine:255 - oldGeneratedFile, D:\gyuwon\source\STM32F429ZI\05.TIMER_DHT11_ULTRASONIC\MXTmpFiles\license.tmp_save
2023-10-11 13:15:52,971 [INFO] CodeEngine:279 - Generated code: D:\gyuwon\source\STM32F429ZI\05.TIMER_DHT11_ULTRASONIC\MXTmpFiles\license.tmp
2023-10-11 13:15:53,003 [INFO] CodeEngine:255 - oldGeneratedFile, D:\gyuwon\source\STM32F429ZI\05.TIMER_DHT11_ULTRASONIC\MXTmpFiles\gpio.tmp_save
2023-10-11 13:15:53,043 [INFO] CodeEngine:279 - Generated code: D:\gyuwon\source\STM32F429ZI\05.TIMER_DHT11_ULTRASONIC\MXTmpFiles\gpio.tmp
2023-10-11 13:15:53,140 [WARN] IPConfigManager:2937 - Warning: the RefConfig PWREx_EnableUSBVoltageDetector is not available in your config.xml file
2023-10-11 13:15:53,145 [INFO] CodeEngine:255 - oldGeneratedFile, D:\gyuwon\source\STM32F429ZI\05.TIMER_DHT11_ULTRASONIC\Core\Src\stm32f4xx_it.c_save
2023-10-11 13:15:53,226 [INFO] CodeEngine:279 - Generated code: D:\gyuwon\source\STM32F429ZI\05.TIMER_DHT11_ULTRASONIC\Core\Src\stm32f4xx_it.c
2023-10-11 13:15:53,236 [INFO] CodeEngine:255 - oldGeneratedFile, D:\gyuwon\source\STM32F429ZI\05.TIMER_DHT11_ULTRASONIC\Core\Inc\stm32f4xx_it.h_save
2023-10-11 13:15:53,268 [INFO] CodeEngine:279 - Generated code: D:\gyuwon\source\STM32F429ZI\05.TIMER_DHT11_ULTRASONIC\Core\Inc\stm32f4xx_it.h
2023-10-11 13:15:53,268 [INFO] CodeEngine:255 - oldGeneratedFile, D:\gyuwon\source\STM32F429ZI\05.TIMER_DHT11_ULTRASONIC\Core\Src\stm32f4xx_hal_msp.c_save
2023-10-11 13:15:53,333 [INFO] CodeEngine:279 - Generated code: D:\gyuwon\source\STM32F429ZI\05.TIMER_DHT11_ULTRASONIC\Core\Src\stm32f4xx_hal_msp.c
2023-10-11 13:15:53,333 [INFO] CodeEngine:255 - oldGeneratedFile, D:\gyuwon\source\STM32F429ZI\05.TIMER_DHT11_ULTRASONIC\MXTmpFiles\system.tmp_save
2023-10-11 13:15:53,357 [INFO] CodeEngine:279 - Generated code: D:\gyuwon\source\STM32F429ZI\05.TIMER_DHT11_ULTRASONIC\MXTmpFiles\system.tmp
2023-10-11 13:15:53,357 [INFO] CodeEngine:311 - oldGeneratedFile, D:\gyuwon\source\STM32F429ZI\05.TIMER_DHT11_ULTRASONIC\Core\Inc\stm32f4xx_hal_conf.h_save
2023-10-11 13:15:53,381 [INFO] CodeEngine:335 - Generated code: D:\gyuwon\source\STM32F429ZI\05.TIMER_DHT11_ULTRASONIC\Core\Inc\stm32f4xx_hal_conf.h
2023-10-11 13:15:53,388 [WARN] IPConfigManager:3431 - IP not found : TIM
2023-10-11 13:15:53,388 [WARN] IPConfigManager:3431 - IP not found : USB_OTG
2023-10-11 13:15:53,388 [WARN] CodeGenerator:3754 - IP not found : null
2023-10-11 13:15:53,388 [WARN] CodeGenerator:3754 - IP not found : null
2023-10-11 13:15:53,388 [INFO] CodeEngine:255 - oldGeneratedFile, D:\gyuwon\source\STM32F429ZI\05.TIMER_DHT11_ULTRASONIC\Core\Inc\main.h_save
2023-10-11 13:15:53,418 [INFO] CodeEngine:279 - Generated code: D:\gyuwon\source\STM32F429ZI\05.TIMER_DHT11_ULTRASONIC\Core\Inc\main.h
2023-10-11 13:15:53,428 [INFO] CodeEngine:255 - oldGeneratedFile, D:\gyuwon\source\STM32F429ZI\05.TIMER_DHT11_ULTRASONIC\Core\Src\main.c_save
2023-10-11 13:15:53,479 [INFO] CodeEngine:279 - Generated code: D:\gyuwon\source\STM32F429ZI\05.TIMER_DHT11_ULTRASONIC\Core\Src\main.c
2023-10-11 13:15:53,692 [INFO] ProjectBuilder:2996 - Time for Copy HAL[1] : 40mS.
2023-10-11 13:15:53,697 [INFO] ProjectBuilder:4304 - Project Generator version: 3.19.2
2023-10-11 13:15:53,824 [INFO] ConfigFileManager:1483 - The Die is : DIE419
2023-10-11 13:15:54,359 [INFO] ProjectBuilder:4505 - Time for Generating toolchain IDE Files: 662mS.
2023-10-11 13:15:54,362 [INFO] ProjectBuilder:2867 - Time for Copy CMSIS : 0mS.
2023-10-11 13:15:54,362 [INFO] ProjectBuilder:2867 - Time for Copy CMSIS : 0mS.
2023-10-11 15:24:30,842 [INFO] UtilMem:75 - End SaveConfig() Used Memory: 660360824 Bytes (1016070144)
2023-10-11 15:24:32,285 [INFO] UtilMem:75 - End SaveConfig() Used Memory: 691825464 Bytes (1016070144)
2023-10-11 15:24:33,115 [INFO] UtilMem:75 - End SaveConfig() Used Memory: 784658544 Bytes (1016070144)
2023-10-11 15:24:33,257 [INFO] BlockDiagram:2759 - set Specific Code input for plugin: SYS
2023-10-11 15:24:33,257 [INFO] BlockDiagram:2759 - set Specific Code input for plugin: RCC
2023-10-11 15:24:33,257 [INFO] BlockDiagram:2759 - set Specific Code input for plugin: USB_OTG_FS
2023-10-11 15:24:33,257 [INFO] BlockDiagram:2759 - set Specific Code input for plugin: NVIC
2023-10-11 15:24:33,257 [INFO] BlockDiagram:2759 - set Specific Code input for plugin: USART
2023-10-11 15:24:33,257 [INFO] BlockDiagram:2759 - set Specific Code input for plugin: USART
2023-10-11 15:24:33,257 [INFO] BlockDiagram:2759 - set Specific Code input for plugin: TIM1_8
2023-10-11 15:24:33,259 [INFO] BlockDiagram:2759 - set Specific Code input for plugin: GPIO
2023-10-11 15:24:33,259 [INFO] BlockDiagram:2759 - set Specific Code input for plugin: ETH
2023-10-11 15:24:33,259 [INFO] CodeGenerator:793 - code generatio: config db path: C:\ST\STM32CubeIDE_1.12.0\STM32CubeIDE\plugins\com.st.stm32cube.common.mx_6.8.0.202302231600\\db\
2023-10-11 15:24:33,335 [INFO] CodeEngine:255 - oldGeneratedFile, D:\gyuwon\source\STM32F429ZI\05.TIMER_DHT11_ULTRASONIC\MXTmpFiles\license.tmp_save
2023-10-11 15:24:33,367 [INFO] CodeEngine:279 - Generated code: D:\gyuwon\source\STM32F429ZI\05.TIMER_DHT11_ULTRASONIC\MXTmpFiles\license.tmp
2023-10-11 15:24:33,383 [INFO] CodeEngine:255 - oldGeneratedFile, D:\gyuwon\source\STM32F429ZI\05.TIMER_DHT11_ULTRASONIC\MXTmpFiles\gpio.tmp_save
2023-10-11 15:24:33,414 [INFO] CodeEngine:279 - Generated code: D:\gyuwon\source\STM32F429ZI\05.TIMER_DHT11_ULTRASONIC\MXTmpFiles\gpio.tmp
2023-10-11 15:24:33,508 [WARN] IPConfigManager:2937 - Warning: the RefConfig PWREx_EnableUSBVoltageDetector is not available in your config.xml file
2023-10-11 15:24:33,508 [INFO] CodeEngine:255 - oldGeneratedFile, D:\gyuwon\source\STM32F429ZI\05.TIMER_DHT11_ULTRASONIC\Core\Src\stm32f4xx_it.c_save
2023-10-11 15:24:33,587 [INFO] CodeEngine:279 - Generated code: D:\gyuwon\source\STM32F429ZI\05.TIMER_DHT11_ULTRASONIC\Core\Src\stm32f4xx_it.c
2023-10-11 15:24:33,596 [INFO] CodeEngine:255 - oldGeneratedFile, D:\gyuwon\source\STM32F429ZI\05.TIMER_DHT11_ULTRASONIC\Core\Inc\stm32f4xx_it.h_save
2023-10-11 15:24:33,618 [INFO] CodeEngine:279 - Generated code: D:\gyuwon\source\STM32F429ZI\05.TIMER_DHT11_ULTRASONIC\Core\Inc\stm32f4xx_it.h
2023-10-11 15:24:33,618 [INFO] CodeEngine:255 - oldGeneratedFile, D:\gyuwon\source\STM32F429ZI\05.TIMER_DHT11_ULTRASONIC\Core\Src\stm32f4xx_hal_msp.c_save
2023-10-11 15:24:33,680 [INFO] CodeEngine:279 - Generated code: D:\gyuwon\source\STM32F429ZI\05.TIMER_DHT11_ULTRASONIC\Core\Src\stm32f4xx_hal_msp.c
2023-10-11 15:24:33,680 [INFO] CodeEngine:255 - oldGeneratedFile, D:\gyuwon\source\STM32F429ZI\05.TIMER_DHT11_ULTRASONIC\MXTmpFiles\system.tmp_save
2023-10-11 15:24:33,696 [INFO] CodeEngine:279 - Generated code: D:\gyuwon\source\STM32F429ZI\05.TIMER_DHT11_ULTRASONIC\MXTmpFiles\system.tmp
2023-10-11 15:24:33,696 [INFO] CodeEngine:311 - oldGeneratedFile, D:\gyuwon\source\STM32F429ZI\05.TIMER_DHT11_ULTRASONIC\Core\Inc\stm32f4xx_hal_conf.h_save
2023-10-11 15:24:33,727 [INFO] CodeEngine:335 - Generated code: D:\gyuwon\source\STM32F429ZI\05.TIMER_DHT11_ULTRASONIC\Core\Inc\stm32f4xx_hal_conf.h
2023-10-11 15:24:33,727 [WARN] IPConfigManager:3431 - IP not found : TIM
2023-10-11 15:24:33,727 [WARN] IPConfigManager:3431 - IP not found : USB_OTG
2023-10-11 15:24:33,727 [WARN] CodeGenerator:3754 - IP not found : null
2023-10-11 15:24:33,727 [WARN] CodeGenerator:3754 - IP not found : null
2023-10-11 15:24:33,743 [INFO] CodeEngine:255 - oldGeneratedFile, D:\gyuwon\source\STM32F429ZI\05.TIMER_DHT11_ULTRASONIC\Core\Inc\main.h_save
2023-10-11 15:24:33,759 [INFO] CodeEngine:279 - Generated code: D:\gyuwon\source\STM32F429ZI\05.TIMER_DHT11_ULTRASONIC\Core\Inc\main.h
2023-10-11 15:24:33,774 [INFO] CodeEngine:255 - oldGeneratedFile, D:\gyuwon\source\STM32F429ZI\05.TIMER_DHT11_ULTRASONIC\Core\Src\main.c_save
2023-10-11 15:24:33,806 [INFO] CodeEngine:279 - Generated code: D:\gyuwon\source\STM32F429ZI\05.TIMER_DHT11_ULTRASONIC\Core\Src\main.c
2023-10-11 15:24:34,071 [INFO] ProjectBuilder:2996 - Time for Copy HAL[1] : 47mS.
2023-10-11 15:24:34,071 [INFO] ProjectBuilder:4304 - Project Generator version: 3.19.2
2023-10-11 15:24:34,165 [INFO] ConfigFileManager:1483 - The Die is : DIE419
2023-10-11 15:24:34,666 [INFO] ProjectBuilder:4505 - Time for Generating toolchain IDE Files: 595mS.
2023-10-11 15:24:34,666 [INFO] ProjectBuilder:2867 - Time for Copy CMSIS : 0mS.
2023-10-11 15:24:34,666 [INFO] ProjectBuilder:2867 - Time for Copy CMSIS : 0mS.
2023-10-11 15:38:21,763 [INFO] UtilMem:75 - End SaveConfig() Used Memory: 831194296 Bytes (1027604480)
2023-10-11 15:38:23,686 [INFO] UtilMem:75 - End SaveConfig() Used Memory: 647342360 Bytes (1027604480)
2023-10-11 15:38:24,580 [INFO] UtilMem:75 - End SaveConfig() Used Memory: 732803352 Bytes (1027604480)
2023-10-11 15:38:24,690 [INFO] BlockDiagram:2759 - set Specific Code input for plugin: SYS
2023-10-11 15:38:24,690 [INFO] BlockDiagram:2759 - set Specific Code input for plugin: RCC
2023-10-11 15:38:24,690 [INFO] BlockDiagram:2759 - set Specific Code input for plugin: USB_OTG_FS
2023-10-11 15:38:24,690 [INFO] BlockDiagram:2759 - set Specific Code input for plugin: NVIC
2023-10-11 15:38:24,690 [INFO] BlockDiagram:2759 - set Specific Code input for plugin: USART
2023-10-11 15:38:24,690 [INFO] BlockDiagram:2759 - set Specific Code input for plugin: USART
2023-10-11 15:38:24,690 [INFO] BlockDiagram:2759 - set Specific Code input for plugin: TIM1_8
2023-10-11 15:38:24,690 [INFO] BlockDiagram:2759 - set Specific Code input for plugin: TIM1_8
2023-10-11 15:38:24,690 [INFO] BlockDiagram:2759 - set Specific Code input for plugin: GPIO
2023-10-11 15:38:24,690 [INFO] BlockDiagram:2759 - set Specific Code input for plugin: ETH
2023-10-11 15:38:24,690 [INFO] CodeGenerator:793 - code generatio: config db path: C:\ST\STM32CubeIDE_1.12.0\STM32CubeIDE\plugins\com.st.stm32cube.common.mx_6.8.0.202302231600\\db\
2023-10-11 15:38:24,785 [INFO] CodeEngine:255 - oldGeneratedFile, D:\gyuwon\source\STM32F429ZI\05.TIMER_DHT11_ULTRASONIC\MXTmpFiles\license.tmp_save
2023-10-11 15:38:24,800 [INFO] CodeEngine:279 - Generated code: D:\gyuwon\source\STM32F429ZI\05.TIMER_DHT11_ULTRASONIC\MXTmpFiles\license.tmp
2023-10-11 15:38:24,816 [INFO] CodeEngine:255 - oldGeneratedFile, D:\gyuwon\source\STM32F429ZI\05.TIMER_DHT11_ULTRASONIC\MXTmpFiles\gpio.tmp_save
2023-10-11 15:38:24,847 [INFO] CodeEngine:279 - Generated code: D:\gyuwon\source\STM32F429ZI\05.TIMER_DHT11_ULTRASONIC\MXTmpFiles\gpio.tmp
2023-10-11 15:38:24,972 [WARN] IPConfigManager:2937 - Warning: the RefConfig PWREx_EnableUSBVoltageDetector is not available in your config.xml file
2023-10-11 15:38:24,988 [INFO] CodeEngine:255 - oldGeneratedFile, D:\gyuwon\source\STM32F429ZI\05.TIMER_DHT11_ULTRASONIC\Core\Src\stm32f4xx_it.c_save
2023-10-11 15:38:25,067 [INFO] CodeEngine:279 - Generated code: D:\gyuwon\source\STM32F429ZI\05.TIMER_DHT11_ULTRASONIC\Core\Src\stm32f4xx_it.c
2023-10-11 15:38:25,067 [INFO] CodeEngine:255 - oldGeneratedFile, D:\gyuwon\source\STM32F429ZI\05.TIMER_DHT11_ULTRASONIC\Core\Inc\stm32f4xx_it.h_save
2023-10-11 15:38:25,098 [INFO] CodeEngine:279 - Generated code: D:\gyuwon\source\STM32F429ZI\05.TIMER_DHT11_ULTRASONIC\Core\Inc\stm32f4xx_it.h
2023-10-11 15:38:25,098 [INFO] CodeEngine:255 - oldGeneratedFile, D:\gyuwon\source\STM32F429ZI\05.TIMER_DHT11_ULTRASONIC\Core\Src\stm32f4xx_hal_msp.c_save
2023-10-11 15:38:25,145 [INFO] CodeEngine:279 - Generated code: D:\gyuwon\source\STM32F429ZI\05.TIMER_DHT11_ULTRASONIC\Core\Src\stm32f4xx_hal_msp.c
2023-10-11 15:38:25,145 [INFO] CodeEngine:255 - oldGeneratedFile, D:\gyuwon\source\STM32F429ZI\05.TIMER_DHT11_ULTRASONIC\MXTmpFiles\system.tmp_save
2023-10-11 15:38:25,161 [INFO] CodeEngine:279 - Generated code: D:\gyuwon\source\STM32F429ZI\05.TIMER_DHT11_ULTRASONIC\MXTmpFiles\system.tmp
2023-10-11 15:38:25,161 [INFO] CodeEngine:311 - oldGeneratedFile, D:\gyuwon\source\STM32F429ZI\05.TIMER_DHT11_ULTRASONIC\Core\Inc\stm32f4xx_hal_conf.h_save
2023-10-11 15:38:25,192 [INFO] CodeEngine:335 - Generated code: D:\gyuwon\source\STM32F429ZI\05.TIMER_DHT11_ULTRASONIC\Core\Inc\stm32f4xx_hal_conf.h
2023-10-11 15:38:25,208 [WARN] IPConfigManager:3431 - IP not found : TIM
2023-10-11 15:38:25,208 [WARN] IPConfigManager:3431 - IP not found : USB_OTG
2023-10-11 15:38:25,208 [WARN] CodeGenerator:3754 - IP not found : null
2023-10-11 15:38:25,208 [WARN] CodeGenerator:3754 - IP not found : null
2023-10-11 15:38:25,208 [INFO] CodeEngine:255 - oldGeneratedFile, D:\gyuwon\source\STM32F429ZI\05.TIMER_DHT11_ULTRASONIC\Core\Inc\main.h_save
2023-10-11 15:38:25,239 [INFO] CodeEngine:279 - Generated code: D:\gyuwon\source\STM32F429ZI\05.TIMER_DHT11_ULTRASONIC\Core\Inc\main.h
2023-10-11 15:38:25,239 [INFO] CodeEngine:255 - oldGeneratedFile, D:\gyuwon\source\STM32F429ZI\05.TIMER_DHT11_ULTRASONIC\Core\Src\main.c_save
2023-10-11 15:38:25,286 [INFO] CodeEngine:279 - Generated code: D:\gyuwon\source\STM32F429ZI\05.TIMER_DHT11_ULTRASONIC\Core\Src\main.c
2023-10-11 15:38:25,520 [INFO] ProjectBuilder:2996 - Time for Copy HAL[1] : 62mS.
2023-10-11 15:38:25,520 [INFO] ProjectBuilder:4304 - Project Generator version: 3.19.2
2023-10-11 15:38:25,662 [INFO] ConfigFileManager:1483 - The Die is : DIE419
2023-10-11 15:38:26,132 [INFO] ProjectBuilder:4505 - Time for Generating toolchain IDE Files: 612mS.
2023-10-11 15:38:26,132 [INFO] ProjectBuilder:2867 - Time for Copy CMSIS : 0mS.
2023-10-11 15:38:26,132 [INFO] ProjectBuilder:2867 - Time for Copy CMSIS : 0mS.
2023-10-11 15:39:32,030 [INFO] NvicIntPanel:101 - NVIC parent = com.st.microxplorer.plugins.ip.nvic.MultiNvicIntPanel[,0,0,666x236,layout=javax.swing.BoxLayout,alignmentX=0.0,alignmentY=0.0,border=,flags=9,maximumSize=,minimumSize=,preferredSize=]
2023-10-11 15:39:38,330 [INFO] NvicIntPanel:101 - NVIC parent = com.st.microxplorer.plugins.ip.nvic.MultiNvicIntPanel[,0,0,666x236,layout=javax.swing.BoxLayout,alignmentX=0.0,alignmentY=0.0,border=,flags=9,maximumSize=,minimumSize=,preferredSize=]
2023-10-11 15:39:40,522 [INFO] NvicIntPanel:101 - NVIC parent = com.st.microxplorer.plugins.ip.nvic.MultiNvicIntPanel[,0,0,666x236,layout=javax.swing.BoxLayout,alignmentX=0.0,alignmentY=0.0,border=,flags=9,maximumSize=,minimumSize=,preferredSize=]
2023-10-11 15:39:41,491 [INFO] NvicIntPanel:101 - NVIC parent = com.st.microxplorer.plugins.ip.nvic.MultiNvicIntPanel[,0,0,0x0,invalid,layout=javax.swing.BoxLayout,alignmentX=0.0,alignmentY=0.0,border=,flags=9,maximumSize=,minimumSize=,preferredSize=]
2023-10-11 15:39:41,772 [INFO] NvicIntPanel:101 - NVIC parent = com.st.microxplorer.plugins.ip.nvic.MultiNvicIntPanel[,0,0,0x0,invalid,layout=javax.swing.BoxLayout,alignmentX=0.0,alignmentY=0.0,border=,flags=9,maximumSize=,minimumSize=,preferredSize=]
2023-10-11 15:39:42,303 [INFO] NvicIntPanel:101 - NVIC parent = com.st.microxplorer.plugins.ip.nvic.MultiNvicIntPanel[,0,0,0x0,invalid,layout=javax.swing.BoxLayout,alignmentX=0.0,alignmentY=0.0,border=,flags=9,maximumSize=,minimumSize=,preferredSize=]
2023-10-11 15:39:42,710 [INFO] UtilMem:75 - End SaveConfig() Used Memory: 668883608 Bytes (1038090240)
2023-10-11 15:39:43,382 [INFO] UtilMem:75 - End SaveConfig() Used Memory: 694571672 Bytes (1038090240)
2023-10-11 15:39:44,366 [INFO] UtilMem:75 - End SaveConfig() Used Memory: 742806168 Bytes (1038090240)
2023-10-11 15:39:44,491 [INFO] BlockDiagram:2759 - set Specific Code input for plugin: SYS
2023-10-11 15:39:44,491 [INFO] BlockDiagram:2759 - set Specific Code input for plugin: RCC
2023-10-11 15:39:44,491 [INFO] BlockDiagram:2759 - set Specific Code input for plugin: USB_OTG_FS
2023-10-11 15:39:44,491 [INFO] BlockDiagram:2759 - set Specific Code input for plugin: NVIC
2023-10-11 15:39:44,491 [INFO] BlockDiagram:2759 - set Specific Code input for plugin: USART
2023-10-11 15:39:44,491 [INFO] BlockDiagram:2759 - set Specific Code input for plugin: USART
2023-10-11 15:39:44,491 [INFO] BlockDiagram:2759 - set Specific Code input for plugin: TIM1_8
2023-10-11 15:39:44,491 [INFO] BlockDiagram:2759 - set Specific Code input for plugin: TIM1_8
2023-10-11 15:39:44,491 [INFO] BlockDiagram:2759 - set Specific Code input for plugin: GPIO
2023-10-11 15:39:44,491 [INFO] BlockDiagram:2759 - set Specific Code input for plugin: ETH
2023-10-11 15:39:44,491 [INFO] CodeGenerator:793 - code generatio: config db path: C:\ST\STM32CubeIDE_1.12.0\STM32CubeIDE\plugins\com.st.stm32cube.common.mx_6.8.0.202302231600\\db\
2023-10-11 15:39:44,569 [INFO] CodeEngine:255 - oldGeneratedFile, D:\gyuwon\source\STM32F429ZI\05.TIMER_DHT11_ULTRASONIC\MXTmpFiles\license.tmp_save
2023-10-11 15:39:44,601 [INFO] CodeEngine:279 - Generated code: D:\gyuwon\source\STM32F429ZI\05.TIMER_DHT11_ULTRASONIC\MXTmpFiles\license.tmp
2023-10-11 15:39:44,616 [INFO] CodeEngine:255 - oldGeneratedFile, D:\gyuwon\source\STM32F429ZI\05.TIMER_DHT11_ULTRASONIC\MXTmpFiles\gpio.tmp_save
2023-10-11 15:39:44,632 [INFO] CodeEngine:279 - Generated code: D:\gyuwon\source\STM32F429ZI\05.TIMER_DHT11_ULTRASONIC\MXTmpFiles\gpio.tmp
2023-10-11 15:39:44,741 [WARN] IPConfigManager:2937 - Warning: the RefConfig PWREx_EnableUSBVoltageDetector is not available in your config.xml file
2023-10-11 15:39:44,741 [INFO] CodeEngine:255 - oldGeneratedFile, D:\gyuwon\source\STM32F429ZI\05.TIMER_DHT11_ULTRASONIC\Core\Src\stm32f4xx_it.c_save
2023-10-11 15:39:44,772 [INFO] CodeEngine:279 - Generated code: D:\gyuwon\source\STM32F429ZI\05.TIMER_DHT11_ULTRASONIC\Core\Src\stm32f4xx_it.c
2023-10-11 15:39:44,772 [INFO] CodeEngine:255 - oldGeneratedFile, D:\gyuwon\source\STM32F429ZI\05.TIMER_DHT11_ULTRASONIC\Core\Inc\stm32f4xx_it.h_save
2023-10-11 15:39:44,804 [INFO] CodeEngine:279 - Generated code: D:\gyuwon\source\STM32F429ZI\05.TIMER_DHT11_ULTRASONIC\Core\Inc\stm32f4xx_it.h
2023-10-11 15:39:44,804 [INFO] CodeEngine:255 - oldGeneratedFile, D:\gyuwon\source\STM32F429ZI\05.TIMER_DHT11_ULTRASONIC\Core\Src\stm32f4xx_hal_msp.c_save
2023-10-11 15:39:44,866 [INFO] CodeEngine:279 - Generated code: D:\gyuwon\source\STM32F429ZI\05.TIMER_DHT11_ULTRASONIC\Core\Src\stm32f4xx_hal_msp.c
2023-10-11 15:39:44,866 [INFO] CodeEngine:255 - oldGeneratedFile, D:\gyuwon\source\STM32F429ZI\05.TIMER_DHT11_ULTRASONIC\MXTmpFiles\system.tmp_save
2023-10-11 15:39:44,897 [INFO] CodeEngine:279 - Generated code: D:\gyuwon\source\STM32F429ZI\05.TIMER_DHT11_ULTRASONIC\MXTmpFiles\system.tmp
2023-10-11 15:39:44,897 [INFO] CodeEngine:311 - oldGeneratedFile, D:\gyuwon\source\STM32F429ZI\05.TIMER_DHT11_ULTRASONIC\Core\Inc\stm32f4xx_hal_conf.h_save
2023-10-11 15:39:44,929 [INFO] CodeEngine:335 - Generated code: D:\gyuwon\source\STM32F429ZI\05.TIMER_DHT11_ULTRASONIC\Core\Inc\stm32f4xx_hal_conf.h
2023-10-11 15:39:44,929 [WARN] IPConfigManager:3431 - IP not found : TIM
2023-10-11 15:39:44,929 [WARN] IPConfigManager:3431 - IP not found : USB_OTG
2023-10-11 15:39:44,929 [WARN] CodeGenerator:3754 - IP not found : null
2023-10-11 15:39:44,929 [WARN] CodeGenerator:3754 - IP not found : null
2023-10-11 15:39:44,929 [INFO] CodeEngine:255 - oldGeneratedFile, D:\gyuwon\source\STM32F429ZI\05.TIMER_DHT11_ULTRASONIC\Core\Inc\main.h_save
2023-10-11 15:39:44,976 [INFO] CodeEngine:279 - Generated code: D:\gyuwon\source\STM32F429ZI\05.TIMER_DHT11_ULTRASONIC\Core\Inc\main.h
2023-10-11 15:39:44,976 [INFO] CodeEngine:255 - oldGeneratedFile, D:\gyuwon\source\STM32F429ZI\05.TIMER_DHT11_ULTRASONIC\Core\Src\main.c_save
2023-10-11 15:39:45,022 [INFO] CodeEngine:279 - Generated code: D:\gyuwon\source\STM32F429ZI\05.TIMER_DHT11_ULTRASONIC\Core\Src\main.c
2023-10-11 15:39:45,257 [INFO] ProjectBuilder:2996 - Time for Copy HAL[1] : 63mS.
2023-10-11 15:39:45,257 [INFO] ProjectBuilder:4304 - Project Generator version: 3.19.2
2023-10-11 15:39:45,366 [INFO] ConfigFileManager:1483 - The Die is : DIE419
2023-10-11 15:39:45,820 [INFO] ProjectBuilder:4505 - Time for Generating toolchain IDE Files: 563mS.
2023-10-11 15:39:45,820 [INFO] ProjectBuilder:2867 - Time for Copy CMSIS : 0mS.
2023-10-11 15:39:45,820 [INFO] ProjectBuilder:2867 - Time for Copy CMSIS : 0mS.
2023-10-11 15:40:04,289 [INFO] NvicIntPanel:101 - NVIC parent = com.st.microxplorer.plugins.ip.nvic.MultiNvicIntPanel[,0,0,0x0,invalid,layout=javax.swing.BoxLayout,alignmentX=0.0,alignmentY=0.0,border=,flags=9,maximumSize=,minimumSize=,preferredSize=]
2023-10-11 15:40:07,479 [INFO] UtilMem:75 - End SaveConfig() Used Memory: 734387832 Bytes (1044381696)
2023-10-11 15:40:08,172 [INFO] UtilMem:75 - End SaveConfig() Used Memory: 771614328 Bytes (1044381696)
2023-10-11 15:40:08,750 [INFO] UtilMem:75 - End SaveConfig() Used Memory: 817751672 Bytes (1044381696)
2023-10-11 15:40:08,892 [INFO] BlockDiagram:2759 - set Specific Code input for plugin: SYS
2023-10-11 15:40:08,892 [INFO] BlockDiagram:2759 - set Specific Code input for plugin: RCC
2023-10-11 15:40:08,892 [INFO] BlockDiagram:2759 - set Specific Code input for plugin: USB_OTG_FS
2023-10-11 15:40:08,892 [INFO] BlockDiagram:2759 - set Specific Code input for plugin: NVIC
2023-10-11 15:40:08,892 [INFO] BlockDiagram:2759 - set Specific Code input for plugin: USART
2023-10-11 15:40:08,892 [INFO] BlockDiagram:2759 - set Specific Code input for plugin: USART
2023-10-11 15:40:08,892 [INFO] BlockDiagram:2759 - set Specific Code input for plugin: TIM1_8
2023-10-11 15:40:08,892 [INFO] BlockDiagram:2759 - set Specific Code input for plugin: TIM1_8
2023-10-11 15:40:08,892 [INFO] BlockDiagram:2759 - set Specific Code input for plugin: GPIO
2023-10-11 15:40:08,892 [INFO] BlockDiagram:2759 - set Specific Code input for plugin: ETH
2023-10-11 15:40:08,892 [INFO] CodeGenerator:793 - code generatio: config db path: C:\ST\STM32CubeIDE_1.12.0\STM32CubeIDE\plugins\com.st.stm32cube.common.mx_6.8.0.202302231600\\db\
2023-10-11 15:40:08,970 [INFO] CodeEngine:255 - oldGeneratedFile, D:\gyuwon\source\STM32F429ZI\05.TIMER_DHT11_ULTRASONIC\MXTmpFiles\license.tmp_save
2023-10-11 15:40:09,001 [INFO] CodeEngine:279 - Generated code: D:\gyuwon\source\STM32F429ZI\05.TIMER_DHT11_ULTRASONIC\MXTmpFiles\license.tmp
2023-10-11 15:40:09,017 [INFO] CodeEngine:255 - oldGeneratedFile, D:\gyuwon\source\STM32F429ZI\05.TIMER_DHT11_ULTRASONIC\MXTmpFiles\gpio.tmp_save
2023-10-11 15:40:09,048 [INFO] CodeEngine:279 - Generated code: D:\gyuwon\source\STM32F429ZI\05.TIMER_DHT11_ULTRASONIC\MXTmpFiles\gpio.tmp
2023-10-11 15:40:09,142 [WARN] IPConfigManager:2937 - Warning: the RefConfig PWREx_EnableUSBVoltageDetector is not available in your config.xml file
2023-10-11 15:40:09,142 [INFO] CodeEngine:255 - oldGeneratedFile, D:\gyuwon\source\STM32F429ZI\05.TIMER_DHT11_ULTRASONIC\Core\Src\stm32f4xx_it.c_save
2023-10-11 15:40:09,173 [INFO] CodeEngine:279 - Generated code: D:\gyuwon\source\STM32F429ZI\05.TIMER_DHT11_ULTRASONIC\Core\Src\stm32f4xx_it.c
2023-10-11 15:40:09,173 [INFO] CodeEngine:255 - oldGeneratedFile, D:\gyuwon\source\STM32F429ZI\05.TIMER_DHT11_ULTRASONIC\Core\Inc\stm32f4xx_it.h_save
2023-10-11 15:40:09,204 [INFO] CodeEngine:279 - Generated code: D:\gyuwon\source\STM32F429ZI\05.TIMER_DHT11_ULTRASONIC\Core\Inc\stm32f4xx_it.h
2023-10-11 15:40:09,204 [INFO] CodeEngine:255 - oldGeneratedFile, D:\gyuwon\source\STM32F429ZI\05.TIMER_DHT11_ULTRASONIC\Core\Src\stm32f4xx_hal_msp.c_save
2023-10-11 15:40:09,251 [INFO] CodeEngine:279 - Generated code: D:\gyuwon\source\STM32F429ZI\05.TIMER_DHT11_ULTRASONIC\Core\Src\stm32f4xx_hal_msp.c
2023-10-11 15:40:09,251 [INFO] CodeEngine:255 - oldGeneratedFile, D:\gyuwon\source\STM32F429ZI\05.TIMER_DHT11_ULTRASONIC\MXTmpFiles\system.tmp_save
2023-10-11 15:40:09,267 [INFO] CodeEngine:279 - Generated code: D:\gyuwon\source\STM32F429ZI\05.TIMER_DHT11_ULTRASONIC\MXTmpFiles\system.tmp
2023-10-11 15:40:09,267 [INFO] CodeEngine:311 - oldGeneratedFile, D:\gyuwon\source\STM32F429ZI\05.TIMER_DHT11_ULTRASONIC\Core\Inc\stm32f4xx_hal_conf.h_save
2023-10-11 15:40:09,298 [INFO] CodeEngine:335 - Generated code: D:\gyuwon\source\STM32F429ZI\05.TIMER_DHT11_ULTRASONIC\Core\Inc\stm32f4xx_hal_conf.h
2023-10-11 15:40:09,298 [WARN] IPConfigManager:3431 - IP not found : TIM
2023-10-11 15:40:09,298 [WARN] IPConfigManager:3431 - IP not found : USB_OTG
2023-10-11 15:40:09,298 [WARN] CodeGenerator:3754 - IP not found : null
2023-10-11 15:40:09,298 [WARN] CodeGenerator:3754 - IP not found : null
2023-10-11 15:40:09,298 [INFO] CodeEngine:255 - oldGeneratedFile, D:\gyuwon\source\STM32F429ZI\05.TIMER_DHT11_ULTRASONIC\Core\Inc\main.h_save
2023-10-11 15:40:09,329 [INFO] CodeEngine:279 - Generated code: D:\gyuwon\source\STM32F429ZI\05.TIMER_DHT11_ULTRASONIC\Core\Inc\main.h
2023-10-11 15:40:09,329 [INFO] CodeEngine:255 - oldGeneratedFile, D:\gyuwon\source\STM32F429ZI\05.TIMER_DHT11_ULTRASONIC\Core\Src\main.c_save
2023-10-11 15:40:09,392 [INFO] CodeEngine:279 - Generated code: D:\gyuwon\source\STM32F429ZI\05.TIMER_DHT11_ULTRASONIC\Core\Src\main.c
2023-10-11 15:40:09,612 [INFO] ProjectBuilder:2996 - Time for Copy HAL[1] : 48mS.
2023-10-11 15:40:09,612 [INFO] ProjectBuilder:4304 - Project Generator version: 3.19.2
2023-10-11 15:40:09,721 [INFO] ConfigFileManager:1483 - The Die is : DIE419
2023-10-11 15:40:10,221 [INFO] ProjectBuilder:4505 - Time for Generating toolchain IDE Files: 609mS.
2023-10-11 15:40:10,221 [INFO] ProjectBuilder:2867 - Time for Copy CMSIS : 0mS.
2023-10-11 15:40:10,221 [INFO] ProjectBuilder:2867 - Time for Copy CMSIS : 0mS.
2023-10-11 15:41:02,881 [INFO] NvicIntPanel:101 - NVIC parent = com.st.microxplorer.plugins.ip.nvic.MultiNvicIntPanel[,0,0,0x0,invalid,layout=javax.swing.BoxLayout,alignmentX=0.0,alignmentY=0.0,border=,flags=9,maximumSize=,minimumSize=,preferredSize=]
2023-10-11 15:41:03,131 [INFO] NvicIntPanel:101 - NVIC parent = com.st.microxplorer.plugins.ip.nvic.MultiNvicIntPanel[,0,0,0x0,invalid,layout=javax.swing.BoxLayout,alignmentX=0.0,alignmentY=0.0,border=,flags=9,maximumSize=,minimumSize=,preferredSize=]
2023-10-11 15:41:03,646 [INFO] NvicIntPanel:101 - NVIC parent = com.st.microxplorer.plugins.ip.nvic.MultiNvicIntPanel[,0,0,0x0,invalid,layout=javax.swing.BoxLayout,alignmentX=0.0,alignmentY=0.0,border=,flags=9,maximumSize=,minimumSize=,preferredSize=]
2023-10-11 15:41:06,589 [INFO] NvicIntPanel:101 - NVIC parent = com.st.microxplorer.plugins.ip.nvic.MultiNvicIntPanel[,0,0,0x0,invalid,layout=javax.swing.BoxLayout,alignmentX=0.0,alignmentY=0.0,border=,flags=9,maximumSize=,minimumSize=,preferredSize=]
2023-10-11 15:41:07,011 [INFO] NvicIntPanel:101 - NVIC parent = com.st.microxplorer.plugins.ip.nvic.MultiNvicIntPanel[,0,0,0x0,invalid,layout=javax.swing.BoxLayout,alignmentX=0.0,alignmentY=0.0,border=,flags=9,maximumSize=,minimumSize=,preferredSize=]
2023-10-11 15:41:09,552 [INFO] NvicIntPanel:101 - NVIC parent = com.st.microxplorer.plugins.ip.nvic.MultiNvicIntPanel[,0,0,0x0,invalid,layout=javax.swing.BoxLayout,alignmentX=0.0,alignmentY=0.0,border=,flags=9,maximumSize=,minimumSize=,preferredSize=]
2023-10-11 15:41:10,539 [INFO] NvicIntPanel:101 - NVIC parent = com.st.microxplorer.plugins.ip.nvic.MultiNvicIntPanel[,0,0,0x0,invalid,layout=javax.swing.BoxLayout,alignmentX=0.0,alignmentY=0.0,border=,flags=9,maximumSize=,minimumSize=,preferredSize=]
2023-10-11 15:41:11,792 [INFO] UtilMem:75 - End SaveConfig() Used Memory: 672966008 Bytes (1050673152)
2023-10-11 15:41:12,717 [INFO] UtilMem:75 - End SaveConfig() Used Memory: 699180408 Bytes (1050673152)
2023-10-11 15:41:13,345 [INFO] UtilMem:75 - End SaveConfig() Used Memory: 746366328 Bytes (1050673152)
2023-10-11 15:41:13,471 [INFO] BlockDiagram:2759 - set Specific Code input for plugin: SYS
2023-10-11 15:41:13,471 [INFO] BlockDiagram:2759 - set Specific Code input for plugin: RCC
2023-10-11 15:41:13,471 [INFO] BlockDiagram:2759 - set Specific Code input for plugin: USB_OTG_FS
2023-10-11 15:41:13,471 [INFO] BlockDiagram:2759 - set Specific Code input for plugin: NVIC
2023-10-11 15:41:13,471 [INFO] BlockDiagram:2759 - set Specific Code input for plugin: USART
2023-10-11 15:41:13,471 [INFO] BlockDiagram:2759 - set Specific Code input for plugin: USART
2023-10-11 15:41:13,471 [INFO] BlockDiagram:2759 - set Specific Code input for plugin: TIM1_8
2023-10-11 15:41:13,471 [INFO] BlockDiagram:2759 - set Specific Code input for plugin: TIM1_8
2023-10-11 15:41:13,471 [INFO] BlockDiagram:2759 - set Specific Code input for plugin: GPIO
2023-10-11 15:41:13,471 [INFO] BlockDiagram:2759 - set Specific Code input for plugin: ETH
2023-10-11 15:41:13,471 [INFO] CodeGenerator:793 - code generatio: config db path: C:\ST\STM32CubeIDE_1.12.0\STM32CubeIDE\plugins\com.st.stm32cube.common.mx_6.8.0.202302231600\\db\
2023-10-11 15:41:13,549 [INFO] CodeEngine:255 - oldGeneratedFile, D:\gyuwon\source\STM32F429ZI\05.TIMER_DHT11_ULTRASONIC\MXTmpFiles\license.tmp_save
2023-10-11 15:41:13,565 [INFO] CodeEngine:279 - Generated code: D:\gyuwon\source\STM32F429ZI\05.TIMER_DHT11_ULTRASONIC\MXTmpFiles\license.tmp
2023-10-11 15:41:13,580 [INFO] CodeEngine:255 - oldGeneratedFile, D:\gyuwon\source\STM32F429ZI\05.TIMER_DHT11_ULTRASONIC\MXTmpFiles\gpio.tmp_save
2023-10-11 15:41:13,611 [INFO] CodeEngine:279 - Generated code: D:\gyuwon\source\STM32F429ZI\05.TIMER_DHT11_ULTRASONIC\MXTmpFiles\gpio.tmp
2023-10-11 15:41:13,706 [WARN] IPConfigManager:2937 - Warning: the RefConfig PWREx_EnableUSBVoltageDetector is not available in your config.xml file
2023-10-11 15:41:13,721 [INFO] CodeEngine:255 - oldGeneratedFile, D:\gyuwon\source\STM32F429ZI\05.TIMER_DHT11_ULTRASONIC\Core\Src\stm32f4xx_it.c_save
2023-10-11 15:41:13,753 [INFO] CodeEngine:279 - Generated code: D:\gyuwon\source\STM32F429ZI\05.TIMER_DHT11_ULTRASONIC\Core\Src\stm32f4xx_it.c
2023-10-11 15:41:13,753 [INFO] CodeEngine:255 - oldGeneratedFile, D:\gyuwon\source\STM32F429ZI\05.TIMER_DHT11_ULTRASONIC\Core\Inc\stm32f4xx_it.h_save
2023-10-11 15:41:13,768 [INFO] CodeEngine:279 - Generated code: D:\gyuwon\source\STM32F429ZI\05.TIMER_DHT11_ULTRASONIC\Core\Inc\stm32f4xx_it.h
2023-10-11 15:41:13,768 [INFO] CodeEngine:255 - oldGeneratedFile, D:\gyuwon\source\STM32F429ZI\05.TIMER_DHT11_ULTRASONIC\Core\Src\stm32f4xx_hal_msp.c_save
2023-10-11 15:41:13,831 [INFO] CodeEngine:279 - Generated code: D:\gyuwon\source\STM32F429ZI\05.TIMER_DHT11_ULTRASONIC\Core\Src\stm32f4xx_hal_msp.c
2023-10-11 15:41:13,840 [INFO] CodeEngine:255 - oldGeneratedFile, D:\gyuwon\source\STM32F429ZI\05.TIMER_DHT11_ULTRASONIC\MXTmpFiles\system.tmp_save
2023-10-11 15:41:13,862 [INFO] CodeEngine:279 - Generated code: D:\gyuwon\source\STM32F429ZI\05.TIMER_DHT11_ULTRASONIC\MXTmpFiles\system.tmp
2023-10-11 15:41:13,862 [INFO] CodeEngine:311 - oldGeneratedFile, D:\gyuwon\source\STM32F429ZI\05.TIMER_DHT11_ULTRASONIC\Core\Inc\stm32f4xx_hal_conf.h_save
2023-10-11 15:41:13,893 [INFO] CodeEngine:335 - Generated code: D:\gyuwon\source\STM32F429ZI\05.TIMER_DHT11_ULTRASONIC\Core\Inc\stm32f4xx_hal_conf.h
2023-10-11 15:41:13,893 [WARN] IPConfigManager:3431 - IP not found : TIM
2023-10-11 15:41:13,893 [WARN] IPConfigManager:3431 - IP not found : USB_OTG
2023-10-11 15:41:13,893 [WARN] CodeGenerator:3754 - IP not found : null
2023-10-11 15:41:13,893 [WARN] CodeGenerator:3754 - IP not found : null
2023-10-11 15:41:13,893 [INFO] CodeEngine:255 - oldGeneratedFile, D:\gyuwon\source\STM32F429ZI\05.TIMER_DHT11_ULTRASONIC\Core\Inc\main.h_save
2023-10-11 15:41:13,940 [INFO] CodeEngine:279 - Generated code: D:\gyuwon\source\STM32F429ZI\05.TIMER_DHT11_ULTRASONIC\Core\Inc\main.h
2023-10-11 15:41:13,940 [INFO] CodeEngine:255 - oldGeneratedFile, D:\gyuwon\source\STM32F429ZI\05.TIMER_DHT11_ULTRASONIC\Core\Src\main.c_save
2023-10-11 15:41:13,971 [INFO] CodeEngine:279 - Generated code: D:\gyuwon\source\STM32F429ZI\05.TIMER_DHT11_ULTRASONIC\Core\Src\main.c
2023-10-11 15:41:14,221 [INFO] ProjectBuilder:2996 - Time for Copy HAL[1] : 62mS.
2023-10-11 15:41:14,221 [INFO] ProjectBuilder:4304 - Project Generator version: 3.19.2
2023-10-11 15:41:14,346 [INFO] ConfigFileManager:1483 - The Die is : DIE419
2023-10-11 15:41:14,784 [INFO] ProjectBuilder:4505 - Time for Generating toolchain IDE Files: 563mS.
2023-10-11 15:41:14,784 [INFO] ProjectBuilder:2867 - Time for Copy CMSIS : 0mS.
2023-10-11 15:41:14,784 [INFO] ProjectBuilder:2867 - Time for Copy CMSIS : 0mS.
2023-10-11 17:58:49,417 [ERROR] LogOutputStream:75 - [STDERR_REDIRECT] 
