2023-10-10 09:13:26,533 [INFO] Activator:176 - 


2023-10-10 09:13:26,533 [INFO] Activator:177 - !SESSION log4j initialized
2023-10-10 09:13:29,427 [INFO] LogOutputStream:77 - [STDOUT_REDIRECT] 
2023-10-10 09:13:30,131 [ERROR] LogOutputStream:75 - [STDERR_REDIRECT] 10?? 10, 2023 9:13:30 ???? org.glassfish.grizzly.http.server.NetworkListener start
2023-10-10 09:13:30,131 [ERROR] LogOutputStream:75 - [STDERR_REDIRECT] ????: Started listener bound to [localhost:1597]
2023-10-10 09:13:30,131 [ERROR] LogOutputStream:75 - [STDERR_REDIRECT] 
2023-10-10 09:13:30,131 [ERROR] LogOutputStream:75 - [STDERR_REDIRECT] 10?? 10, 2023 9:13:30 ???? org.glassfish.grizzly.http.server.HttpServer start
2023-10-10 09:13:30,131 [ERROR] LogOutputStream:75 - [STDERR_REDIRECT] ????: [HttpServer] Started.
2023-10-10 09:13:30,131 [ERROR] LogOutputStream:75 - [STDERR_REDIRECT] 
2023-10-10 10:22:35,185 [INFO] ApplicationProperties:184 - Using Application install path: C:\ST\STM32CubeIDE_1.12.0\STM32CubeIDE\plugins\com.st.stm32cube.common.mx_6.8.0.202302231600
2023-10-10 10:22:35,185 [INFO] DbMcusXml:78 - Set database path to: C:\ST\STM32CubeIDE_1.12.0\STM32CubeIDE\plugins\com.st.stm32cube.common.mx_6.8.0.202302231600\\db\/mcu/
2023-10-10 10:22:35,185 [INFO] ApiDb:274 - Set plugin database path to: C:\ST\STM32CubeIDE_1.12.0\STM32CubeIDE\plugins\com.st.stm32cube.common.mx_6.8.0.202302231600\\db\/plugins/boardmanager/
2023-10-10 10:22:35,201 [WARN] ApiDb:259 - Overriding images path with different value:  => C:\ST\STM32CubeIDE_1.12.0\STM32CubeIDE\plugins\com.st.stm32cube.common.mx_6.8.0.202302231600\\db\/plugins/mcufinder/images/
2023-10-10 10:22:35,201 [INFO] ApiDb:250 - Set database path to: C:\Users\USER\.stmcufinder\plugins\mcufinder//mcu/
2023-10-10 10:22:35,201 [INFO] DbMcusAds:125 - Set database path to: C:\Users\USER\.stmcufinder\plugins\mcufinder//mcu/
2023-10-10 10:22:35,247 [INFO] CrossReferenceDbSqlite:203 - Set database path to: C:\Users\USER\.stmcufinder\plugins\mcufinder//mcu/cs/
2023-10-10 10:22:35,310 [INFO] RulesReader:64 - Compatibility file has been processed (293 Rules)
2023-10-10 10:22:35,342 [INFO] DbMcusXml:78 - Set database path to: C:\ST\STM32CubeIDE_1.12.0\STM32CubeIDE\plugins\com.st.stm32cube.common.mx_6.8.0.202302231600\\db\/mcu/
2023-10-10 10:22:35,342 [INFO] ApiDb:274 - Set plugin database path to: C:\ST\STM32CubeIDE_1.12.0\STM32CubeIDE\plugins\com.st.stm32cube.common.mx_6.8.0.202302231600\\db\/plugins/boardmanager/
2023-10-10 10:22:35,342 [INFO] ApiDb:261 - Set plugin images path to: C:\ST\STM32CubeIDE_1.12.0\STM32CubeIDE\plugins\com.st.stm32cube.common.mx_6.8.0.202302231600\\db\/plugins/mcufinder/images/
2023-10-10 10:22:35,342 [WARN] DbFile:41 - Overriding database path with different value: C:\Users\USER\.stmcufinder\plugins\mcufinder/ => C:\Users\USER\.stmcufinder\plugins\mcufinder
2023-10-10 10:22:35,342 [INFO] ApiDb:250 - Set database path to: C:\Users\USER\.stmcufinder\plugins\mcufinder//mcu/
2023-10-10 10:22:35,342 [WARN] DbFile:41 - Overriding database path with different value: C:\Users\USER\.stmcufinder\plugins\mcufinder/ => C:\Users\USER\.stmcufinder\plugins\mcufinder
2023-10-10 10:22:35,342 [INFO] DbMcusAds:125 - Set database path to: C:\Users\USER\.stmcufinder\plugins\mcufinder//mcu/
2023-10-10 10:22:35,342 [WARN] DbFile:41 - Overriding database path with different value: C:\Users\USER\.stmcufinder\plugins\mcufinder/ => C:\Users\USER\.stmcufinder\plugins\mcufinder
2023-10-10 10:22:35,342 [WARN] DbFile:41 - Overriding database path with different value: C:\Users\USER\.stmcufinder\plugins\mcufinder/ => C:\Users\USER\.stmcufinder\plugins\mcufinder
2023-10-10 10:22:35,342 [INFO] CrossReferenceDbSqlite:203 - Set database path to: C:\Users\USER\.stmcufinder\plugins\mcufinder//mcu/cs/
2023-10-10 10:22:35,373 [INFO] MainPanel:253 - HeapMemory: 541065216
2023-10-10 10:22:35,435 [INFO] DbMcusXml:78 - Set database path to: C:\ST\STM32CubeIDE_1.12.0\STM32CubeIDE\plugins\com.st.stm32cube.common.mx_6.8.0.202302231600\\db\/mcu/
2023-10-10 10:22:35,435 [INFO] ApiDb:274 - Set plugin database path to: C:\ST\STM32CubeIDE_1.12.0\STM32CubeIDE\plugins\com.st.stm32cube.common.mx_6.8.0.202302231600\\db\/plugins/boardmanager/
2023-10-10 10:22:35,435 [INFO] ApiDb:261 - Set plugin images path to: C:\ST\STM32CubeIDE_1.12.0\STM32CubeIDE\plugins\com.st.stm32cube.common.mx_6.8.0.202302231600\\db\/plugins/mcufinder/images/
2023-10-10 10:22:35,435 [WARN] DbFile:41 - Overriding database path with different value: C:\Users\USER\.stmcufinder\plugins\mcufinder/ => C:\Users\USER\.stmcufinder\plugins\mcufinder
2023-10-10 10:22:35,435 [INFO] ApiDb:250 - Set database path to: C:\Users\USER\.stmcufinder\plugins\mcufinder//mcu/
2023-10-10 10:22:35,435 [WARN] DbFile:41 - Overriding database path with different value: C:\Users\USER\.stmcufinder\plugins\mcufinder/ => C:\Users\USER\.stmcufinder\plugins\mcufinder
2023-10-10 10:22:35,435 [INFO] DbMcusAds:125 - Set database path to: C:\Users\USER\.stmcufinder\plugins\mcufinder//mcu/
2023-10-10 10:22:35,435 [WARN] DbFile:41 - Overriding database path with different value: C:\Users\USER\.stmcufinder\plugins\mcufinder/ => C:\Users\USER\.stmcufinder\plugins\mcufinder
2023-10-10 10:22:35,435 [WARN] DbFile:41 - Overriding database path with different value: C:\Users\USER\.stmcufinder\plugins\mcufinder/ => C:\Users\USER\.stmcufinder\plugins\mcufinder
2023-10-10 10:22:35,435 [INFO] CrossReferenceDbSqlite:203 - Set database path to: C:\Users\USER\.stmcufinder\plugins\mcufinder//mcu/cs/
2023-10-10 10:22:35,448 [INFO] ApplicationProperties:184 - Using Application install path: C:\ST\STM32CubeIDE_1.12.0\STM32CubeIDE\plugins\com.st.stm32cube.common.mx_6.8.0.202302231600
2023-10-10 10:22:35,451 [INFO] PluginManage:196 - Search for loadable plugins [exclusion list=, ]
2023-10-10 10:22:35,451 [INFO] PluginManage:310 - Check plugin analytics
2023-10-10 10:22:35,530 [INFO] AnalyticsPlugin:253 - Accepted Software Licenses: 
2023-10-10 10:22:35,530 [INFO] AnalyticsPlugin:255 - Accepted CMSIS Pack Licenses: 
2023-10-10 10:22:35,530 [INFO] AnalyticsPlugin:257 - Accepted Firmware Licenses: FW.F4.1.27.0
2023-10-10 10:22:35,545 [INFO] PluginManage:359 - Loaded plugin analytics (category:tool,tabindex:-1)
2023-10-10 10:22:35,545 [INFO] PluginManage:310 - Check plugin cadmodel
2023-10-10 10:22:35,561 [INFO] CADModel:105 - Init CAD model plugin
2023-10-10 10:22:35,561 [INFO] PluginManage:359 - Loaded plugin cadmodel (category:power,tabindex:5)
2023-10-10 10:22:35,561 [INFO] PluginManage:310 - Check plugin clock
2023-10-10 10:22:35,561 [INFO] PluginManage:359 - Loaded plugin clock (category:base,tabindex:2)
2023-10-10 10:22:35,561 [INFO] PluginManage:310 - Check plugin ddr
2023-10-10 10:22:35,561 [INFO] PluginManage:359 - Loaded plugin ddr (category:tool,tabindex:6)
2023-10-10 10:22:35,561 [INFO] PluginManage:310 - Check plugin filemanager
2023-10-10 10:22:35,639 [INFO] PluginManage:359 - Loaded plugin filemanager (category:base,tabindex:10)
2023-10-10 10:22:35,639 [INFO] PluginManage:310 - Check plugin ipmanager
2023-10-10 10:22:35,655 [INFO] PluginManage:359 - Loaded plugin ipmanager (category:base,tabindex:5)
2023-10-10 10:22:35,655 [INFO] PluginManage:310 - Check plugin lpbam
2023-10-10 10:22:35,655 [INFO] PluginManage:359 - Loaded plugin lpbam (category:base,tabindex:0)
2023-10-10 10:22:35,655 [INFO] PluginManage:310 - Check plugin pinoutandconfiguration
2023-10-10 10:22:35,655 [INFO] PluginManage:359 - Loaded plugin pinoutandconfiguration (category:base,tabindex:1)
2023-10-10 10:22:35,655 [INFO] PluginManage:310 - Check plugin pinoutconfig
2023-10-10 10:22:35,717 [WARN] SupportedApi:132 - Cannot load RTOS API schema: s4s-elt-must-match.1: The content of 'definitions' must match (annotation?, (simpleType | complexType)?, (unique | key | keyref)*)). A problem was found starting at: attribute.
2023-10-10 10:22:35,827 [INFO] PluginManage:359 - Loaded plugin pinoutconfig (category:base,tabindex:0)
2023-10-10 10:22:35,827 [INFO] PluginManage:310 - Check plugin power
2023-10-10 10:22:35,843 [INFO] PluginManage:359 - Loaded plugin power (category:power,tabindex:4)
2023-10-10 10:22:35,843 [INFO] PluginManage:310 - Check plugin projectmanager
2023-10-10 10:22:35,858 [INFO] PluginManage:359 - Loaded plugin projectmanager (category:projectmanager,tabindex:3)
2023-10-10 10:22:35,858 [INFO] PluginManage:310 - Check plugin thirdparty
2023-10-10 10:22:35,936 [INFO] PluginManage:359 - Loaded plugin thirdparty (category:base,tabindex:-1)
2023-10-10 10:22:35,936 [INFO] PluginManage:310 - Check plugin tools
2023-10-10 10:22:35,936 [WARN] IntegrityCheckThread:84 - waiting for thirdparty lock release [integrity check]
2023-10-10 10:22:35,936 [INFO] IntegrityCheckThread:86 - entering critical section [integrity check]
2023-10-10 10:22:35,936 [INFO] ThirdPartyUpdaterWithRetryManager:70 - Updater plugin not ready yet. [1/15]
2023-10-10 10:22:35,936 [INFO] PluginManage:359 - Loaded plugin tools (category:base,tabindex:7)
2023-10-10 10:22:35,936 [INFO] PluginManage:310 - Check plugin tutovideos
2023-10-10 10:22:36,070 [INFO] PluginManage:359 - Loaded plugin tutovideos (category:base,tabindex:-1)
2023-10-10 10:22:36,070 [INFO] PluginManage:310 - Check plugin updater
2023-10-10 10:22:36,077 [INFO] PluginManage:359 - Loaded plugin updater (category:base,tabindex:12)
2023-10-10 10:22:36,077 [INFO] PluginManage:283 - PluginManage : Loaded plugins [15]
2023-10-10 10:22:36,203 [INFO] PinOutPanel:1499 - setPackage(No Configuration,No Configuration)
2023-10-10 10:22:36,234 [INFO] CADModel:165 - CPN selected for project level
2023-10-10 10:22:36,234 [INFO] CADModel:114 - Register for checkConnection events
2023-10-10 10:22:36,250 [INFO] IPUIPlugin:80 - create IPUIPlugin
2023-10-10 10:22:36,250 [INFO] PluginManager:220 - loadIPPluginJar : add adc
2023-10-10 10:22:36,250 [INFO] IPUIPlugin:80 - create IPUIPlugin
2023-10-10 10:22:36,250 [INFO] PluginManager:220 - loadIPPluginJar : add aes
2023-10-10 10:22:36,250 [INFO] IPUIPlugin:80 - create IPUIPlugin
2023-10-10 10:22:36,250 [INFO] PluginManager:220 - loadIPPluginJar : add can
2023-10-10 10:22:36,250 [INFO] IPUIPlugin:80 - create IPUIPlugin
2023-10-10 10:22:36,250 [INFO] PluginManager:220 - loadIPPluginJar : add comp
2023-10-10 10:22:36,250 [INFO] IPUIPlugin:80 - create IPUIPlugin
2023-10-10 10:22:36,250 [INFO] PluginManager:220 - loadIPPluginJar : add cryp
2023-10-10 10:22:36,250 [INFO] IPUIPlugin:80 - create IPUIPlugin
2023-10-10 10:22:36,250 [INFO] PluginManager:220 - loadIPPluginJar : add dfsdm
2023-10-10 10:22:36,250 [INFO] IPUIPlugin:80 - create IPUIPlugin
2023-10-10 10:22:36,250 [INFO] PluginManager:220 - loadIPPluginJar : add dma
2023-10-10 10:22:36,250 [INFO] IPUIPlugin:80 - create IPUIPlugin
2023-10-10 10:22:36,250 [INFO] PluginManager:220 - loadIPPluginJar : add dma3
2023-10-10 10:22:36,266 [INFO] IPUIPlugin:80 - create IPUIPlugin
2023-10-10 10:22:36,266 [INFO] PluginManager:220 - loadIPPluginJar : add fatfs
2023-10-10 10:22:36,266 [INFO] IPUIPlugin:80 - create IPUIPlugin
2023-10-10 10:22:36,266 [INFO] PluginManager:220 - loadIPPluginJar : add fmc
2023-10-10 10:22:36,266 [INFO] IPUIPlugin:80 - create IPUIPlugin
2023-10-10 10:22:36,266 [INFO] PluginManager:220 - loadIPPluginJar : add freertos
2023-10-10 10:22:36,266 [INFO] IPUIPlugin:80 - create IPUIPlugin
2023-10-10 10:22:36,266 [INFO] PluginManager:220 - loadIPPluginJar : add genericplugin
2023-10-10 10:22:36,266 [INFO] IPUIPlugin:80 - create IPUIPlugin
2023-10-10 10:22:36,266 [INFO] PluginManager:220 - loadIPPluginJar : add gfxmmu
2023-10-10 10:22:36,266 [INFO] IPUIPlugin:80 - create IPUIPlugin
2023-10-10 10:22:36,266 [INFO] PluginManager:220 - loadIPPluginJar : add gic
2023-10-10 10:22:36,266 [INFO] IPUIPlugin:80 - create IPUIPlugin
2023-10-10 10:22:36,266 [INFO] PluginManager:220 - loadIPPluginJar : add gpio
2023-10-10 10:22:36,266 [INFO] IPUIPlugin:80 - create IPUIPlugin
2023-10-10 10:22:36,266 [INFO] PluginManager:220 - loadIPPluginJar : add gtzc
2023-10-10 10:22:36,266 [INFO] IPUIPlugin:80 - create IPUIPlugin
2023-10-10 10:22:36,266 [INFO] PluginManager:220 - loadIPPluginJar : add hash
2023-10-10 10:22:36,281 [INFO] IPUIPlugin:80 - create IPUIPlugin
2023-10-10 10:22:36,281 [INFO] PluginManager:220 - loadIPPluginJar : add i2c
2023-10-10 10:22:36,281 [INFO] IPUIPlugin:80 - create IPUIPlugin
2023-10-10 10:22:36,281 [INFO] PluginManager:220 - loadIPPluginJar : add i2s
2023-10-10 10:22:36,281 [INFO] IPUIPlugin:80 - create IPUIPlugin
2023-10-10 10:22:36,281 [INFO] PluginManager:220 - loadIPPluginJar : add i3c
2023-10-10 10:22:36,281 [INFO] IPUIPlugin:80 - create IPUIPlugin
2023-10-10 10:22:36,281 [INFO] PluginManager:220 - loadIPPluginJar : add ipddr
2023-10-10 10:22:36,281 [INFO] IPUIPlugin:80 - create IPUIPlugin
2023-10-10 10:22:36,281 [INFO] PluginManager:220 - loadIPPluginJar : add linkedlist
2023-10-10 10:22:36,281 [INFO] IPUIPlugin:80 - create IPUIPlugin
2023-10-10 10:22:36,281 [INFO] PluginManager:220 - loadIPPluginJar : add lorawan
2023-10-10 10:22:36,281 [INFO] IPUIPlugin:80 - create IPUIPlugin
2023-10-10 10:22:36,281 [INFO] PluginManager:220 - loadIPPluginJar : add ltdc
2023-10-10 10:22:36,281 [INFO] IPUIPlugin:80 - create IPUIPlugin
2023-10-10 10:22:36,281 [INFO] PluginManager:220 - loadIPPluginJar : add mdma
2023-10-10 10:22:36,297 [INFO] IPUIPlugin:80 - create IPUIPlugin
2023-10-10 10:22:36,297 [INFO] PluginManager:220 - loadIPPluginJar : add nvic
2023-10-10 10:22:36,297 [INFO] IPUIPlugin:80 - create IPUIPlugin
2023-10-10 10:22:36,297 [INFO] PluginManager:220 - loadIPPluginJar : add opamp
2023-10-10 10:22:36,297 [INFO] IPUIPlugin:80 - create IPUIPlugin
2023-10-10 10:22:36,297 [INFO] PluginManager:220 - loadIPPluginJar : add openamp
2023-10-10 10:22:36,297 [INFO] IPUIPlugin:80 - create IPUIPlugin
2023-10-10 10:22:36,297 [INFO] PluginManager:220 - loadIPPluginJar : add pdm2pcm
2023-10-10 10:22:36,297 [INFO] IPUIPlugin:80 - create IPUIPlugin
2023-10-10 10:22:36,297 [INFO] PluginManager:220 - loadIPPluginJar : add plateformsettings
2023-10-10 10:22:36,297 [INFO] IPUIPlugin:80 - create IPUIPlugin
2023-10-10 10:22:36,297 [INFO] PluginManager:220 - loadIPPluginJar : add quadspi
2023-10-10 10:22:36,297 [INFO] IPUIPlugin:80 - create IPUIPlugin
2023-10-10 10:22:36,297 [INFO] PluginManager:220 - loadIPPluginJar : add resmgrutility
2023-10-10 10:22:36,312 [INFO] IPUIPlugin:80 - create IPUIPlugin
2023-10-10 10:22:36,312 [INFO] PluginManager:220 - loadIPPluginJar : add sai
2023-10-10 10:22:36,312 [INFO] IPUIPlugin:80 - create IPUIPlugin
2023-10-10 10:22:36,312 [INFO] PluginManager:220 - loadIPPluginJar : add spi
2023-10-10 10:22:36,312 [INFO] IPUIPlugin:80 - create IPUIPlugin
2023-10-10 10:22:36,312 [INFO] PluginManager:220 - loadIPPluginJar : add stm32_wpan
2023-10-10 10:22:36,312 [INFO] IPUIPlugin:80 - create IPUIPlugin
2023-10-10 10:22:36,312 [INFO] PluginManager:220 - loadIPPluginJar : add tim
2023-10-10 10:22:36,312 [INFO] IPUIPlugin:80 - create IPUIPlugin
2023-10-10 10:22:36,312 [INFO] PluginManager:220 - loadIPPluginJar : add touchsensing
2023-10-10 10:22:36,312 [INFO] IPUIPlugin:80 - create IPUIPlugin
2023-10-10 10:22:36,312 [INFO] PluginManager:220 - loadIPPluginJar : add tracer_emb
2023-10-10 10:22:36,312 [INFO] IPUIPlugin:80 - create IPUIPlugin
2023-10-10 10:22:36,312 [INFO] PluginManager:220 - loadIPPluginJar : add ts
2023-10-10 10:22:36,312 [INFO] IPUIPlugin:80 - create IPUIPlugin
2023-10-10 10:22:36,312 [INFO] PluginManager:220 - loadIPPluginJar : add tsc
2023-10-10 10:22:36,312 [INFO] IPUIPlugin:80 - create IPUIPlugin
2023-10-10 10:22:36,312 [INFO] PluginManager:220 - loadIPPluginJar : add ucpd
2023-10-10 10:22:36,328 [INFO] IPUIPlugin:80 - create IPUIPlugin
2023-10-10 10:22:36,328 [INFO] PluginManager:220 - loadIPPluginJar : add usart
2023-10-10 10:22:36,328 [INFO] IPUIPlugin:80 - create IPUIPlugin
2023-10-10 10:22:36,328 [INFO] PluginManager:220 - loadIPPluginJar : add usbx
2023-10-10 10:22:36,431 [INFO] CADModel:165 - CPN selected for project level
2023-10-10 10:22:36,431 [INFO] CADModel:114 - Register for checkConnection events
2023-10-10 10:22:36,431 [FATAL] Updater:308 - Updater called before beeing initialized
2023-10-10 10:22:36,431 [ERROR] CADModel:125 - Updater not yet initialized, retry later 
2023-10-10 10:22:36,509 [INFO] CADModel:165 - CPN selected for project level
2023-10-10 10:22:36,509 [INFO] CADModel:114 - Register for checkConnection events
2023-10-10 10:22:36,509 [FATAL] Updater:308 - Updater called before beeing initialized
2023-10-10 10:22:36,509 [ERROR] CADModel:125 - Updater not yet initialized, retry later 
2023-10-10 10:22:36,509 [FATAL] Updater:308 - Updater called before beeing initialized
2023-10-10 10:22:36,564 [FATAL] Updater:308 - Updater called before beeing initialized
2023-10-10 10:22:36,572 [INFO] DbMcusAds:53 - JSON generation date=Tue Mar 07 17:50:55 KST 2023 (1678179055114)
2023-10-10 10:22:36,572 [FATAL] Updater:308 - Updater called before beeing initialized
2023-10-10 10:22:36,587 [WARN] DetailPanel:346 - Failed to get advertising image, set to default
2023-10-10 10:22:36,650 [FATAL] Updater:308 - Updater called before beeing initialized
2023-10-10 10:22:36,650 [FATAL] Updater:308 - Updater called before beeing initialized
2023-10-10 10:22:36,650 [FATAL] Updater:308 - Updater called before beeing initialized
2023-10-10 10:22:36,650 [WARN] DetailPanel:346 - Failed to get advertising image, set to default
2023-10-10 10:22:36,650 [FATAL] Updater:308 - Updater called before beeing initialized
2023-10-10 10:22:36,665 [ERROR] Updater:1120 - MainUpdater not yet initialized. External WinMGr cannot be set.
2023-10-10 10:22:36,665 [INFO] Updater:1056 - Updater Version found : 6.8.0
2023-10-10 10:22:36,681 [INFO] ApplicationProperties:184 - Using Application install path: C:\ST\STM32CubeIDE_1.12.0\STM32CubeIDE\plugins\com.st.stm32cube.common.mx_6.8.0.202302231600
2023-10-10 10:22:36,838 [INFO] MainUpdater:2854 - connection check result : 10
2023-10-10 10:22:36,838 [INFO] MainUpdater:283 - Updater Check For Update Now.
2023-10-10 10:22:36,838 [INFO] MicroXplorer:498 - Change Database Version : DB.6.0.80
2023-10-10 10:22:36,982 [INFO] CheckServerUpdateThread:120 - End of CheckServer Thread
2023-10-10 10:22:37,057 [INFO] MainUpdater:2854 - connection check result : 10
2023-10-10 10:22:37,057 [INFO] MainUpdater:2854 - connection check result : 10
2023-10-10 10:22:37,090 [INFO] MicroXplorer:468 - Change Database Path : 
2023-10-10 10:22:37,090 [INFO] MicroXplorer:498 - Change Database Version : DB.6.0.80
2023-10-10 10:22:37,090 [WARN] ThirdParty:871 - waiting for thirdparty lock release [close project]
2023-10-10 10:22:39,015 [WARN] PackLoader:240 - Cannot read IP mode file for STMicroelectronics.X-CUBE-SMBUS.2.1.0
2023-10-10 10:22:39,046 [WARN] PackLoader:240 - Cannot read IP mode file for STMicroelectronics.X-CUBE-AZRTOS-F7.1.1.0
2023-10-10 10:22:39,062 [WARN] PackLoader:240 - Cannot read IP mode file for STMicroelectronics.FP-SNS-MOTENV1.4.3.2
2023-10-10 10:22:39,062 [WARN] PackLoader:240 - Cannot read IP mode file for STMicroelectronics.FP-SNS-FLIGHT1.5.0.2
2023-10-10 10:22:39,085 [WARN] PackLoader:240 - Cannot read IP mode file for STMicroelectronics.X-CUBE-DISPLAY.3.0.0
2023-10-10 10:22:39,093 [WARN] PackLoader:240 - Cannot read IP mode file for STMicroelectronics.X-CUBE-BLE1.7.0.0
2023-10-10 10:22:39,093 [WARN] PackLoader:240 - Cannot read IP mode file for emotas.I-CUBE-CANOPEN.1.3.0
2023-10-10 10:22:39,093 [WARN] PackLoader:240 - Cannot read IP mode file for STMicroelectronics.X-CUBE-TOUCHGFX.4.22.1
2023-10-10 10:22:39,109 [WARN] PackLoader:240 - Cannot read IP mode file for STMicroelectronics.FP-SNS-SMARTAG2.1.2.0
2023-10-10 10:22:39,124 [INFO] LogOutputStream:77 - [STDOUT_REDIRECT] 1 : Invalid condition id : UX_CORESTACK_Condition cause : null
2023-10-10 10:22:39,124 [INFO] LogOutputStream:77 - [STDOUT_REDIRECT] 1 : Invalid condition id : UX_CORESTACK_Condition cause : null
2023-10-10 10:22:39,124 [INFO] LogOutputStream:77 - [STDOUT_REDIRECT] 1 : Invalid condition id : UX_CORESTACK_Condition cause : null
2023-10-10 10:22:39,124 [INFO] LogOutputStream:77 - [STDOUT_REDIRECT] 1 : Invalid condition id : UX_CORESTACK_Condition cause : null
2023-10-10 10:22:39,124 [INFO] LogOutputStream:77 - [STDOUT_REDIRECT] 1 : Invalid condition id : UX_CORESTACK_Condition cause : null
2023-10-10 10:22:39,140 [WARN] PackLoader:240 - Cannot read IP mode file for STMicroelectronics.X-CUBE-AZRTOS-WL.2.0.0
2023-10-10 10:22:39,141 [WARN] PackLoader:240 - Cannot read IP mode file for WES.I-CUBE-Cesium.1.3.0
2023-10-10 10:22:39,141 [WARN] PackLoader:240 - Cannot read IP mode file for STMicroelectronics.X-CUBE-BLE2.3.3.0
2023-10-10 10:22:39,156 [WARN] PackLoader:240 - Cannot read IP mode file for STMicroelectronics.X-CUBE-ALGOBUILD.1.3.0
2023-10-10 10:22:39,172 [WARN] PackLoader:240 - Cannot read IP mode file for STMicroelectronics.X-CUBE-AZRTOS-G0.1.1.0
2023-10-10 10:22:39,172 [WARN] PackLoader:240 - Cannot read IP mode file for STMicroelectronics.X-CUBE-NFC4.3.0.0
2023-10-10 10:22:39,188 [WARN] PackLoader:240 - Cannot read IP mode file for STMicroelectronics.FP-ATR-SIGFOX1.3.2.0
2023-10-10 10:22:39,204 [WARN] PackLoader:240 - Cannot read IP mode file for SEGGER.I-CUBE-embOS.1.3.1
2023-10-10 10:22:39,219 [WARN] PackLoader:240 - Cannot read IP mode file for STMicroelectronics.X-CUBE-GNSS1.6.0.0
2023-10-10 10:22:39,235 [WARN] PackLoader:240 - Cannot read IP mode file for STMicroelectronics.X-CUBE-AZRTOS-F4.1.1.0
2023-10-10 10:22:39,250 [WARN] PackLoader:240 - Cannot read IP mode file for wolfSSL.I-CUBE-wolfSSL.5.6.3
2023-10-10 10:22:39,266 [WARN] PackLoader:240 - Cannot read IP mode file for STMicroelectronics.X-CUBE-AZRTOS-L5.2.0.0
2023-10-10 10:22:39,297 [WARN] PackLoader:240 - Cannot read IP mode file for STMicroelectronics.X-CUBE-MEMS1.9.6.0
2023-10-10 10:22:39,391 [WARN] PackLoader:240 - Cannot read IP mode file for ITTIA_DB.I-CUBE-ITTIADB.8.8.0
2023-10-10 10:22:39,407 [WARN] PackLoader:240 - Cannot read IP mode file for STMicroelectronics.X-CUBE-BLEMGR.2.0.0
2023-10-10 10:22:39,422 [WARN] ConditionMgr:438 - getConditionDescription Invalid condition id : UX DEVICE CLASS RTOS Condition cause : null
2023-10-10 10:22:39,422 [WARN] ConditionMgr:438 - getConditionDescription Invalid condition id : UX DEVICE CLASS RTOS Condition cause : null
2023-10-10 10:22:39,422 [WARN] PackLoader:240 - Cannot read IP mode file for STMicroelectronics.X-CUBE-AZRTOS-H7.3.1.0
2023-10-10 10:22:39,422 [WARN] ConditionMgr:1039 - genDependencies : Invalid condition id : UX DEVICE CLASS RTOS Condition cause : null
2023-10-10 10:22:39,422 [WARN] ConditionMgr:1039 - genDependencies : Invalid condition id : UX DEVICE CLASS RTOS Condition cause : null
2023-10-10 10:22:39,422 [WARN] ConditionMgr:1039 - genDependencies : Invalid condition id : UX DEVICE CLASS RTOS Condition cause : null
2023-10-10 10:22:39,422 [WARN] ConditionMgr:1039 - genDependencies : Invalid condition id : UX DEVICE CLASS RTOS Condition cause : null
2023-10-10 10:22:39,422 [WARN] ConditionMgr:1039 - genDependencies : Invalid condition id : UX DEVICE CLASS RTOS Condition cause : null
2023-10-10 10:22:39,438 [WARN] PackLoader:240 - Cannot read IP mode file for STMicroelectronics.X-CUBE-NFC7.1.0.1
2023-10-10 10:22:39,453 [WARN] PackLoader:240 - Cannot read IP mode file for STMicroelectronics.X-CUBE-NFC6.3.0.0
2023-10-10 10:22:39,453 [WARN] PackLoader:240 - Cannot read IP mode file for STMicroelectronics.X-CUBE-EEPRMA1.4.1.0
2023-10-10 10:22:39,469 [WARN] PackLoader:240 - Cannot read IP mode file for STMicroelectronics.X-CUBE-AI.8.1.0
2023-10-10 10:22:39,469 [WARN] ConditionMgr:438 - getConditionDescription Invalid condition id : LAN8742 Phy interface Condition cause : null
2023-10-10 10:22:39,469 [WARN] PackLoader:240 - Cannot read IP mode file for STMicroelectronics.X-CUBE-AZRTOS-L4.2.0.0
2023-10-10 10:22:39,485 [WARN] ConditionMgr:1039 - genDependencies : Invalid condition id : LAN8742 Phy interface Condition cause : null
2023-10-10 10:22:39,485 [WARN] ConditionMgr:1039 - genDependencies : Invalid condition id : LAN8742 Phy interface Condition cause : null
2023-10-10 10:22:39,485 [WARN] ConditionMgr:1039 - genDependencies : Invalid condition id : LAN8742 Phy interface Condition cause : null
2023-10-10 10:22:39,485 [WARN] PackLoader:240 - Cannot read IP mode file for STMicroelectronics.X-CUBE-SFXS2LP1.4.0.0
2023-10-10 10:22:39,485 [WARN] PackLoader:240 - Cannot read IP mode file for STMicroelectronics.X-CUBE-ISPU.1.1.0
2023-10-10 10:22:39,500 [WARN] ConditionMgr:438 - getConditionDescription Invalid condition id : UX DEVICE CLASS RTOS Condition cause : null
2023-10-10 10:22:39,500 [WARN] ConditionMgr:438 - getConditionDescription Invalid condition id : UX DEVICE CLASS RTOS Condition cause : null
2023-10-10 10:22:39,500 [WARN] PackLoader:240 - Cannot read IP mode file for STMicroelectronics.X-CUBE-AZRTOS-WB.2.0.0
2023-10-10 10:22:39,500 [WARN] ConditionMgr:1039 - genDependencies : Invalid condition id : UX DEVICE CLASS RTOS Condition cause : null
2023-10-10 10:22:39,500 [WARN] ConditionMgr:1039 - genDependencies : Invalid condition id : UX DEVICE CLASS RTOS Condition cause : null
2023-10-10 10:22:39,500 [WARN] ConditionMgr:1039 - genDependencies : Invalid condition id : UX DEVICE CLASS RTOS Condition cause : null
2023-10-10 10:22:39,500 [WARN] ConditionMgr:1039 - genDependencies : Invalid condition id : UX DEVICE CLASS RTOS Condition cause : null
2023-10-10 10:22:39,500 [WARN] ConditionMgr:1039 - genDependencies : Invalid condition id : UX DEVICE CLASS RTOS Condition cause : null
2023-10-10 10:22:39,516 [WARN] PackLoader:240 - Cannot read IP mode file for STMicroelectronics.X-CUBE-SUBG2.5.0.0
2023-10-10 10:22:39,516 [WARN] PackLoader:240 - Cannot read IP mode file for STMicroelectronics.X-CUBE-TOF1.3.3.1
2023-10-10 10:22:39,532 [WARN] PackLoader:240 - Cannot read IP mode file for STMicroelectronics.X-CUBE-AZRTOS-G4.2.0.0
2023-10-10 10:22:39,547 [WARN] PackLoader:240 - Cannot read IP mode file for Infineon.AIROC-Wi-Fi-Bluetooth-STM32.1.5.1
2023-10-10 10:22:39,547 [WARN] PackLoader:240 - Cannot read IP mode file for STMicroelectronics.X-CUBE-FREERTOS.1.1.0
2023-10-10 10:22:39,563 [WARN] PackLoader:240 - Cannot read IP mode file for portGmbH.I-Cube-SoM-uGOAL.1.1.0
2023-10-10 10:22:39,578 [WARN] PackLoader:240 - Cannot read IP mode file for STMicroelectronics.X-CUBE-ALS.1.0.1
2023-10-10 10:22:39,578 [WARN] PackLoader:240 - Cannot read IP mode file for STMicroelectronics.FP-ATR-ASTRA1.2.0.0
2023-10-10 10:22:39,578 [INFO] ThirdParty:978 - Integrity check success = true
2023-10-10 10:22:39,578 [INFO] IntegrityCheckThread:100 - exiting critical section [integrity check]
2023-10-10 10:22:39,578 [INFO] IntegrityCheckThread:103 - End integrity checks thread
2023-10-10 10:22:39,578 [INFO] ThirdParty:873 - entering critical section [close project]
2023-10-10 10:22:39,578 [INFO] ThirdParty:883 - exiting critical section [close project]
2023-10-10 10:22:39,594 [INFO] PinOutPanel:1499 - setPackage(No Configuration,No Configuration)
2023-10-10 10:22:39,594 [INFO] UtilMem:75 - Begin LoadConfig() Used Memory: 510850960 Bytes (541065216)
2023-10-10 10:22:39,594 [INFO] MicroXplorer:468 - Change Database Path : 
2023-10-10 10:22:39,594 [INFO] MicroXplorer:498 - Change Database Version : DB.6.0.80
2023-10-10 10:22:39,594 [INFO] OpenFileManager:308 - Change cursor
2023-10-10 10:22:39,625 [INFO] Mcu:1937 - Initializing MCU STM32F429ZITx STM32F429ZITx STM32F429ZIT6
2023-10-10 10:22:40,519 [INFO] Context:659 - Trying to add GPIOservice into a context  which must be forbidden
2023-10-10 10:22:40,847 [INFO] RtosManager:555 - Registered RTOS mode: class=CMSIS, group=RTOS, mode=CMSIS_V1, owner=FREERTOS
2023-10-10 10:22:40,847 [INFO] RtosManager:555 - Registered RTOS mode: class=CMSIS, group=RTOS2, mode=CMSIS_V2, owner=FREERTOS
2023-10-10 10:22:40,847 [INFO] RtosManager:555 - Registered RTOS mode: class=RTOS, group=Core, mode=CMSIS_V1, owner=FREERTOS
2023-10-10 10:22:40,847 [INFO] RtosManager:555 - Registered RTOS mode: class=RTOS, group=Core, mode=CMSIS_V2, owner=FREERTOS
2023-10-10 10:22:40,847 [WARN] ModelIntegratedComponent:184 - Missing modes for component STMicroelectronics:FreeRTOS:0.0.1:STMicroelectronics:RTOS:FreeRTOS:Core:::10.2.0:
2023-10-10 10:22:40,859 [WARN] ModelIntegratedComponent:63 - No mode defined for component null
2023-10-10 10:22:40,859 [WARN] ModelIntegratedComponent:63 - No mode defined for component null
2023-10-10 10:22:40,859 [WARN] ModelIntegratedComponent:63 - No mode defined for component null
2023-10-10 10:22:40,859 [WARN] ModelIntegratedComponent:63 - No mode defined for component null
2023-10-10 10:22:40,859 [WARN] ModelIntegratedComponent:63 - No mode defined for component null
2023-10-10 10:22:40,859 [WARN] ModelIntegratedComponent:63 - No mode defined for component null
2023-10-10 10:22:40,859 [WARN] ModelIntegratedComponent:63 - No mode defined for component null
2023-10-10 10:22:40,859 [WARN] ModelIntegratedComponent:63 - No mode defined for component null
2023-10-10 10:22:40,859 [WARN] ModelIntegratedComponent:63 - No mode defined for component null
2023-10-10 10:22:40,859 [WARN] ModelIntegratedComponent:63 - No mode defined for component null
2023-10-10 10:22:40,859 [WARN] ModelIntegratedComponent:63 - No mode defined for component null
2023-10-10 10:22:40,859 [WARN] ModelIntegratedComponent:63 - No mode defined for component null
2023-10-10 10:22:40,859 [WARN] ModelIntegratedComponent:63 - No mode defined for component null
2023-10-10 10:22:40,859 [WARN] ModelIntegratedComponent:63 - No mode defined for component null
2023-10-10 10:22:40,859 [WARN] ModelIntegratedComponent:63 - No mode defined for component null
2023-10-10 10:22:40,859 [WARN] ModelIntegratedComponent:63 - No mode defined for component null
2023-10-10 10:22:40,859 [WARN] ModelIntegratedComponent:63 - No mode defined for component null
2023-10-10 10:22:40,859 [WARN] ModelIntegratedComponent:63 - No mode defined for component null
2023-10-10 10:22:40,859 [WARN] ModelIntegratedComponent:63 - No mode defined for component null
2023-10-10 10:22:40,859 [WARN] ModelIntegratedComponent:63 - No mode defined for component null
2023-10-10 10:22:40,859 [WARN] ModelIntegratedComponent:63 - No mode defined for component null
2023-10-10 10:22:40,859 [WARN] ModelIntegratedComponent:63 - No mode defined for component null
2023-10-10 10:22:40,859 [WARN] ModelIntegratedComponent:63 - No mode defined for component null
2023-10-10 10:22:40,859 [WARN] ModelIntegratedComponent:63 - No mode defined for component null
2023-10-10 10:22:40,859 [WARN] ModelIntegratedComponent:63 - No mode defined for component null
2023-10-10 10:22:40,859 [WARN] ModelIntegratedComponent:63 - No mode defined for component null
2023-10-10 10:22:40,859 [WARN] ModelIntegratedComponent:63 - No mode defined for component null
2023-10-10 10:22:40,859 [WARN] ModelIntegratedComponent:63 - No mode defined for component null
2023-10-10 10:22:40,859 [WARN] ModelIntegratedComponent:63 - No mode defined for component null
2023-10-10 10:22:40,859 [WARN] ModelIntegratedComponent:63 - No mode defined for component null
2023-10-10 10:22:40,859 [WARN] ModelIntegratedComponent:63 - No mode defined for component null
2023-10-10 10:22:40,859 [WARN] ModelIntegratedComponent:63 - No mode defined for component null
2023-10-10 10:22:40,859 [WARN] ModelIntegratedComponent:63 - No mode defined for component null
2023-10-10 10:22:40,884 [INFO] ThirdPartyModel:298 - Start build external matchings
2023-10-10 10:22:41,004 [INFO] ThirdPartyModel:316 - End build external matchings
2023-10-10 10:22:41,004 [INFO] ImportTextPane:194 - (OptionalMessage_ERROR) IP (ETH) : Invalid parameter (PHY_Name)
2023-10-10 10:22:41,004 [INFO] ImportTextPane:194 - (OptionalMessage_ERROR) IP (ETH) : Invalid parameter (PHY_Value)
2023-10-10 10:22:41,004 [INFO] ImportTextPane:194 - (OptionalMessage_ERROR) IP (ETH) : Invalid parameter (PhyAddress)
2023-10-10 10:22:41,004 [INFO] ImportTextPane:194 - (OptionalMessage_ERROR) IP (RCC) : Invalid parameter (ADC12outputFreq_Value)
2023-10-10 10:22:41,004 [INFO] ImportTextPane:194 - (OptionalMessage_ERROR) IP (RCC) : Invalid parameter (ADC34outputFreq_Value)
2023-10-10 10:22:41,004 [INFO] ImportTextPane:194 - (OptionalMessage_ERROR) IP (RCC) : Invalid parameter (FamilyName)
2023-10-10 10:22:41,004 [INFO] ImportTextPane:194 - (OptionalMessage_ERROR) IP (RCC) : Invalid parameter (I2C1Freq_Value)
2023-10-10 10:22:41,004 [INFO] ImportTextPane:194 - (OptionalMessage_ERROR) IP (RCC) : Invalid parameter (I2C2Freq_Value)
2023-10-10 10:22:41,004 [INFO] ImportTextPane:194 - (OptionalMessage_ERROR) IP (RCC) : Invalid parameter (I2C3Freq_Value)
2023-10-10 10:22:41,004 [INFO] ImportTextPane:194 - (OptionalMessage_ERROR) IP (RCC) : Parameter (MCO2PinFreq_Value) has invalid value (168000000)
2023-10-10 10:22:41,004 [INFO] ImportTextPane:194 - (OptionalMessage_ERROR) IP (RCC) : Invalid parameter (MCOFreq_Value)
2023-10-10 10:22:41,020 [INFO] ImportTextPane:194 - (OptionalMessage_ERROR) IP (RCC) : Invalid parameter (PLLMCOFreq_Value)
2023-10-10 10:22:41,020 [INFO] ImportTextPane:194 - (OptionalMessage_ERROR) IP (RCC) : Invalid parameter (PLLMUL)
2023-10-10 10:22:41,020 [INFO] ImportTextPane:194 - (OptionalMessage_ERROR) IP (RCC) : Invalid parameter (PRESCALERUSB)
2023-10-10 10:22:41,020 [INFO] ImportTextPane:194 - (OptionalMessage_ERROR) IP (RCC) : Parameter (RTCHSEDivFreq_Value) has invalid value (4000000)
2023-10-10 10:22:41,020 [INFO] ImportTextPane:194 - (OptionalMessage_ERROR) IP (RCC) : Invalid parameter (SYSCLKSourceVirtual)
2023-10-10 10:22:41,020 [INFO] ImportTextPane:194 - (OptionalMessage_ERROR) IP (RCC) : Invalid parameter (TIM15Freq_Value)
2023-10-10 10:22:41,020 [INFO] ImportTextPane:194 - (OptionalMessage_ERROR) IP (RCC) : Invalid parameter (TIM16Freq_Value)
2023-10-10 10:22:41,020 [INFO] ImportTextPane:194 - (OptionalMessage_ERROR) IP (RCC) : Invalid parameter (TIM17Freq_Value)
2023-10-10 10:22:41,020 [INFO] ImportTextPane:194 - (OptionalMessage_ERROR) IP (RCC) : Invalid parameter (TIM1Freq_Value)
2023-10-10 10:22:41,020 [INFO] ImportTextPane:194 - (OptionalMessage_ERROR) IP (RCC) : Invalid parameter (TIM20Freq_Value)
2023-10-10 10:22:41,020 [INFO] ImportTextPane:194 - (OptionalMessage_ERROR) IP (RCC) : Invalid parameter (TIM2Freq_Value)
2023-10-10 10:22:41,020 [INFO] ImportTextPane:194 - (OptionalMessage_ERROR) IP (RCC) : Invalid parameter (TIM3Freq_Value)
2023-10-10 10:22:41,020 [INFO] ImportTextPane:194 - (OptionalMessage_ERROR) IP (RCC) : Invalid parameter (TIM8Freq_Value)
2023-10-10 10:22:41,020 [INFO] ImportTextPane:194 - (OptionalMessage_ERROR) IP (RCC) : Invalid parameter (UART4Freq_Value)
2023-10-10 10:22:41,020 [INFO] ImportTextPane:194 - (OptionalMessage_ERROR) IP (RCC) : Invalid parameter (UART5Freq_Value)
2023-10-10 10:22:41,020 [INFO] ImportTextPane:194 - (OptionalMessage_ERROR) IP (RCC) : Invalid parameter (USART1Freq_Value)
2023-10-10 10:22:41,020 [INFO] ImportTextPane:194 - (OptionalMessage_ERROR) IP (RCC) : Invalid parameter (USART2Freq_Value)
2023-10-10 10:22:41,020 [INFO] ImportTextPane:194 - (OptionalMessage_ERROR) IP (RCC) : Invalid parameter (USART3Freq_Value)
2023-10-10 10:22:41,020 [INFO] ImportTextPane:194 - (OptionalMessage_ERROR) IP (RCC) : Invalid parameter (USBFreq_Value)
2023-10-10 10:22:41,020 [INFO] ImportTextPane:194 - (OptionalMessage_ERROR) IP (RCC) : Invalid parameter (VCOOutput2Freq_Value)
2023-10-10 10:22:41,217 [INFO] UtilMem:75 - End LoadConfig() Used Memory: 641898072 Bytes (745537536)
2023-10-10 10:22:41,288 [INFO] ApiDb:581 - Connected to CubeFinder SQLite database (C:\Users\USER\.stmcufinder\plugins\mcufinder\mcu\cube-finder-db.db)
2023-10-10 10:22:41,319 [INFO] ApiDb:668 - CubeFinder database Data Model version=2.1
2023-10-10 10:22:41,319 [INFO] ApiDb:669 - CubeFinder database Configuration version=3.0.37
2023-10-10 10:22:41,319 [INFO] ApiDb:670 - CubeFinder database generation date=2023-08-09 (1691586011)
2023-10-10 10:22:41,319 [INFO] ApiDb:671 - CubeFinder database FW Pack versions=[FP-ATR-ASTRA1_V2.0.0, FP-SNS-FLIGHT1_V5.0.1, FP-SNS-FLIGHT1_V5.0.2, FP-SNS-MOTENV1_V4.3.1, FP-SNS-MOTENV1_V4.3.2, STM32Cube_FW_C0_V1.1.0, STM32Cube_FW_F4_V1.27.1, STM32Cube_FW_F7_V1.17.0, STM32Cube_FW_G0_V1.6.1, STM32Cube_FW_G4_V1.5.1, STM32Cube_FW_H5_V0.5.1, STM32Cube_FW_H5_V1.1.0, STM32Cube_FW_H7_V1.11.0, STM32Cube_FW_L0_V1.12.2, STM32Cube_FW_L5_V1.5.0, STM32Cube_FW_U5_V1.3.0, STM32Cube_FW_U5_V1.3.0RC4, STM32Cube_FW_WBA_V1.0.0RC1, STM32Cube_FW_WBA_V1.1.0, STM32Cube_FW_WBA_V1.1.0RC1, STM32Cube_FW_WB_V1.15.0RC1, STM32Cube_FW_WB_V1.16.0, STM32Cube_FW_WB_V1.16.0RC2, STM32Cube_FW_WB_V1.17.0, STM32Cube_FW_WL_V1.3.0, X-CUBE-ALGOBUILD_V1.3.0, X-CUBE-ALS_V1.0.1, X-CUBE-AZRTOS-F4_V1.1.0, X-CUBE-AZRTOS-F7_V1.1.0, X-CUBE-AZRTOS-G0_V1.1.0, X-CUBE-AZRTOS-G4_V2.0.0, X-CUBE-AZRTOS-H7_V3.1.0, X-CUBE-AZRTOS-L4_V1.0.0, X-CUBE-AZRTOS-L4_V2.0.0, X-CUBE-AZRTOS-L5_V1.1.0, X-CUBE-AZRTOS-WB_V1.1.0, X-CUBE-AZRTOS-WL_V2.0.0, X-CUBE-BLE1_V7.0.0, X-CUBE-BLE2_V3.3.0, X-CUBE-BLEMGR_V2.0.0, X-CUBE-EEPRMA1_V4.1.0, X-CUBE-FREERTOS_V1.1.0, X-CUBE-GNSS1_V6.0.0, X-CUBE-MEMS1_V9.1.0, X-CUBE-MEMS1_V9.4.0, X-CUBE-MEMS1_V9.6.0, X-CUBE-NFC4_V3.0.0, X-CUBE-NFC7_V1.0.0, X-CUBE-SFXS2LP1_V4.0.0, X-CUBE-SUBG2_V5.0.0, X-CUBE-TOF1_V3.3.1]
2023-10-10 10:22:42,351 [INFO] ApiDb:240 - Found 297 in-development CPN: [B-G473E-ZEST1S, B-WB1M-WPAN1, B-WL5M-SUBG1, NUCLEO-C031C6, NUCLEO-H503RB, NUCLEO-H563ZI, NUCLEO-U545RE-Q, NUCLEO-U5A5ZJ-Q, NUCLEO-WBA52CG, STEVAL-PROTEUS1, STEVAL-STWINBX1, STM320518-EVAL, STM32C0116-DK, STM32C011D6Y3TR, STM32C011D6Y6TR, STM32C011F4P3, STM32C011F4P6, STM32C011F4U3, STM32C011F4U6TR, STM32C011F6P3, STM32C011F6P6, STM32C011F6U3, STM32C011F6U6TR, STM32C011J4M3, STM32C011J4M6, STM32C011J6M3, STM32C011J6M6, STM32C0316-DK, STM32C031C4T3, STM32C031C4T6, STM32C031C4U3, STM32C031C4U6, STM32C031C6T3, STM32C031C6T6, STM32C031C6U3, STM32C031C6U6, STM32C031F4P3, STM32C031F4P6, STM32C031F6P3, STM32C031F6P6, STM32C031G4U3, STM32C031G4U6, STM32C031G6U3, STM32C031G6U6, STM32C031K4T3, STM32C031K4T6, STM32C031K4U3, STM32C031K4U6, STM32C031K6T3, STM32C031K6T6, STM32C031K6U3, STM32C031K6U6, STM32G071K8TXN, STM32G071K8UXN, STM32G081GBU6N, STM32G081KBT6N, STM32G081KBUXN, STM32G0B1CCT6N, STM32G0B1KCT6, STM32G0B1NEY6TR, STM32G0B1RCT6N, STM32G0C1CCT6, STM32G0C1CCT6N, STM32G0C1CCU6N, STM32G0C1CET6N, STM32G0C1CEU6N, STM32G0C1KCT6, STM32G0C1NEY6TR, STM32G0C1RCI6N, STM32G0C1RCT6N, STM32G0C1REI6N, STM32G0C1RET6N, STM32G0C1VCI6, STM32G0C1VEI6, STM32G471CCT6, STM32G471CCU6, STM32G471CET3, STM32G471CET6, STM32G471CEU3, STM32G471CEU6, STM32G471MCT6, STM32G471MET3, STM32G471MET6, STM32G471MEY6TR, STM32G471QCT6, STM32G471QET3, STM32G471RCT6, STM32G471RET3, STM32G471RET6, STM32G471VCH6, STM32G471VCI6, STM32G471VCT6, STM32G471VEH3, STM32G471VEH6, STM32G471VEI3, STM32G471VEI6, STM32G471VET3, STM32G471VET6, STM32G474CCT6, STM32H503CBT6, STM32H503CBU6, STM32H503EBY6TR, STM32H503KBU6, STM32H503RBT6, STM32H562AGI6, STM32H562AII6, STM32H562IGK6, STM32H562IGT6, STM32H562IIK6, STM32H562IIT6, STM32H562RGT6, STM32H562RGV6, STM32H562RIT6, STM32H562RIV6, STM32H562VGT6, STM32H562VIT6, STM32H562ZGT6, STM32H562ZIT6, STM32H563AGI6, STM32H563AII3Q, STM32H563AII6, STM32H563IGK6, STM32H563IGT6, STM32H563IIK3Q, STM32H563IIK6, STM32H563IIT3Q, STM32H563IIT6, STM32H563MIY3QTR, STM32H563RGT6, STM32H563RGV6, STM32H563RIT6, STM32H563RIV6, STM32H563VGT6, STM32H563VIT3Q, STM32H563VIT6, STM32H563ZGT6, STM32H563ZIT3Q, STM32H563ZIT6, STM32H573AII3Q, STM32H573AII6, STM32H573I-DK, STM32H573IIK3Q, STM32H573IIK6, STM32H573IIT3Q, STM32H573IIT6, STM32H573MIY3QTR, STM32H573RIT6, STM32H573RIV6, STM32H573VIT3Q, STM32H573VIT6, STM32H573ZIT3Q, STM32H573ZIT6, STM32L4R5QGI6STR, STM32MP131AAE3, STM32MP131AAF3, STM32MP131AAG3, STM32MP131CAE3, STM32MP131CAF3, STM32MP131CAG3, STM32MP131DAE7, STM32MP131DAF7, STM32MP131DAG7, STM32MP131FAE7, STM32MP131FAF7, STM32MP131FAG7, STM32MP133AAE3, STM32MP133AAF3, STM32MP133AAG3, STM32MP133CAE3, STM32MP133CAF3, STM32MP133CAG3, STM32MP133DAE7, STM32MP133DAF7, STM32MP133DAG7, STM32MP133FAE7, STM32MP133FAF7, STM32MP133FAG7, STM32MP135AAE3, STM32MP135AAF3, STM32MP135AAG3, STM32MP135CAE3, STM32MP135CAF3, STM32MP135CAG3, STM32MP135DAE7, STM32MP135DAF7, STM32MP135DAG7, STM32MP135F-DK, STM32MP135FAE7, STM32MP135FAF7, STM32MP135FAF7T, STM32MP135FAF7U, STM32MP135FAG7, STM32U535CBT6, STM32U535CBT6Q, STM32U535CBU6, STM32U535CBU6Q, STM32U535CCT6, STM32U535CCT6Q, STM32U535CCU6, STM32U535CCU6Q, STM32U535CET6, STM32U535CET6Q, STM32U535CEU6, STM32U535CEU6Q, STM32U535JEY6QTR, STM32U535NCY6QTR, STM32U535NEY6QTR, STM32U535RBI6, STM32U535RBI6Q, STM32U535RBT6, STM32U535RBT6Q, STM32U535RCI6, STM32U535RCI6Q, STM32U535RCT6, STM32U535RCT6Q, STM32U535REI6, STM32U535REI6Q, STM32U535RET6, STM32U535RET6Q, STM32U535VCI6, STM32U535VCI6Q, STM32U535VCT6, STM32U535VCT6Q, STM32U535VEI6, STM32U535VEI6Q, STM32U535VET6, STM32U535VET6Q, STM32U545CET6, STM32U545CET6Q, STM32U545CEU6, STM32U545CEU6Q, STM32U545JEY6QTR, STM32U545NEY6QTR, STM32U545REI6, STM32U545REI6Q, STM32U545RET6, STM32U545RET6Q, STM32U545VEI6, STM32U545VEI6Q, STM32U545VET6, STM32U545VET6Q, STM32U595AIH6, STM32U595AIH6Q, STM32U595AJH6, STM32U595AJH6Q, STM32U595QII6, STM32U595QII6Q, STM32U595QJI6, STM32U595QJI6Q, STM32U595RIT6, STM32U595RIT6Q, STM32U595RJT6, STM32U595RJT6Q, STM32U595VIT6, STM32U595VIT6Q, STM32U595VJT6, STM32U595VJT6Q, STM32U595ZIT6, STM32U595ZIT6Q, STM32U595ZIY6QTR, STM32U595ZJT6, STM32U595ZJT6Q, STM32U595ZJY6QTR, STM32U599BJY6QTR, STM32U599NIH6Q, STM32U599NJH6Q, STM32U599VIT6Q, STM32U599VJT6, STM32U599VJT6Q, STM32U599ZIT6Q, STM32U599ZIY6QTR, STM32U599ZJT6Q, STM32U599ZJY6QTR, STM32U5A5AJH6, STM32U5A5AJH6Q, STM32U5A5QJI6, STM32U5A5QJI6Q, STM32U5A5RJT6, STM32U5A5RJT6Q, STM32U5A5VJT6, STM32U5A5VJT6Q, STM32U5A5ZJT6, STM32U5A5ZJT6Q, STM32U5A5ZJY6QTR, STM32U5A9BJY6QTR, STM32U5A9J-DK, STM32U5A9NJH6Q, STM32U5A9VJT6Q, STM32U5A9ZJT6Q, STM32U5A9ZJY6QTR, STM32WB1MMCH6, STM32WBA52CEU6, STM32WBA52CEU6T, STM32WBA52CGU6, STM32WBA52CGU6T, STM32WL5MOCH6, STM32WL5MOCH6TR]
2023-10-10 10:22:42,351 [INFO] DbMcus:216 - Found 3825 MCUs, 3825 are supported
2023-10-10 10:22:42,351 [INFO] ApiDb:423 - Load user favorites file C:\Users\USER/.stm32cubeide/favorites.mcus.txt: 0 item(s)
2023-10-10 10:22:42,351 [INFO] ApiDb:427 - User favorites MCUs=[]
2023-10-10 10:22:42,351 [INFO] DbMcus:222 - Set 0 / 0 favorites MCUs
2023-10-10 10:22:42,507 [WARN] ThirdParty:833 - waiting for thirdparty lock release [change project]
2023-10-10 10:22:42,507 [INFO] ThirdParty:835 - entering critical section [change project]
2023-10-10 10:22:42,507 [INFO] ThirdParty:1030 - CMSIS Pack Vendor :STMicroelectronics X-CUBE-ISPU 1.1.0
2023-10-10 10:22:42,507 [INFO] ThirdParty:1030 - CMSIS Pack Vendor :STMicroelectronics X-CUBE-GNSS1 6.0.0
2023-10-10 10:22:42,507 [INFO] ThirdParty:1030 - CMSIS Pack Vendor :STMicroelectronics USB_HOST 2.0.0
2023-10-10 10:22:42,507 [INFO] ThirdParty:1030 - CMSIS Pack Vendor :STMicroelectronics X-CUBE-AZRTOS-F4 1.1.0
2023-10-10 10:22:42,507 [INFO] ThirdParty:1030 - CMSIS Pack Vendor :STMicroelectronics LIBJPEG 8.0.0
2023-10-10 10:22:42,507 [INFO] ThirdParty:1030 - CMSIS Pack Vendor :wolfSSL I-CUBE-wolfSSL 5.6.3
2023-10-10 10:22:42,507 [INFO] ThirdParty:1030 - CMSIS Pack Vendor :STMicroelectronics X-CUBE-SMBUS 2.1.0
2023-10-10 10:22:42,507 [INFO] ThirdParty:1030 - CMSIS Pack Vendor :STMicroelectronics USB_DEVICE 3.0.0
2023-10-10 10:22:42,507 [INFO] ThirdParty:1030 - CMSIS Pack Vendor :STMicroelectronics X-CUBE-AZRTOS-WB 2.0.0
2023-10-10 10:22:42,507 [INFO] ThirdParty:1030 - CMSIS Pack Vendor :STMicroelectronics X-CUBE-AZRTOS-F7 1.1.0
2023-10-10 10:22:42,507 [INFO] ThirdParty:1030 - CMSIS Pack Vendor :STMicroelectronics X-CUBE-AZRTOS-L5 2.0.0
2023-10-10 10:22:42,507 [INFO] ThirdParty:1030 - CMSIS Pack Vendor :STMicroelectronics USB_DEVICE 2.0.0
2023-10-10 10:22:42,507 [INFO] ThirdParty:1030 - CMSIS Pack Vendor :STMicroelectronics X-CUBE-MEMS1 9.6.0
2023-10-10 10:22:42,507 [INFO] ThirdParty:1030 - CMSIS Pack Vendor :ITTIA_DB I-CUBE-ITTIADB 8.8.0
2023-10-10 10:22:42,507 [INFO] ThirdParty:1030 - CMSIS Pack Vendor :STMicroelectronics FP-SNS-MOTENV1 4.3.2
2023-10-10 10:22:42,507 [INFO] ThirdParty:1030 - CMSIS Pack Vendor :STMicroelectronics X-CUBE-ALGOBUILD 1.3.0
2023-10-10 10:22:42,507 [INFO] ThirdParty:1030 - CMSIS Pack Vendor :STMicroelectronics FreeRTOS 0.0.1
2023-10-10 10:22:42,507 [INFO] ThirdParty:1030 - CMSIS Pack Vendor :STMicroelectronics X-CUBE-AZRTOS-G0 1.1.0
2023-10-10 10:22:42,507 [INFO] ThirdParty:1030 - CMSIS Pack Vendor :STMicroelectronics X-CUBE-BLEMGR 2.0.0
2023-10-10 10:22:42,507 [INFO] ThirdParty:1030 - CMSIS Pack Vendor :STMicroelectronics X-CUBE-NFC4 3.0.0
2023-10-10 10:22:42,507 [INFO] ThirdParty:1030 - CMSIS Pack Vendor :STMicroelectronics X-CUBE-SUBG2 5.0.0
2023-10-10 10:22:42,507 [INFO] ThirdParty:1030 - CMSIS Pack Vendor :STMicroelectronics STM32_WPAN 1.0.0
2023-10-10 10:22:42,507 [INFO] ThirdParty:1030 - CMSIS Pack Vendor :STMicroelectronics lwIP 2.0.3
2023-10-10 10:22:42,507 [INFO] ThirdParty:1030 - CMSIS Pack Vendor :STMicroelectronics FP-SNS-FLIGHT1 5.0.2
2023-10-10 10:22:42,507 [INFO] ThirdParty:1030 - CMSIS Pack Vendor :STMicroelectronics USB_HOST 1.0.0
2023-10-10 10:22:42,507 [INFO] ThirdParty:1030 - CMSIS Pack Vendor :STMicroelectronics X-CUBE-TOF1 3.3.1
2023-10-10 10:22:42,507 [INFO] ThirdParty:1030 - CMSIS Pack Vendor :STMicroelectronics X-CUBE-AZRTOS-G4 2.0.0
2023-10-10 10:22:42,507 [INFO] ThirdParty:1030 - CMSIS Pack Vendor :STMicroelectronics PDM2PCM 3.1.0
2023-10-10 10:22:42,507 [INFO] ThirdParty:1030 - CMSIS Pack Vendor :STMicroelectronics X-CUBE-AZRTOS-H7 3.1.0
2023-10-10 10:22:42,507 [INFO] ThirdParty:1030 - CMSIS Pack Vendor :Infineon AIROC-Wi-Fi-Bluetooth-STM32 1.5.1
2023-10-10 10:22:42,507 [INFO] ThirdParty:1030 - CMSIS Pack Vendor :STMicroelectronics PDM2PCM 3.3.0
2023-10-10 10:22:42,507 [INFO] ThirdParty:1030 - CMSIS Pack Vendor :STMicroelectronics X-CUBE-DISPLAY 3.0.0
2023-10-10 10:22:42,507 [INFO] ThirdParty:1030 - CMSIS Pack Vendor :STMicroelectronics X-CUBE-BLE1 7.0.0
2023-10-10 10:22:42,507 [INFO] ThirdParty:1030 - CMSIS Pack Vendor :STMicroelectronics FP-ATR-SIGFOX1 3.2.0
2023-10-10 10:22:42,507 [INFO] ThirdParty:1030 - CMSIS Pack Vendor :STMicroelectronics HAL Drivers 0.0.0
2023-10-10 10:22:42,507 [INFO] ThirdParty:1030 - CMSIS Pack Vendor :STMicroelectronics MBEDTLS 2.16.2
2023-10-10 10:22:42,507 [INFO] ThirdParty:1030 - CMSIS Pack Vendor :emotas I-CUBE-CANOPEN 1.3.0
2023-10-10 10:22:42,507 [INFO] ThirdParty:1030 - CMSIS Pack Vendor :STMicroelectronics X-CUBE-FREERTOS 1.1.0
2023-10-10 10:22:42,507 [INFO] ThirdParty:1030 - CMSIS Pack Vendor :STMicroelectronics X-CUBE-NFC7 1.0.1
2023-10-10 10:22:42,507 [INFO] ThirdParty:1030 - CMSIS Pack Vendor :STMicroelectronics MBEDTLS 2.14.1
2023-10-10 10:22:42,507 [INFO] ThirdParty:1030 - CMSIS Pack Vendor :STMicroelectronics X-CUBE-TOUCHGFX 4.22.1
2023-10-10 10:22:42,507 [INFO] ThirdParty:1030 - CMSIS Pack Vendor :STMicroelectronics X-CUBE-NFC6 3.0.0
2023-10-10 10:22:42,507 [INFO] ThirdParty:1030 - CMSIS Pack Vendor :STMicroelectronics X-CUBE-EEPRMA1 4.1.0
2023-10-10 10:22:42,507 [INFO] ThirdParty:1030 - CMSIS Pack Vendor :portGmbH I-Cube-SoM-uGOAL 1.1.0
2023-10-10 10:22:42,507 [INFO] ThirdParty:1030 - CMSIS Pack Vendor :STMicroelectronics X-CUBE-ALS 1.0.1
2023-10-10 10:22:42,507 [INFO] ThirdParty:1030 - CMSIS Pack Vendor :STMicroelectronics ThreadX 1.0.0
2023-10-10 10:22:42,507 [INFO] ThirdParty:1030 - CMSIS Pack Vendor :STMicroelectronics FP-SNS-SMARTAG2 1.2.0
2023-10-10 10:22:42,507 [INFO] ThirdParty:1030 - CMSIS Pack Vendor :STMicroelectronics X-CUBE-AZRTOS-WL 2.0.0
2023-10-10 10:22:42,507 [INFO] ThirdParty:1030 - CMSIS Pack Vendor :SEGGER I-CUBE-embOS 1.3.1
2023-10-10 10:22:42,507 [INFO] ThirdParty:1030 - CMSIS Pack Vendor :STMicroelectronics USB_DEVICE 1.0.0
2023-10-10 10:22:42,507 [INFO] ThirdParty:1030 - CMSIS Pack Vendor :STMicroelectronics X-CUBE-AI 8.1.0
2023-10-10 10:22:42,507 [INFO] ThirdParty:1030 - CMSIS Pack Vendor :STMicroelectronics X-CUBE-AZRTOS-L4 2.0.0
2023-10-10 10:22:42,507 [INFO] ThirdParty:1030 - CMSIS Pack Vendor :STMicroelectronics ThreadX 0.0.2
2023-10-10 10:22:42,507 [INFO] ThirdParty:1030 - CMSIS Pack Vendor :WES I-CUBE-Cesium 1.3.0
2023-10-10 10:22:42,507 [INFO] ThirdParty:1030 - CMSIS Pack Vendor :STMicroelectronics FP-ATR-ASTRA1 2.0.0
2023-10-10 10:22:42,507 [INFO] ThirdParty:1030 - CMSIS Pack Vendor :STMicroelectronics lwIP 2.1.2
2023-10-10 10:22:42,507 [INFO] ThirdParty:1030 - CMSIS Pack Vendor :STMicroelectronics X-CUBE-SFXS2LP1 4.0.0
2023-10-10 10:22:42,507 [INFO] ThirdParty:1030 - CMSIS Pack Vendor :STMicroelectronics X-CUBE-BLE2 3.3.0
2023-10-10 10:22:42,507 [INFO] ThirdParty:1030 - CMSIS Pack Vendor :STMicroelectronics PDM2PCM 3.2.0
2023-10-10 10:22:42,507 [INFO] ThirdParty:841 - exiting critical section [change project]
2023-10-10 10:22:42,790 [INFO] PinOutPanel:1499 - setPackage(No Configuration,No Configuration)
2023-10-10 10:22:42,790 [INFO] PinOutPanel:1499 - setPackage(STM32F429ZITx,LQFP144)
2023-10-10 10:22:43,118 [INFO] UtilMem:75 - Before build in PCC Used Memory: 659109344 Bytes (745537536)
2023-10-10 10:22:43,541 [INFO] UtilMem:75 - After build in PCC Used Memory: 620078176 Bytes (745537536)
2023-10-10 10:22:43,572 [INFO] IPUIPlugin:80 - create IPUIPlugin
2023-10-10 10:22:43,572 [INFO] IPUIPlugin:80 - create IPUIPlugin
2023-10-10 10:22:43,572 [INFO] IPUIPlugin:80 - create IPUIPlugin
2023-10-10 10:22:43,572 [INFO] IPUIPlugin:80 - create IPUIPlugin
2023-10-10 10:22:43,572 [INFO] IPUIPlugin:80 - create IPUIPlugin
2023-10-10 10:22:43,572 [INFO] IPUIPlugin:80 - create IPUIPlugin
2023-10-10 10:22:43,572 [INFO] IPUIPlugin:80 - create IPUIPlugin
2023-10-10 10:22:43,572 [INFO] IPUIPlugin:80 - create IPUIPlugin
2023-10-10 10:22:43,572 [INFO] IPUIPlugin:80 - create IPUIPlugin
2023-10-10 10:22:43,572 [INFO] IPUIPlugin:80 - create IPUIPlugin
2023-10-10 10:22:43,572 [INFO] IPUIPlugin:80 - create IPUIPlugin
2023-10-10 10:22:43,572 [INFO] IPUIPlugin:80 - create IPUIPlugin
2023-10-10 10:22:43,572 [INFO] IPUIPlugin:80 - create IPUIPlugin
2023-10-10 10:22:43,572 [INFO] IPUIPlugin:80 - create IPUIPlugin
2023-10-10 10:22:43,572 [INFO] IPUIPlugin:80 - create IPUIPlugin
2023-10-10 10:22:43,572 [INFO] IPUIPlugin:80 - create IPUIPlugin
2023-10-10 10:22:43,572 [INFO] IPUIPlugin:80 - create IPUIPlugin
2023-10-10 10:22:43,572 [INFO] IPUIPlugin:80 - create IPUIPlugin
2023-10-10 10:22:43,572 [INFO] IPUIPlugin:80 - create IPUIPlugin
2023-10-10 10:22:43,572 [INFO] IPUIPlugin:80 - create IPUIPlugin
2023-10-10 10:22:43,572 [INFO] IPUIPlugin:80 - create IPUIPlugin
2023-10-10 10:22:43,572 [INFO] IPUIPlugin:80 - create IPUIPlugin
2023-10-10 10:22:43,572 [INFO] IPUIPlugin:80 - create IPUIPlugin
2023-10-10 10:22:43,572 [INFO] IPUIPlugin:80 - create IPUIPlugin
2023-10-10 10:22:43,572 [INFO] IPUIPlugin:80 - create IPUIPlugin
2023-10-10 10:22:43,572 [INFO] IPUIPlugin:80 - create IPUIPlugin
2023-10-10 10:22:43,572 [INFO] IPUIPlugin:80 - create IPUIPlugin
2023-10-10 10:22:43,572 [INFO] IPUIPlugin:80 - create IPUIPlugin
2023-10-10 10:22:43,572 [INFO] IPUIPlugin:80 - create IPUIPlugin
2023-10-10 10:22:43,572 [INFO] IPUIPlugin:80 - create IPUIPlugin
2023-10-10 10:22:43,572 [INFO] IPUIPlugin:80 - create IPUIPlugin
2023-10-10 10:22:43,572 [INFO] IPUIPlugin:80 - create IPUIPlugin
2023-10-10 10:22:43,572 [INFO] IPUIPlugin:80 - create IPUIPlugin
2023-10-10 10:22:43,572 [INFO] IPUIPlugin:80 - create IPUIPlugin
2023-10-10 10:22:43,572 [INFO] IPUIPlugin:80 - create IPUIPlugin
2023-10-10 10:22:43,572 [INFO] IPUIPlugin:80 - create IPUIPlugin
2023-10-10 10:22:43,572 [INFO] IPUIPlugin:80 - create IPUIPlugin
2023-10-10 10:22:43,572 [INFO] IPUIPlugin:80 - create IPUIPlugin
2023-10-10 10:22:43,572 [INFO] IPUIPlugin:80 - create IPUIPlugin
2023-10-10 10:22:43,572 [INFO] IPUIPlugin:80 - create IPUIPlugin
2023-10-10 10:22:43,572 [INFO] IPUIPlugin:80 - create IPUIPlugin
2023-10-10 10:22:43,572 [INFO] IPUIPlugin:80 - create IPUIPlugin
2023-10-10 10:22:43,572 [INFO] IPUIPlugin:80 - create IPUIPlugin
2023-10-10 10:22:43,572 [INFO] IPUIPlugin:80 - create IPUIPlugin
2023-10-10 10:22:43,572 [INFO] IPUIPlugin:80 - create IPUIPlugin
2023-10-10 10:22:43,572 [INFO] IPUIPlugin:80 - create IPUIPlugin
2023-10-10 10:22:43,572 [INFO] IPUIPlugin:80 - create IPUIPlugin
2023-10-10 10:22:43,572 [INFO] IPUIPlugin:80 - create IPUIPlugin
2023-10-10 10:22:43,572 [INFO] IPUIPlugin:80 - create IPUIPlugin
2023-10-10 10:22:43,572 [INFO] IPUIPlugin:80 - create IPUIPlugin
2023-10-10 10:22:43,572 [INFO] IPUIPlugin:80 - create IPUIPlugin
2023-10-10 10:22:43,572 [INFO] IPUIPlugin:80 - create IPUIPlugin
2023-10-10 10:22:43,572 [INFO] IPUIPlugin:80 - create IPUIPlugin
2023-10-10 10:22:43,572 [INFO] IPUIPlugin:80 - create IPUIPlugin
2023-10-10 10:22:43,572 [INFO] IPUIPlugin:80 - create IPUIPlugin
2023-10-10 10:22:43,572 [INFO] IPUIPlugin:80 - create IPUIPlugin
2023-10-10 10:22:43,572 [INFO] IPUIPlugin:80 - create IPUIPlugin
2023-10-10 10:22:43,572 [INFO] IPUIPlugin:80 - create IPUIPlugin
2023-10-10 10:22:43,572 [INFO] IPUIPlugin:80 - create IPUIPlugin
2023-10-10 10:22:43,572 [INFO] IPUIPlugin:80 - create IPUIPlugin
2023-10-10 10:22:43,572 [INFO] IPUIPlugin:80 - create IPUIPlugin
2023-10-10 10:22:43,572 [INFO] IPUIPlugin:80 - create IPUIPlugin
2023-10-10 10:22:43,572 [INFO] IPUIPlugin:80 - create IPUIPlugin
2023-10-10 10:22:43,589 [INFO] IPUIPlugin:80 - create IPUIPlugin
2023-10-10 10:22:43,589 [INFO] IPUIPlugin:80 - create IPUIPlugin
2023-10-10 10:22:43,589 [INFO] IPUIPlugin:80 - create IPUIPlugin
2023-10-10 10:22:43,636 [INFO] ApiDbMcu:507 - Load IP Config File for PDM2PCM
2023-10-10 10:22:43,809 [INFO] CADModel:165 - CPN selected for project levelSTM32F429ZIT6
2023-10-10 10:22:43,809 [INFO] CADModel:114 - Register for checkConnection events
2023-10-10 10:22:43,856 [INFO] OpenFileManager:328 - Restore cursor
2023-10-10 10:23:04,093 [INFO] NvicIntPanel:101 - NVIC parent = com.st.microxplorer.plugins.ip.nvic.MultiNvicIntPanel[,0,0,450x118,layout=javax.swing.BoxLayout,alignmentX=0.0,alignmentY=0.0,border=,flags=9,maximumSize=,minimumSize=,preferredSize=]
2023-10-10 10:39:28,166 [INFO] NvicIntPanel:101 - NVIC parent = com.st.microxplorer.plugins.ip.nvic.MultiNvicIntPanel[,0,0,0x0,invalid,layout=javax.swing.BoxLayout,alignmentX=0.0,alignmentY=0.0,border=,flags=9,maximumSize=,minimumSize=,preferredSize=]
2023-10-10 10:40:45,582 [INFO] UtilMem:75 - End SaveConfig() Used Memory: 581828384 Bytes (745537536)
2023-10-10 10:40:46,441 [INFO] UtilMem:75 - End SaveConfig() Used Memory: 597061848 Bytes (745537536)
2023-10-10 10:40:47,443 [INFO] UtilMem:75 - End SaveConfig() Used Memory: 565181248 Bytes (745537536)
2023-10-10 10:40:47,675 [INFO] BlockDiagram:2759 - set Specific Code input for plugin: SYS
2023-10-10 10:40:47,675 [INFO] BlockDiagram:2759 - set Specific Code input for plugin: RCC
2023-10-10 10:40:47,675 [INFO] BlockDiagram:2759 - set Specific Code input for plugin: USB_OTG_FS
2023-10-10 10:40:47,675 [INFO] BlockDiagram:2759 - set Specific Code input for plugin: NVIC
2023-10-10 10:40:47,675 [INFO] BlockDiagram:2759 - set Specific Code input for plugin: USART
2023-10-10 10:40:47,675 [INFO] BlockDiagram:2759 - set Specific Code input for plugin: GPIO
2023-10-10 10:40:47,675 [INFO] BlockDiagram:2759 - set Specific Code input for plugin: ETH
2023-10-10 10:40:47,675 [INFO] CodeGenerator:793 - code generatio: config db path: C:\ST\STM32CubeIDE_1.12.0\STM32CubeIDE\plugins\com.st.stm32cube.common.mx_6.8.0.202302231600\\db\
2023-10-10 10:40:47,838 [INFO] CodeEngine:255 - oldGeneratedFile, D:\gyuwon\source\STM32F429ZI\04.TIMER_UART\MXTmpFiles\license.tmp_save
2023-10-10 10:40:48,041 [INFO] CodeEngine:279 - Generated code: D:\gyuwon\source\STM32F429ZI\04.TIMER_UART\MXTmpFiles\license.tmp
2023-10-10 10:40:48,094 [INFO] CodeEngine:255 - oldGeneratedFile, D:\gyuwon\source\STM32F429ZI\04.TIMER_UART\MXTmpFiles\gpio.tmp_save
2023-10-10 10:40:48,151 [INFO] CodeEngine:279 - Generated code: D:\gyuwon\source\STM32F429ZI\04.TIMER_UART\MXTmpFiles\gpio.tmp
2023-10-10 10:40:48,308 [WARN] IPConfigManager:2937 - Warning: the RefConfig PWREx_EnableUSBVoltageDetector is not available in your config.xml file
2023-10-10 10:40:48,323 [INFO] CodeEngine:255 - oldGeneratedFile, D:\gyuwon\source\STM32F429ZI\04.TIMER_UART\Core\Src\stm32f4xx_it.c_save
2023-10-10 10:40:48,401 [INFO] CodeEngine:279 - Generated code: D:\gyuwon\source\STM32F429ZI\04.TIMER_UART\Core\Src\stm32f4xx_it.c
2023-10-10 10:40:48,417 [INFO] CodeEngine:255 - oldGeneratedFile, D:\gyuwon\source\STM32F429ZI\04.TIMER_UART\Core\Inc\stm32f4xx_it.h_save
2023-10-10 10:40:48,448 [INFO] CodeEngine:279 - Generated code: D:\gyuwon\source\STM32F429ZI\04.TIMER_UART\Core\Inc\stm32f4xx_it.h
2023-10-10 10:40:48,448 [INFO] CodeEngine:255 - oldGeneratedFile, D:\gyuwon\source\STM32F429ZI\04.TIMER_UART\Core\Src\stm32f4xx_hal_msp.c_save
2023-10-10 10:40:48,511 [INFO] CodeEngine:279 - Generated code: D:\gyuwon\source\STM32F429ZI\04.TIMER_UART\Core\Src\stm32f4xx_hal_msp.c
2023-10-10 10:40:48,511 [INFO] CodeEngine:255 - oldGeneratedFile, D:\gyuwon\source\STM32F429ZI\04.TIMER_UART\MXTmpFiles\system.tmp_save
2023-10-10 10:40:48,542 [INFO] CodeEngine:279 - Generated code: D:\gyuwon\source\STM32F429ZI\04.TIMER_UART\MXTmpFiles\system.tmp
2023-10-10 10:40:48,542 [INFO] CodeEngine:311 - oldGeneratedFile, D:\gyuwon\source\STM32F429ZI\04.TIMER_UART\Core\Inc\stm32f4xx_hal_conf.h_save
2023-10-10 10:40:48,589 [INFO] CodeEngine:335 - Generated code: D:\gyuwon\source\STM32F429ZI\04.TIMER_UART\Core\Inc\stm32f4xx_hal_conf.h
2023-10-10 10:40:48,589 [WARN] IPConfigManager:3431 - IP not found : USB_OTG
2023-10-10 10:40:48,605 [WARN] CodeGenerator:3754 - IP not found : null
2023-10-10 10:40:48,605 [INFO] CodeEngine:255 - oldGeneratedFile, D:\gyuwon\source\STM32F429ZI\04.TIMER_UART\Core\Inc\main.h_save
2023-10-10 10:40:48,636 [INFO] CodeEngine:279 - Generated code: D:\gyuwon\source\STM32F429ZI\04.TIMER_UART\Core\Inc\main.h
2023-10-10 10:40:48,641 [INFO] CodeEngine:255 - oldGeneratedFile, D:\gyuwon\source\STM32F429ZI\04.TIMER_UART\Core\Src\main.c_save
2023-10-10 10:40:48,715 [INFO] CodeEngine:279 - Generated code: D:\gyuwon\source\STM32F429ZI\04.TIMER_UART\Core\Src\main.c
2023-10-10 10:40:49,028 [INFO] ProjectBuilder:2996 - Time for Copy HAL[1] : 63mS.
2023-10-10 10:40:49,043 [INFO] ProjectBuilder:4304 - Project Generator version: 3.19.2
2023-10-10 10:40:49,153 [INFO] ConfigFileManager:1483 - The Die is : DIE419
2023-10-10 10:40:49,169 [INFO] ApiDbMcu:507 - Load IP Config File for FATFS
2023-10-10 10:40:49,169 [INFO] ApiDbMcu:507 - Load IP Config File for FREERTOS
2023-10-10 10:40:49,169 [INFO] ApiDbMcu:507 - Load IP Config File for LIBJPEG
2023-10-10 10:40:49,169 [INFO] ApiDbMcu:507 - Load IP Config File for LWIP
2023-10-10 10:40:49,169 [INFO] ApiDbMcu:507 - Load IP Config File for MBEDTLS
2023-10-10 10:40:49,169 [INFO] ApiDbMcu:507 - Load IP Config File for USB_DEVICE
2023-10-10 10:40:49,169 [INFO] ApiDbMcu:507 - Load IP Config File for USB_HOST
2023-10-10 10:40:49,608 [INFO] LogOutputStream:77 - [STDOUT_REDIRECT] 
2023-10-10 10:40:50,019 [INFO] ProjectBuilder:4505 - Time for Generating toolchain IDE Files: 976mS.
2023-10-10 10:40:50,019 [INFO] ProjectBuilder:2867 - Time for Copy CMSIS : 0mS.
2023-10-10 10:40:50,019 [INFO] ProjectBuilder:2867 - Time for Copy CMSIS : 0mS.
2023-10-10 13:56:29,257 [INFO] NvicIntPanel:101 - NVIC parent = com.st.microxplorer.plugins.ip.nvic.MultiNvicIntPanel[,0,0,825x236,layout=javax.swing.BoxLayout,alignmentX=0.0,alignmentY=0.0,border=,flags=9,maximumSize=,minimumSize=,preferredSize=]
2023-10-10 14:13:31,884 [INFO] UtilMem:75 - End SaveConfig() Used Memory: 787558952 Bytes (952107008)
2023-10-10 14:13:32,677 [INFO] UtilMem:75 - End SaveConfig() Used Memory: 830024232 Bytes (952107008)
2023-10-10 14:13:34,053 [INFO] UtilMem:75 - End SaveConfig() Used Memory: 658165640 Bytes (952107008)
2023-10-10 14:13:34,165 [INFO] BlockDiagram:2759 - set Specific Code input for plugin: SYS
2023-10-10 14:13:34,167 [INFO] BlockDiagram:2759 - set Specific Code input for plugin: RCC
2023-10-10 14:13:34,167 [INFO] BlockDiagram:2759 - set Specific Code input for plugin: USB_OTG_FS
2023-10-10 14:13:34,167 [INFO] BlockDiagram:2759 - set Specific Code input for plugin: NVIC
2023-10-10 14:13:34,167 [INFO] BlockDiagram:2759 - set Specific Code input for plugin: USART
2023-10-10 14:13:34,167 [INFO] BlockDiagram:2759 - set Specific Code input for plugin: USART
2023-10-10 14:13:34,167 [INFO] BlockDiagram:2759 - set Specific Code input for plugin: GPIO
2023-10-10 14:13:34,167 [INFO] BlockDiagram:2759 - set Specific Code input for plugin: ETH
2023-10-10 14:13:34,168 [INFO] CodeGenerator:793 - code generatio: config db path: C:\ST\STM32CubeIDE_1.12.0\STM32CubeIDE\plugins\com.st.stm32cube.common.mx_6.8.0.202302231600\\db\
2023-10-10 14:13:34,226 [INFO] CodeEngine:255 - oldGeneratedFile, D:\gyuwon\source\STM32F429ZI\04.TIMER_UART\MXTmpFiles\license.tmp_save
2023-10-10 14:13:34,278 [INFO] CodeEngine:279 - Generated code: D:\gyuwon\source\STM32F429ZI\04.TIMER_UART\MXTmpFiles\license.tmp
2023-10-10 14:13:34,293 [INFO] CodeEngine:255 - oldGeneratedFile, D:\gyuwon\source\STM32F429ZI\04.TIMER_UART\MXTmpFiles\gpio.tmp_save
2023-10-10 14:13:34,337 [INFO] CodeEngine:279 - Generated code: D:\gyuwon\source\STM32F429ZI\04.TIMER_UART\MXTmpFiles\gpio.tmp
2023-10-10 14:13:34,415 [WARN] IPConfigManager:2937 - Warning: the RefConfig PWREx_EnableUSBVoltageDetector is not available in your config.xml file
2023-10-10 14:13:34,431 [INFO] CodeEngine:255 - oldGeneratedFile, D:\gyuwon\source\STM32F429ZI\04.TIMER_UART\Core\Src\stm32f4xx_it.c_save
2023-10-10 14:13:34,493 [INFO] CodeEngine:279 - Generated code: D:\gyuwon\source\STM32F429ZI\04.TIMER_UART\Core\Src\stm32f4xx_it.c
2023-10-10 14:13:34,493 [INFO] CodeEngine:255 - oldGeneratedFile, D:\gyuwon\source\STM32F429ZI\04.TIMER_UART\Core\Inc\stm32f4xx_it.h_save
2023-10-10 14:13:34,525 [INFO] CodeEngine:279 - Generated code: D:\gyuwon\source\STM32F429ZI\04.TIMER_UART\Core\Inc\stm32f4xx_it.h
2023-10-10 14:13:34,525 [INFO] CodeEngine:255 - oldGeneratedFile, D:\gyuwon\source\STM32F429ZI\04.TIMER_UART\Core\Src\stm32f4xx_hal_msp.c_save
2023-10-10 14:13:34,603 [INFO] CodeEngine:279 - Generated code: D:\gyuwon\source\STM32F429ZI\04.TIMER_UART\Core\Src\stm32f4xx_hal_msp.c
2023-10-10 14:13:34,603 [INFO] CodeEngine:255 - oldGeneratedFile, D:\gyuwon\source\STM32F429ZI\04.TIMER_UART\MXTmpFiles\system.tmp_save
2023-10-10 14:13:34,634 [INFO] CodeEngine:279 - Generated code: D:\gyuwon\source\STM32F429ZI\04.TIMER_UART\MXTmpFiles\system.tmp
2023-10-10 14:13:34,650 [INFO] CodeEngine:311 - oldGeneratedFile, D:\gyuwon\source\STM32F429ZI\04.TIMER_UART\Core\Inc\stm32f4xx_hal_conf.h_save
2023-10-10 14:13:34,665 [INFO] CodeEngine:335 - Generated code: D:\gyuwon\source\STM32F429ZI\04.TIMER_UART\Core\Inc\stm32f4xx_hal_conf.h
2023-10-10 14:13:34,681 [WARN] IPConfigManager:3431 - IP not found : USB_OTG
2023-10-10 14:13:34,681 [WARN] CodeGenerator:3754 - IP not found : null
2023-10-10 14:13:34,697 [INFO] CodeEngine:255 - oldGeneratedFile, D:\gyuwon\source\STM32F429ZI\04.TIMER_UART\Core\Inc\main.h_save
2023-10-10 14:13:34,728 [INFO] CodeEngine:279 - Generated code: D:\gyuwon\source\STM32F429ZI\04.TIMER_UART\Core\Inc\main.h
2023-10-10 14:13:34,728 [INFO] CodeEngine:255 - oldGeneratedFile, D:\gyuwon\source\STM32F429ZI\04.TIMER_UART\Core\Src\main.c_save
2023-10-10 14:13:34,790 [INFO] CodeEngine:279 - Generated code: D:\gyuwon\source\STM32F429ZI\04.TIMER_UART\Core\Src\main.c
2023-10-10 14:13:35,040 [INFO] ProjectBuilder:2996 - Time for Copy HAL[1] : 62mS.
2023-10-10 14:13:35,040 [INFO] ProjectBuilder:4304 - Project Generator version: 3.19.2
2023-10-10 14:13:35,165 [INFO] ConfigFileManager:1483 - The Die is : DIE419
2023-10-10 14:13:35,665 [INFO] ProjectBuilder:4505 - Time for Generating toolchain IDE Files: 625mS.
2023-10-10 14:13:35,665 [INFO] ProjectBuilder:2867 - Time for Copy CMSIS : 0mS.
2023-10-10 14:13:35,665 [INFO] ProjectBuilder:2867 - Time for Copy CMSIS : 0mS.
2023-10-10 14:13:42,564 [INFO] UtilMem:75 - End SaveConfig() Used Memory: 642554496 Bytes (977272832)
2023-10-10 14:13:43,330 [INFO] UtilMem:75 - End SaveConfig() Used Memory: 681874048 Bytes (977272832)
2023-10-10 14:13:44,912 [INFO] UtilMem:75 - End SaveConfig() Used Memory: 828152448 Bytes (977272832)
2023-10-10 14:13:45,038 [INFO] BlockDiagram:2759 - set Specific Code input for plugin: SYS
2023-10-10 14:13:45,038 [INFO] BlockDiagram:2759 - set Specific Code input for plugin: RCC
2023-10-10 14:13:45,038 [INFO] BlockDiagram:2759 - set Specific Code input for plugin: USB_OTG_FS
2023-10-10 14:13:45,038 [INFO] BlockDiagram:2759 - set Specific Code input for plugin: NVIC
2023-10-10 14:13:45,038 [INFO] BlockDiagram:2759 - set Specific Code input for plugin: USART
2023-10-10 14:13:45,038 [INFO] BlockDiagram:2759 - set Specific Code input for plugin: USART
2023-10-10 14:13:45,038 [INFO] BlockDiagram:2759 - set Specific Code input for plugin: GPIO
2023-10-10 14:13:45,038 [INFO] BlockDiagram:2759 - set Specific Code input for plugin: ETH
2023-10-10 14:13:45,038 [INFO] CodeGenerator:793 - code generatio: config db path: C:\ST\STM32CubeIDE_1.12.0\STM32CubeIDE\plugins\com.st.stm32cube.common.mx_6.8.0.202302231600\\db\
2023-10-10 14:13:45,116 [INFO] CodeEngine:255 - oldGeneratedFile, D:\gyuwon\source\STM32F429ZI\04.TIMER_UART\MXTmpFiles\license.tmp_save
2023-10-10 14:13:45,132 [INFO] CodeEngine:279 - Generated code: D:\gyuwon\source\STM32F429ZI\04.TIMER_UART\MXTmpFiles\license.tmp
2023-10-10 14:13:45,148 [INFO] CodeEngine:255 - oldGeneratedFile, D:\gyuwon\source\STM32F429ZI\04.TIMER_UART\MXTmpFiles\gpio.tmp_save
2023-10-10 14:13:45,163 [INFO] CodeEngine:279 - Generated code: D:\gyuwon\source\STM32F429ZI\04.TIMER_UART\MXTmpFiles\gpio.tmp
2023-10-10 14:13:45,257 [WARN] IPConfigManager:2937 - Warning: the RefConfig PWREx_EnableUSBVoltageDetector is not available in your config.xml file
2023-10-10 14:13:45,257 [INFO] CodeEngine:255 - oldGeneratedFile, D:\gyuwon\source\STM32F429ZI\04.TIMER_UART\Core\Src\stm32f4xx_it.c_save
2023-10-10 14:13:45,288 [INFO] CodeEngine:279 - Generated code: D:\gyuwon\source\STM32F429ZI\04.TIMER_UART\Core\Src\stm32f4xx_it.c
2023-10-10 14:13:45,288 [INFO] CodeEngine:255 - oldGeneratedFile, D:\gyuwon\source\STM32F429ZI\04.TIMER_UART\Core\Inc\stm32f4xx_it.h_save
2023-10-10 14:13:45,304 [INFO] CodeEngine:279 - Generated code: D:\gyuwon\source\STM32F429ZI\04.TIMER_UART\Core\Inc\stm32f4xx_it.h
2023-10-10 14:13:45,320 [INFO] CodeEngine:255 - oldGeneratedFile, D:\gyuwon\source\STM32F429ZI\04.TIMER_UART\Core\Src\stm32f4xx_hal_msp.c_save
2023-10-10 14:13:45,351 [INFO] CodeEngine:279 - Generated code: D:\gyuwon\source\STM32F429ZI\04.TIMER_UART\Core\Src\stm32f4xx_hal_msp.c
2023-10-10 14:13:45,351 [INFO] CodeEngine:255 - oldGeneratedFile, D:\gyuwon\source\STM32F429ZI\04.TIMER_UART\MXTmpFiles\system.tmp_save
2023-10-10 14:13:45,367 [INFO] CodeEngine:279 - Generated code: D:\gyuwon\source\STM32F429ZI\04.TIMER_UART\MXTmpFiles\system.tmp
2023-10-10 14:13:45,367 [INFO] CodeEngine:311 - oldGeneratedFile, D:\gyuwon\source\STM32F429ZI\04.TIMER_UART\Core\Inc\stm32f4xx_hal_conf.h_save
2023-10-10 14:13:45,398 [INFO] CodeEngine:335 - Generated code: D:\gyuwon\source\STM32F429ZI\04.TIMER_UART\Core\Inc\stm32f4xx_hal_conf.h
2023-10-10 14:13:45,398 [WARN] IPConfigManager:3431 - IP not found : USB_OTG
2023-10-10 14:13:45,398 [WARN] CodeGenerator:3754 - IP not found : null
2023-10-10 14:13:45,398 [INFO] CodeEngine:255 - oldGeneratedFile, D:\gyuwon\source\STM32F429ZI\04.TIMER_UART\Core\Inc\main.h_save
2023-10-10 14:13:45,429 [INFO] CodeEngine:279 - Generated code: D:\gyuwon\source\STM32F429ZI\04.TIMER_UART\Core\Inc\main.h
2023-10-10 14:13:45,429 [INFO] CodeEngine:255 - oldGeneratedFile, D:\gyuwon\source\STM32F429ZI\04.TIMER_UART\Core\Src\main.c_save
2023-10-10 14:13:45,492 [INFO] CodeEngine:279 - Generated code: D:\gyuwon\source\STM32F429ZI\04.TIMER_UART\Core\Src\main.c
2023-10-10 14:13:45,715 [INFO] ProjectBuilder:2996 - Time for Copy HAL[1] : 36mS.
2023-10-10 14:13:45,721 [INFO] ProjectBuilder:4304 - Project Generator version: 3.19.2
2023-10-10 14:13:45,868 [INFO] ConfigFileManager:1483 - The Die is : DIE419
2023-10-10 14:13:46,337 [INFO] ProjectBuilder:4505 - Time for Generating toolchain IDE Files: 616mS.
2023-10-10 14:13:46,337 [INFO] ProjectBuilder:2867 - Time for Copy CMSIS : 0mS.
2023-10-10 14:13:46,337 [INFO] ProjectBuilder:2867 - Time for Copy CMSIS : 0mS.
2023-10-10 14:13:50,466 [INFO] UtilMem:75 - End SaveConfig() Used Memory: 697470704 Bytes (1002438656)
2023-10-10 14:13:51,248 [INFO] UtilMem:75 - End SaveConfig() Used Memory: 737316592 Bytes (1002438656)
2023-10-10 14:13:52,079 [INFO] UtilMem:75 - End SaveConfig() Used Memory: 784502512 Bytes (1002438656)
2023-10-10 14:13:52,189 [INFO] BlockDiagram:2759 - set Specific Code input for plugin: SYS
2023-10-10 14:13:52,189 [INFO] BlockDiagram:2759 - set Specific Code input for plugin: RCC
2023-10-10 14:13:52,189 [INFO] BlockDiagram:2759 - set Specific Code input for plugin: USB_OTG_FS
2023-10-10 14:13:52,189 [INFO] BlockDiagram:2759 - set Specific Code input for plugin: NVIC
2023-10-10 14:13:52,189 [INFO] BlockDiagram:2759 - set Specific Code input for plugin: USART
2023-10-10 14:13:52,189 [INFO] BlockDiagram:2759 - set Specific Code input for plugin: USART
2023-10-10 14:13:52,189 [INFO] BlockDiagram:2759 - set Specific Code input for plugin: GPIO
2023-10-10 14:13:52,189 [INFO] BlockDiagram:2759 - set Specific Code input for plugin: ETH
2023-10-10 14:13:52,189 [INFO] CodeGenerator:793 - code generatio: config db path: C:\ST\STM32CubeIDE_1.12.0\STM32CubeIDE\plugins\com.st.stm32cube.common.mx_6.8.0.202302231600\\db\
2023-10-10 14:13:52,267 [INFO] CodeEngine:255 - oldGeneratedFile, D:\gyuwon\source\STM32F429ZI\04.TIMER_UART\MXTmpFiles\license.tmp_save
2023-10-10 14:13:52,298 [INFO] CodeEngine:279 - Generated code: D:\gyuwon\source\STM32F429ZI\04.TIMER_UART\MXTmpFiles\license.tmp
2023-10-10 14:13:52,298 [INFO] CodeEngine:255 - oldGeneratedFile, D:\gyuwon\source\STM32F429ZI\04.TIMER_UART\MXTmpFiles\gpio.tmp_save
2023-10-10 14:13:52,330 [INFO] CodeEngine:279 - Generated code: D:\gyuwon\source\STM32F429ZI\04.TIMER_UART\MXTmpFiles\gpio.tmp
2023-10-10 14:13:52,408 [WARN] IPConfigManager:2937 - Warning: the RefConfig PWREx_EnableUSBVoltageDetector is not available in your config.xml file
2023-10-10 14:13:52,408 [INFO] CodeEngine:255 - oldGeneratedFile, D:\gyuwon\source\STM32F429ZI\04.TIMER_UART\Core\Src\stm32f4xx_it.c_save
2023-10-10 14:13:52,440 [INFO] CodeEngine:279 - Generated code: D:\gyuwon\source\STM32F429ZI\04.TIMER_UART\Core\Src\stm32f4xx_it.c
2023-10-10 14:13:52,440 [INFO] CodeEngine:255 - oldGeneratedFile, D:\gyuwon\source\STM32F429ZI\04.TIMER_UART\Core\Inc\stm32f4xx_it.h_save
2023-10-10 14:13:52,471 [INFO] CodeEngine:279 - Generated code: D:\gyuwon\source\STM32F429ZI\04.TIMER_UART\Core\Inc\stm32f4xx_it.h
2023-10-10 14:13:52,471 [INFO] CodeEngine:255 - oldGeneratedFile, D:\gyuwon\source\STM32F429ZI\04.TIMER_UART\Core\Src\stm32f4xx_hal_msp.c_save
2023-10-10 14:13:52,502 [INFO] CodeEngine:279 - Generated code: D:\gyuwon\source\STM32F429ZI\04.TIMER_UART\Core\Src\stm32f4xx_hal_msp.c
2023-10-10 14:13:52,502 [INFO] CodeEngine:255 - oldGeneratedFile, D:\gyuwon\source\STM32F429ZI\04.TIMER_UART\MXTmpFiles\system.tmp_save
2023-10-10 14:13:52,518 [INFO] CodeEngine:279 - Generated code: D:\gyuwon\source\STM32F429ZI\04.TIMER_UART\MXTmpFiles\system.tmp
2023-10-10 14:13:52,530 [INFO] CodeEngine:311 - oldGeneratedFile, D:\gyuwon\source\STM32F429ZI\04.TIMER_UART\Core\Inc\stm32f4xx_hal_conf.h_save
2023-10-10 14:13:52,549 [INFO] CodeEngine:335 - Generated code: D:\gyuwon\source\STM32F429ZI\04.TIMER_UART\Core\Inc\stm32f4xx_hal_conf.h
2023-10-10 14:13:52,557 [WARN] IPConfigManager:3431 - IP not found : USB_OTG
2023-10-10 14:13:52,557 [WARN] CodeGenerator:3754 - IP not found : null
2023-10-10 14:13:52,557 [INFO] CodeEngine:255 - oldGeneratedFile, D:\gyuwon\source\STM32F429ZI\04.TIMER_UART\Core\Inc\main.h_save
2023-10-10 14:13:52,581 [INFO] CodeEngine:279 - Generated code: D:\gyuwon\source\STM32F429ZI\04.TIMER_UART\Core\Inc\main.h
2023-10-10 14:13:52,581 [INFO] CodeEngine:255 - oldGeneratedFile, D:\gyuwon\source\STM32F429ZI\04.TIMER_UART\Core\Src\main.c_save
2023-10-10 14:13:52,612 [INFO] CodeEngine:279 - Generated code: D:\gyuwon\source\STM32F429ZI\04.TIMER_UART\Core\Src\main.c
2023-10-10 14:13:52,830 [INFO] ProjectBuilder:2996 - Time for Copy HAL[1] : 31mS.
2023-10-10 14:13:52,830 [INFO] ProjectBuilder:4304 - Project Generator version: 3.19.2
2023-10-10 14:13:52,971 [INFO] ConfigFileManager:1483 - The Die is : DIE419
2023-10-10 14:13:53,424 [INFO] ProjectBuilder:4505 - Time for Generating toolchain IDE Files: 594mS.
2023-10-10 14:13:53,424 [INFO] ProjectBuilder:2867 - Time for Copy CMSIS : 0mS.
2023-10-10 14:13:53,424 [INFO] ProjectBuilder:2867 - Time for Copy CMSIS : 0mS.
2023-10-10 15:02:38,656 [INFO] NvicIntPanel:101 - NVIC parent = com.st.microxplorer.plugins.ip.nvic.MultiNvicIntPanel[,0,0,0x0,invalid,layout=javax.swing.BoxLayout,alignmentX=0.0,alignmentY=0.0,border=,flags=9,maximumSize=,minimumSize=,preferredSize=]
2023-10-10 15:02:55,922 [INFO] NvicIntPanel:101 - NVIC parent = com.st.microxplorer.plugins.ip.nvic.MultiNvicIntPanel[,0,0,450x208,layout=javax.swing.BoxLayout,alignmentX=0.0,alignmentY=0.0,border=,flags=9,maximumSize=,minimumSize=,preferredSize=]
2023-10-10 15:02:57,424 [INFO] NvicIntPanel:101 - NVIC parent = com.st.microxplorer.plugins.ip.nvic.MultiNvicIntPanel[,0,0,0x0,invalid,layout=javax.swing.BoxLayout,alignmentX=0.0,alignmentY=0.0,border=,flags=9,maximumSize=,minimumSize=,preferredSize=]
2023-10-10 15:04:29,131 [INFO] UtilMem:75 - End SaveConfig() Used Memory: 639591728 Bytes (1027604480)
2023-10-10 15:04:30,392 [INFO] UtilMem:75 - End SaveConfig() Used Memory: 652114088 Bytes (1027604480)
2023-10-10 15:04:33,270 [INFO] UtilMem:75 - End SaveConfig() Used Memory: 699826344 Bytes (1027604480)
2023-10-10 15:04:33,411 [INFO] BlockDiagram:2759 - set Specific Code input for plugin: SYS
2023-10-10 15:04:33,411 [INFO] BlockDiagram:2759 - set Specific Code input for plugin: RCC
2023-10-10 15:04:33,411 [INFO] BlockDiagram:2759 - set Specific Code input for plugin: USB_OTG_FS
2023-10-10 15:04:33,411 [INFO] BlockDiagram:2759 - set Specific Code input for plugin: NVIC
2023-10-10 15:04:33,411 [INFO] BlockDiagram:2759 - set Specific Code input for plugin: USART
2023-10-10 15:04:33,411 [INFO] BlockDiagram:2759 - set Specific Code input for plugin: USART
2023-10-10 15:04:33,411 [INFO] BlockDiagram:2759 - set Specific Code input for plugin: GPIO
2023-10-10 15:04:33,411 [INFO] BlockDiagram:2759 - set Specific Code input for plugin: ETH
2023-10-10 15:04:33,411 [INFO] CodeGenerator:793 - code generatio: config db path: C:\ST\STM32CubeIDE_1.12.0\STM32CubeIDE\plugins\com.st.stm32cube.common.mx_6.8.0.202302231600\\db\
2023-10-10 15:04:33,489 [INFO] CodeEngine:255 - oldGeneratedFile, D:\gyuwon\source\STM32F429ZI\04.TIMER_UART\MXTmpFiles\license.tmp_save
2023-10-10 15:04:33,520 [INFO] CodeEngine:279 - Generated code: D:\gyuwon\source\STM32F429ZI\04.TIMER_UART\MXTmpFiles\license.tmp
2023-10-10 15:04:33,536 [INFO] CodeEngine:255 - oldGeneratedFile, D:\gyuwon\source\STM32F429ZI\04.TIMER_UART\MXTmpFiles\gpio.tmp_save
2023-10-10 15:04:33,552 [INFO] CodeEngine:279 - Generated code: D:\gyuwon\source\STM32F429ZI\04.TIMER_UART\MXTmpFiles\gpio.tmp
2023-10-10 15:04:33,630 [WARN] IPConfigManager:2937 - Warning: the RefConfig PWREx_EnableUSBVoltageDetector is not available in your config.xml file
2023-10-10 15:04:33,646 [INFO] CodeEngine:255 - oldGeneratedFile, D:\gyuwon\source\STM32F429ZI\04.TIMER_UART\Core\Src\stm32f4xx_it.c_save
2023-10-10 15:04:33,693 [INFO] CodeEngine:279 - Generated code: D:\gyuwon\source\STM32F429ZI\04.TIMER_UART\Core\Src\stm32f4xx_it.c
2023-10-10 15:04:33,708 [INFO] CodeEngine:255 - oldGeneratedFile, D:\gyuwon\source\STM32F429ZI\04.TIMER_UART\Core\Inc\stm32f4xx_it.h_save
2023-10-10 15:04:33,724 [INFO] CodeEngine:279 - Generated code: D:\gyuwon\source\STM32F429ZI\04.TIMER_UART\Core\Inc\stm32f4xx_it.h
2023-10-10 15:04:33,724 [INFO] CodeEngine:255 - oldGeneratedFile, D:\gyuwon\source\STM32F429ZI\04.TIMER_UART\Core\Src\stm32f4xx_hal_msp.c_save
2023-10-10 15:04:33,788 [INFO] CodeEngine:279 - Generated code: D:\gyuwon\source\STM32F429ZI\04.TIMER_UART\Core\Src\stm32f4xx_hal_msp.c
2023-10-10 15:04:33,788 [INFO] CodeEngine:255 - oldGeneratedFile, D:\gyuwon\source\STM32F429ZI\04.TIMER_UART\MXTmpFiles\system.tmp_save
2023-10-10 15:04:33,819 [INFO] CodeEngine:279 - Generated code: D:\gyuwon\source\STM32F429ZI\04.TIMER_UART\MXTmpFiles\system.tmp
2023-10-10 15:04:33,819 [INFO] CodeEngine:311 - oldGeneratedFile, D:\gyuwon\source\STM32F429ZI\04.TIMER_UART\Core\Inc\stm32f4xx_hal_conf.h_save
2023-10-10 15:04:33,850 [INFO] CodeEngine:335 - Generated code: D:\gyuwon\source\STM32F429ZI\04.TIMER_UART\Core\Inc\stm32f4xx_hal_conf.h
2023-10-10 15:04:33,850 [WARN] IPConfigManager:3431 - IP not found : USB_OTG
2023-10-10 15:04:33,850 [WARN] CodeGenerator:3754 - IP not found : null
2023-10-10 15:04:33,866 [INFO] CodeEngine:255 - oldGeneratedFile, D:\gyuwon\source\STM32F429ZI\04.TIMER_UART\Core\Inc\main.h_save
2023-10-10 15:04:33,897 [INFO] CodeEngine:279 - Generated code: D:\gyuwon\source\STM32F429ZI\04.TIMER_UART\Core\Inc\main.h
2023-10-10 15:04:33,912 [INFO] CodeEngine:255 - oldGeneratedFile, D:\gyuwon\source\STM32F429ZI\04.TIMER_UART\Core\Src\main.c_save
2023-10-10 15:04:33,945 [INFO] CodeEngine:279 - Generated code: D:\gyuwon\source\STM32F429ZI\04.TIMER_UART\Core\Src\main.c
2023-10-10 15:04:34,164 [INFO] ProjectBuilder:2996 - Time for Copy HAL[1] : 32mS.
2023-10-10 15:04:34,164 [INFO] ProjectBuilder:4304 - Project Generator version: 3.19.2
2023-10-10 15:04:34,289 [INFO] ConfigFileManager:1483 - The Die is : DIE419
2023-10-10 15:04:34,726 [INFO] ProjectBuilder:4505 - Time for Generating toolchain IDE Files: 562mS.
2023-10-10 15:04:34,726 [INFO] ProjectBuilder:2867 - Time for Copy CMSIS : 0mS.
2023-10-10 15:04:34,726 [INFO] ProjectBuilder:2867 - Time for Copy CMSIS : 0mS.
2023-10-10 19:11:17,534 [INFO] NvicIntPanel:101 - NVIC parent = com.st.microxplorer.plugins.ip.nvic.MultiNvicIntPanel[,0,0,450x204,layout=javax.swing.BoxLayout,alignmentX=0.0,alignmentY=0.0,border=,flags=9,maximumSize=,minimumSize=,preferredSize=]
2023-10-10 20:42:44,076 [ERROR] LogOutputStream:75 - [STDERR_REDIRECT] 
