2023-10-17 09:11:16,983 [INFO] MainUpdater:2854 - connection check result : 10
2023-10-17 09:11:16,999 [INFO] MainUpdater:2854 - connection check result : 10
2023-10-17 09:11:17,062 [INFO] MicroXplorer:468 - Change Database Path : 
2023-10-17 09:11:17,062 [INFO] MicroXplorer:498 - Change Database Version : DB.6.0.80
2023-10-17 09:11:17,077 [WARN] ThirdParty:871 - waiting for thirdparty lock release [close project]
2023-10-17 09:11:17,077 [INFO] ThirdParty:873 - entering critical section [close project]
2023-10-17 09:11:17,077 [INFO] ThirdParty:883 - exiting critical section [close project]
2023-10-17 09:11:17,077 [INFO] PinOutPanel:1499 - setPackage(No Configuration,No Configuration)
2023-10-17 09:11:17,077 [WARN] IpParametersView:150 - Warning: This peripheral hasn't parameters
2023-10-17 09:11:17,077 [WARN] MainPanel:257 - <html><b><center>Warning: This peripheral has no parameters to be configured<br></b></html>
2023-10-17 09:11:17,077 [INFO] UtilMem:75 - Begin LoadConfig() Used Memory: 824606720 Bytes (1067450368)
2023-10-17 09:11:17,077 [INFO] MicroXplorer:468 - Change Database Path : 
2023-10-17 09:11:17,077 [INFO] MicroXplorer:498 - Change Database Version : DB.6.0.80
2023-10-17 09:11:17,077 [INFO] OpenFileManager:308 - Change cursor
2023-10-17 09:11:17,077 [INFO] Mcu:1937 - Initializing MCU STM32F429ZITx STM32F429ZITx STM32F429ZIT6
2023-10-17 09:11:17,593 [INFO] Context:659 - Trying to add GPIOservice into a context  which must be forbidden
2023-10-17 09:11:17,735 [INFO] RtosManager:555 - Registered RTOS mode: class=CMSIS, group=RTOS, mode=CMSIS_V1, owner=FREERTOS
2023-10-17 09:11:17,735 [INFO] RtosManager:555 - Registered RTOS mode: class=CMSIS, group=RTOS2, mode=CMSIS_V2, owner=FREERTOS
2023-10-17 09:11:17,735 [INFO] RtosManager:555 - Registered RTOS mode: class=RTOS, group=Core, mode=CMSIS_V1, owner=FREERTOS
2023-10-17 09:11:17,735 [INFO] RtosManager:555 - Registered RTOS mode: class=RTOS, group=Core, mode=CMSIS_V2, owner=FREERTOS
2023-10-17 09:11:17,735 [WARN] ModelIntegratedComponent:184 - Missing modes for component STMicroelectronics:FreeRTOS:0.0.1:STMicroelectronics:RTOS:FreeRTOS:Core:::10.2.0:
2023-10-17 09:11:17,735 [WARN] ModelIntegratedComponent:63 - No mode defined for component null
2023-10-17 09:11:17,735 [WARN] ModelIntegratedComponent:63 - No mode defined for component null
2023-10-17 09:11:17,735 [WARN] ModelIntegratedComponent:63 - No mode defined for component null
2023-10-17 09:11:17,735 [WARN] ModelIntegratedComponent:63 - No mode defined for component null
2023-10-17 09:11:17,735 [WARN] ModelIntegratedComponent:63 - No mode defined for component null
2023-10-17 09:11:17,735 [WARN] ModelIntegratedComponent:63 - No mode defined for component null
2023-10-17 09:11:17,735 [WARN] ModelIntegratedComponent:63 - No mode defined for component null
2023-10-17 09:11:17,735 [WARN] ModelIntegratedComponent:63 - No mode defined for component null
2023-10-17 09:11:17,735 [WARN] ModelIntegratedComponent:63 - No mode defined for component null
2023-10-17 09:11:17,735 [WARN] ModelIntegratedComponent:63 - No mode defined for component null
2023-10-17 09:11:17,735 [WARN] ModelIntegratedComponent:63 - No mode defined for component null
2023-10-17 09:11:17,735 [WARN] ModelIntegratedComponent:63 - No mode defined for component null
2023-10-17 09:11:17,735 [WARN] ModelIntegratedComponent:63 - No mode defined for component null
2023-10-17 09:11:17,735 [WARN] ModelIntegratedComponent:63 - No mode defined for component null
2023-10-17 09:11:17,735 [WARN] ModelIntegratedComponent:63 - No mode defined for component null
2023-10-17 09:11:17,735 [WARN] ModelIntegratedComponent:63 - No mode defined for component null
2023-10-17 09:11:17,735 [WARN] ModelIntegratedComponent:63 - No mode defined for component null
2023-10-17 09:11:17,735 [WARN] ModelIntegratedComponent:63 - No mode defined for component null
2023-10-17 09:11:17,735 [WARN] ModelIntegratedComponent:63 - No mode defined for component null
2023-10-17 09:11:17,735 [WARN] ModelIntegratedComponent:63 - No mode defined for component null
2023-10-17 09:11:17,735 [WARN] ModelIntegratedComponent:63 - No mode defined for component null
2023-10-17 09:11:17,735 [WARN] ModelIntegratedComponent:63 - No mode defined for component null
2023-10-17 09:11:17,735 [WARN] ModelIntegratedComponent:63 - No mode defined for component null
2023-10-17 09:11:17,735 [WARN] ModelIntegratedComponent:63 - No mode defined for component null
2023-10-17 09:11:17,735 [WARN] ModelIntegratedComponent:63 - No mode defined for component null
2023-10-17 09:11:17,735 [WARN] ModelIntegratedComponent:63 - No mode defined for component null
2023-10-17 09:11:17,735 [WARN] ModelIntegratedComponent:63 - No mode defined for component null
2023-10-17 09:11:17,735 [WARN] ModelIntegratedComponent:63 - No mode defined for component null
2023-10-17 09:11:17,735 [WARN] ModelIntegratedComponent:63 - No mode defined for component null
2023-10-17 09:11:17,735 [WARN] ModelIntegratedComponent:63 - No mode defined for component null
2023-10-17 09:11:17,735 [WARN] ModelIntegratedComponent:63 - No mode defined for component null
2023-10-17 09:11:17,735 [WARN] ModelIntegratedComponent:63 - No mode defined for component null
2023-10-17 09:11:17,735 [WARN] ModelIntegratedComponent:63 - No mode defined for component null
2023-10-17 09:11:17,735 [INFO] ThirdPartyModel:298 - Start build external matchings
2023-10-17 09:11:17,844 [INFO] ThirdPartyModel:316 - End build external matchings
2023-10-17 09:11:17,844 [INFO] ImportTextPane:194 - (OptionalMessage_ERROR) IP (ETH) : Invalid parameter (PHY_Name)
2023-10-17 09:11:17,844 [INFO] ImportTextPane:194 - (OptionalMessage_ERROR) IP (ETH) : Invalid parameter (PHY_Value)
2023-10-17 09:11:17,844 [INFO] ImportTextPane:194 - (OptionalMessage_ERROR) IP (ETH) : Invalid parameter (PhyAddress)
2023-10-17 09:11:17,844 [INFO] ImportTextPane:194 - (OptionalMessage_ERROR) IP (RCC) : Invalid parameter (ADC12outputFreq_Value)
2023-10-17 09:11:17,844 [INFO] ImportTextPane:194 - (OptionalMessage_ERROR) IP (RCC) : Invalid parameter (ADC34outputFreq_Value)
2023-10-17 09:11:17,844 [INFO] ImportTextPane:194 - (OptionalMessage_ERROR) IP (RCC) : Invalid parameter (FamilyName)
2023-10-17 09:11:17,844 [INFO] ImportTextPane:194 - (OptionalMessage_ERROR) IP (RCC) : Invalid parameter (I2C1Freq_Value)
2023-10-17 09:11:17,844 [INFO] ImportTextPane:194 - (OptionalMessage_ERROR) IP (RCC) : Invalid parameter (I2C2Freq_Value)
2023-10-17 09:11:17,844 [INFO] ImportTextPane:194 - (OptionalMessage_ERROR) IP (RCC) : Invalid parameter (I2C3Freq_Value)
2023-10-17 09:11:17,844 [INFO] ImportTextPane:194 - (OptionalMessage_ERROR) IP (RCC) : Parameter (MCO2PinFreq_Value) has invalid value (168000000)
2023-10-17 09:11:17,844 [INFO] ImportTextPane:194 - (OptionalMessage_ERROR) IP (RCC) : Invalid parameter (MCOFreq_Value)
2023-10-17 09:11:17,844 [INFO] ImportTextPane:194 - (OptionalMessage_ERROR) IP (RCC) : Invalid parameter (PLLMCOFreq_Value)
2023-10-17 09:11:17,844 [INFO] ImportTextPane:194 - (OptionalMessage_ERROR) IP (RCC) : Invalid parameter (PLLMUL)
2023-10-17 09:11:17,844 [INFO] ImportTextPane:194 - (OptionalMessage_ERROR) IP (RCC) : Invalid parameter (PRESCALERUSB)
2023-10-17 09:11:17,844 [INFO] ImportTextPane:194 - (OptionalMessage_ERROR) IP (RCC) : Parameter (RTCHSEDivFreq_Value) has invalid value (4000000)
2023-10-17 09:11:17,844 [INFO] ImportTextPane:194 - (OptionalMessage_ERROR) IP (RCC) : Invalid parameter (SYSCLKSourceVirtual)
2023-10-17 09:11:17,844 [INFO] ImportTextPane:194 - (OptionalMessage_ERROR) IP (RCC) : Invalid parameter (TIM15Freq_Value)
2023-10-17 09:11:17,844 [INFO] ImportTextPane:194 - (OptionalMessage_ERROR) IP (RCC) : Invalid parameter (TIM16Freq_Value)
2023-10-17 09:11:17,844 [INFO] ImportTextPane:194 - (OptionalMessage_ERROR) IP (RCC) : Invalid parameter (TIM17Freq_Value)
2023-10-17 09:11:17,844 [INFO] ImportTextPane:194 - (OptionalMessage_ERROR) IP (RCC) : Invalid parameter (TIM1Freq_Value)
2023-10-17 09:11:17,844 [INFO] ImportTextPane:194 - (OptionalMessage_ERROR) IP (RCC) : Invalid parameter (TIM20Freq_Value)
2023-10-17 09:11:17,844 [INFO] ImportTextPane:194 - (OptionalMessage_ERROR) IP (RCC) : Invalid parameter (TIM2Freq_Value)
2023-10-17 09:11:17,844 [INFO] ImportTextPane:194 - (OptionalMessage_ERROR) IP (RCC) : Invalid parameter (TIM3Freq_Value)
2023-10-17 09:11:17,844 [INFO] ImportTextPane:194 - (OptionalMessage_ERROR) IP (RCC) : Invalid parameter (TIM8Freq_Value)
2023-10-17 09:11:17,844 [INFO] ImportTextPane:194 - (OptionalMessage_ERROR) IP (RCC) : Invalid parameter (UART4Freq_Value)
2023-10-17 09:11:17,844 [INFO] ImportTextPane:194 - (OptionalMessage_ERROR) IP (RCC) : Invalid parameter (UART5Freq_Value)
2023-10-17 09:11:17,844 [INFO] ImportTextPane:194 - (OptionalMessage_ERROR) IP (RCC) : Invalid parameter (USART1Freq_Value)
2023-10-17 09:11:17,844 [INFO] ImportTextPane:194 - (OptionalMessage_ERROR) IP (RCC) : Invalid parameter (USART2Freq_Value)
2023-10-17 09:11:17,844 [INFO] ImportTextPane:194 - (OptionalMessage_ERROR) IP (RCC) : Invalid parameter (USART3Freq_Value)
2023-10-17 09:11:17,844 [INFO] ImportTextPane:194 - (OptionalMessage_ERROR) IP (RCC) : Invalid parameter (USBFreq_Value)
2023-10-17 09:11:17,844 [INFO] ImportTextPane:194 - (OptionalMessage_ERROR) IP (RCC) : Invalid parameter (VCOOutput2Freq_Value)
2023-10-17 09:11:17,988 [INFO] UtilMem:75 - End LoadConfig() Used Memory: 710471280 Bytes (1067450368)
2023-10-17 09:11:18,000 [WARN] ThirdParty:833 - waiting for thirdparty lock release [change project]
2023-10-17 09:11:18,000 [INFO] ThirdParty:835 - entering critical section [change project]
2023-10-17 09:11:18,000 [INFO] ThirdParty:1030 - CMSIS Pack Vendor :STMicroelectronics X-CUBE-ISPU 1.1.0
2023-10-17 09:11:18,000 [INFO] ThirdParty:1030 - CMSIS Pack Vendor :STMicroelectronics X-CUBE-GNSS1 6.0.0
2023-10-17 09:11:18,000 [INFO] ThirdParty:1030 - CMSIS Pack Vendor :STMicroelectronics USB_HOST 2.0.0
2023-10-17 09:11:18,000 [INFO] ThirdParty:1030 - CMSIS Pack Vendor :STMicroelectronics X-CUBE-AZRTOS-F4 1.1.0
2023-10-17 09:11:18,000 [INFO] ThirdParty:1030 - CMSIS Pack Vendor :STMicroelectronics LIBJPEG 8.0.0
2023-10-17 09:11:18,000 [INFO] ThirdParty:1030 - CMSIS Pack Vendor :wolfSSL I-CUBE-wolfSSL 5.6.3
2023-10-17 09:11:18,000 [INFO] ThirdParty:1030 - CMSIS Pack Vendor :STMicroelectronics X-CUBE-SMBUS 2.1.0
2023-10-17 09:11:18,000 [INFO] ThirdParty:1030 - CMSIS Pack Vendor :STMicroelectronics USB_DEVICE 3.0.0
2023-10-17 09:11:18,000 [INFO] ThirdParty:1030 - CMSIS Pack Vendor :STMicroelectronics X-CUBE-AZRTOS-WB 2.0.0
2023-10-17 09:11:18,000 [INFO] ThirdParty:1030 - CMSIS Pack Vendor :STMicroelectronics X-CUBE-AZRTOS-F7 1.1.0
2023-10-17 09:11:18,000 [INFO] ThirdParty:1030 - CMSIS Pack Vendor :STMicroelectronics X-CUBE-AZRTOS-L5 2.0.0
2023-10-17 09:11:18,000 [INFO] ThirdParty:1030 - CMSIS Pack Vendor :STMicroelectronics USB_DEVICE 2.0.0
2023-10-17 09:11:18,000 [INFO] ThirdParty:1030 - CMSIS Pack Vendor :STMicroelectronics X-CUBE-MEMS1 9.6.0
2023-10-17 09:11:18,000 [INFO] ThirdParty:1030 - CMSIS Pack Vendor :ITTIA_DB I-CUBE-ITTIADB 8.8.0
2023-10-17 09:11:18,000 [INFO] ThirdParty:1030 - CMSIS Pack Vendor :STMicroelectronics FP-SNS-MOTENV1 4.3.2
2023-10-17 09:11:18,000 [INFO] ThirdParty:1030 - CMSIS Pack Vendor :STMicroelectronics X-CUBE-ALGOBUILD 1.3.0
2023-10-17 09:11:18,000 [INFO] ThirdParty:1030 - CMSIS Pack Vendor :STMicroelectronics FreeRTOS 0.0.1
2023-10-17 09:11:18,000 [INFO] ThirdParty:1030 - CMSIS Pack Vendor :STMicroelectronics X-CUBE-AZRTOS-G0 1.1.0
2023-10-17 09:11:18,000 [INFO] ThirdParty:1030 - CMSIS Pack Vendor :STMicroelectronics X-CUBE-BLEMGR 2.0.0
2023-10-17 09:11:18,000 [INFO] ThirdParty:1030 - CMSIS Pack Vendor :STMicroelectronics X-CUBE-NFC4 3.0.0
2023-10-17 09:11:18,000 [INFO] ThirdParty:1030 - CMSIS Pack Vendor :STMicroelectronics X-CUBE-SUBG2 5.0.0
2023-10-17 09:11:18,000 [INFO] ThirdParty:1030 - CMSIS Pack Vendor :STMicroelectronics STM32_WPAN 1.0.0
2023-10-17 09:11:18,000 [INFO] ThirdParty:1030 - CMSIS Pack Vendor :STMicroelectronics lwIP 2.0.3
2023-10-17 09:11:18,000 [INFO] ThirdParty:1030 - CMSIS Pack Vendor :STMicroelectronics FP-SNS-FLIGHT1 5.0.2
2023-10-17 09:11:18,000 [INFO] ThirdParty:1030 - CMSIS Pack Vendor :STMicroelectronics USB_HOST 1.0.0
2023-10-17 09:11:18,000 [INFO] ThirdParty:1030 - CMSIS Pack Vendor :STMicroelectronics X-CUBE-TOF1 3.3.1
2023-10-17 09:11:18,000 [INFO] ThirdParty:1030 - CMSIS Pack Vendor :STMicroelectronics X-CUBE-AZRTOS-G4 2.0.0
2023-10-17 09:11:18,000 [INFO] ThirdParty:1030 - CMSIS Pack Vendor :STMicroelectronics PDM2PCM 3.1.0
2023-10-17 09:11:18,000 [INFO] ThirdParty:1030 - CMSIS Pack Vendor :STMicroelectronics X-CUBE-AZRTOS-H7 3.1.0
2023-10-17 09:11:18,000 [INFO] ThirdParty:1030 - CMSIS Pack Vendor :Infineon AIROC-Wi-Fi-Bluetooth-STM32 1.5.1
2023-10-17 09:11:18,000 [INFO] ThirdParty:1030 - CMSIS Pack Vendor :STMicroelectronics PDM2PCM 3.3.0
2023-10-17 09:11:18,000 [INFO] ThirdParty:1030 - CMSIS Pack Vendor :STMicroelectronics X-CUBE-DISPLAY 3.0.0
2023-10-17 09:11:18,000 [INFO] ThirdParty:1030 - CMSIS Pack Vendor :STMicroelectronics X-CUBE-BLE1 7.0.0
2023-10-17 09:11:18,000 [INFO] ThirdParty:1030 - CMSIS Pack Vendor :STMicroelectronics FP-ATR-SIGFOX1 3.2.0
2023-10-17 09:11:18,000 [INFO] ThirdParty:1030 - CMSIS Pack Vendor :STMicroelectronics HAL Drivers 0.0.0
2023-10-17 09:11:18,000 [INFO] ThirdParty:1030 - CMSIS Pack Vendor :STMicroelectronics MBEDTLS 2.16.2
2023-10-17 09:11:18,000 [INFO] ThirdParty:1030 - CMSIS Pack Vendor :emotas I-CUBE-CANOPEN 1.3.0
2023-10-17 09:11:18,000 [INFO] ThirdParty:1030 - CMSIS Pack Vendor :STMicroelectronics X-CUBE-FREERTOS 1.1.0
2023-10-17 09:11:18,000 [INFO] ThirdParty:1030 - CMSIS Pack Vendor :STMicroelectronics X-CUBE-NFC7 1.0.1
2023-10-17 09:11:18,000 [INFO] ThirdParty:1030 - CMSIS Pack Vendor :STMicroelectronics MBEDTLS 2.14.1
2023-10-17 09:11:18,000 [INFO] ThirdParty:1030 - CMSIS Pack Vendor :STMicroelectronics X-CUBE-TOUCHGFX 4.22.1
2023-10-17 09:11:18,000 [INFO] ThirdParty:1030 - CMSIS Pack Vendor :STMicroelectronics X-CUBE-NFC6 3.0.0
2023-10-17 09:11:18,000 [INFO] ThirdParty:1030 - CMSIS Pack Vendor :STMicroelectronics X-CUBE-EEPRMA1 4.1.0
2023-10-17 09:11:18,000 [INFO] ThirdParty:1030 - CMSIS Pack Vendor :portGmbH I-Cube-SoM-uGOAL 1.1.0
2023-10-17 09:11:18,000 [INFO] ThirdParty:1030 - CMSIS Pack Vendor :STMicroelectronics X-CUBE-ALS 1.0.1
2023-10-17 09:11:18,000 [INFO] ThirdParty:1030 - CMSIS Pack Vendor :STMicroelectronics ThreadX 1.0.0
2023-10-17 09:11:18,000 [INFO] ThirdParty:1030 - CMSIS Pack Vendor :STMicroelectronics FP-SNS-SMARTAG2 1.2.0
2023-10-17 09:11:18,000 [INFO] ThirdParty:1030 - CMSIS Pack Vendor :STMicroelectronics X-CUBE-AZRTOS-WL 2.0.0
2023-10-17 09:11:18,000 [INFO] ThirdParty:1030 - CMSIS Pack Vendor :SEGGER I-CUBE-embOS 1.3.1
2023-10-17 09:11:18,000 [INFO] ThirdParty:1030 - CMSIS Pack Vendor :STMicroelectronics USB_DEVICE 1.0.0
2023-10-17 09:11:18,000 [INFO] ThirdParty:1030 - CMSIS Pack Vendor :STMicroelectronics X-CUBE-AI 8.1.0
2023-10-17 09:11:18,000 [INFO] ThirdParty:1030 - CMSIS Pack Vendor :STMicroelectronics X-CUBE-AZRTOS-L4 2.0.0
2023-10-17 09:11:18,000 [INFO] ThirdParty:1030 - CMSIS Pack Vendor :STMicroelectronics ThreadX 0.0.2
2023-10-17 09:11:18,000 [INFO] ThirdParty:1030 - CMSIS Pack Vendor :WES I-CUBE-Cesium 1.3.0
2023-10-17 09:11:18,000 [INFO] ThirdParty:1030 - CMSIS Pack Vendor :STMicroelectronics FP-ATR-ASTRA1 2.0.0
2023-10-17 09:11:18,000 [INFO] ThirdParty:1030 - CMSIS Pack Vendor :STMicroelectronics lwIP 2.1.2
2023-10-17 09:11:18,000 [INFO] ThirdParty:1030 - CMSIS Pack Vendor :STMicroelectronics X-CUBE-SFXS2LP1 4.0.0
2023-10-17 09:11:18,000 [INFO] ThirdParty:1030 - CMSIS Pack Vendor :STMicroelectronics X-CUBE-BLE2 3.3.0
2023-10-17 09:11:18,000 [INFO] ThirdParty:1030 - CMSIS Pack Vendor :STMicroelectronics PDM2PCM 3.2.0
2023-10-17 09:11:18,000 [INFO] ThirdParty:841 - exiting critical section [change project]
2023-10-17 09:11:18,079 [INFO] PinOutPanel:1499 - setPackage(No Configuration,No Configuration)
2023-10-17 09:11:18,079 [INFO] PinOutPanel:1499 - setPackage(STM32F429ZITx,LQFP144)
2023-10-17 09:11:18,188 [INFO] UtilMem:75 - Before build in PCC Used Memory: 881699328 Bytes (1067450368)
2023-10-17 09:11:18,266 [INFO] UtilMem:75 - After build in PCC Used Memory: 726181728 Bytes (1067450368)
2023-10-17 09:11:18,266 [INFO] IPUIPlugin:80 - create IPUIPlugin
2023-10-17 09:11:18,266 [INFO] IPUIPlugin:80 - create IPUIPlugin
2023-10-17 09:11:18,266 [INFO] IPUIPlugin:80 - create IPUIPlugin
2023-10-17 09:11:18,266 [INFO] IPUIPlugin:80 - create IPUIPlugin
2023-10-17 09:11:18,266 [INFO] IPUIPlugin:80 - create IPUIPlugin
2023-10-17 09:11:18,266 [INFO] IPUIPlugin:80 - create IPUIPlugin
2023-10-17 09:11:18,266 [INFO] IPUIPlugin:80 - create IPUIPlugin
2023-10-17 09:11:18,266 [INFO] IPUIPlugin:80 - create IPUIPlugin
2023-10-17 09:11:18,266 [INFO] IPUIPlugin:80 - create IPUIPlugin
2023-10-17 09:11:18,266 [INFO] IPUIPlugin:80 - create IPUIPlugin
2023-10-17 09:11:18,266 [INFO] IPUIPlugin:80 - create IPUIPlugin
2023-10-17 09:11:18,266 [INFO] IPUIPlugin:80 - create IPUIPlugin
2023-10-17 09:11:18,266 [INFO] IPUIPlugin:80 - create IPUIPlugin
2023-10-17 09:11:18,266 [INFO] IPUIPlugin:80 - create IPUIPlugin
2023-10-17 09:11:18,266 [INFO] IPUIPlugin:80 - create IPUIPlugin
2023-10-17 09:11:18,266 [INFO] IPUIPlugin:80 - create IPUIPlugin
2023-10-17 09:11:18,266 [INFO] IPUIPlugin:80 - create IPUIPlugin
2023-10-17 09:11:18,266 [INFO] IPUIPlugin:80 - create IPUIPlugin
2023-10-17 09:11:18,266 [INFO] IPUIPlugin:80 - create IPUIPlugin
2023-10-17 09:11:18,266 [INFO] IPUIPlugin:80 - create IPUIPlugin
2023-10-17 09:11:18,266 [INFO] IPUIPlugin:80 - create IPUIPlugin
2023-10-17 09:11:18,266 [INFO] IPUIPlugin:80 - create IPUIPlugin
2023-10-17 09:11:18,266 [INFO] IPUIPlugin:80 - create IPUIPlugin
2023-10-17 09:11:18,266 [INFO] IPUIPlugin:80 - create IPUIPlugin
2023-10-17 09:11:18,266 [INFO] IPUIPlugin:80 - create IPUIPlugin
2023-10-17 09:11:18,266 [INFO] IPUIPlugin:80 - create IPUIPlugin
2023-10-17 09:11:18,266 [INFO] IPUIPlugin:80 - create IPUIPlugin
2023-10-17 09:11:18,266 [INFO] IPUIPlugin:80 - create IPUIPlugin
2023-10-17 09:11:18,266 [INFO] IPUIPlugin:80 - create IPUIPlugin
2023-10-17 09:11:18,266 [INFO] IPUIPlugin:80 - create IPUIPlugin
2023-10-17 09:11:18,266 [INFO] IPUIPlugin:80 - create IPUIPlugin
2023-10-17 09:11:18,266 [INFO] IPUIPlugin:80 - create IPUIPlugin
2023-10-17 09:11:18,266 [INFO] IPUIPlugin:80 - create IPUIPlugin
2023-10-17 09:11:18,266 [INFO] IPUIPlugin:80 - create IPUIPlugin
2023-10-17 09:11:18,266 [INFO] IPUIPlugin:80 - create IPUIPlugin
2023-10-17 09:11:18,266 [INFO] IPUIPlugin:80 - create IPUIPlugin
2023-10-17 09:11:18,266 [INFO] IPUIPlugin:80 - create IPUIPlugin
2023-10-17 09:11:18,266 [INFO] IPUIPlugin:80 - create IPUIPlugin
2023-10-17 09:11:18,266 [INFO] IPUIPlugin:80 - create IPUIPlugin
2023-10-17 09:11:18,266 [INFO] IPUIPlugin:80 - create IPUIPlugin
2023-10-17 09:11:18,266 [INFO] IPUIPlugin:80 - create IPUIPlugin
2023-10-17 09:11:18,266 [INFO] IPUIPlugin:80 - create IPUIPlugin
2023-10-17 09:11:18,266 [INFO] IPUIPlugin:80 - create IPUIPlugin
2023-10-17 09:11:18,266 [INFO] IPUIPlugin:80 - create IPUIPlugin
2023-10-17 09:11:18,266 [INFO] IPUIPlugin:80 - create IPUIPlugin
2023-10-17 09:11:18,266 [INFO] IPUIPlugin:80 - create IPUIPlugin
2023-10-17 09:11:18,266 [INFO] IPUIPlugin:80 - create IPUIPlugin
2023-10-17 09:11:18,266 [INFO] IPUIPlugin:80 - create IPUIPlugin
2023-10-17 09:11:18,266 [INFO] IPUIPlugin:80 - create IPUIPlugin
2023-10-17 09:11:18,266 [INFO] IPUIPlugin:80 - create IPUIPlugin
2023-10-17 09:11:18,266 [INFO] IPUIPlugin:80 - create IPUIPlugin
2023-10-17 09:11:18,266 [INFO] IPUIPlugin:80 - create IPUIPlugin
2023-10-17 09:11:18,266 [INFO] IPUIPlugin:80 - create IPUIPlugin
2023-10-17 09:11:18,266 [INFO] IPUIPlugin:80 - create IPUIPlugin
2023-10-17 09:11:18,266 [INFO] IPUIPlugin:80 - create IPUIPlugin
2023-10-17 09:11:18,266 [INFO] IPUIPlugin:80 - create IPUIPlugin
2023-10-17 09:11:18,266 [INFO] IPUIPlugin:80 - create IPUIPlugin
2023-10-17 09:11:18,266 [INFO] IPUIPlugin:80 - create IPUIPlugin
2023-10-17 09:11:18,266 [INFO] IPUIPlugin:80 - create IPUIPlugin
2023-10-17 09:11:18,266 [INFO] IPUIPlugin:80 - create IPUIPlugin
2023-10-17 09:11:18,266 [INFO] IPUIPlugin:80 - create IPUIPlugin
2023-10-17 09:11:18,266 [INFO] IPUIPlugin:80 - create IPUIPlugin
2023-10-17 09:11:18,266 [INFO] IPUIPlugin:80 - create IPUIPlugin
2023-10-17 09:11:18,266 [INFO] IPUIPlugin:80 - create IPUIPlugin
2023-10-17 09:11:18,266 [INFO] IPUIPlugin:80 - create IPUIPlugin
2023-10-17 09:11:18,282 [INFO] IPUIPlugin:80 - create IPUIPlugin
2023-10-17 09:11:18,282 [INFO] ApiDbMcu:507 - Load IP Config File for PDM2PCM
2023-10-17 09:11:18,297 [INFO] CADModel:165 - CPN selected for project levelSTM32F429ZIT6
2023-10-17 09:11:18,297 [INFO] CADModel:114 - Register for checkConnection events
2023-10-17 09:11:18,344 [INFO] OpenFileManager:328 - Restore cursor
